#
# A fatal error has been detected by the Java Runtime Environment:
#
#  SIGSEGV (0xb) at pc=0x00007ff8027a4f7a, pid=31527, tid=94727
#
# JRE version: OpenJDK Runtime Environment Temurin-11.0.17+8 (11.0.17+8) (build 11.0.17+8)
# Java VM: OpenJDK 64-Bit Server VM Temurin-11.0.17+8 (11.0.17+8, mixed mode, tiered, compressed oops, g1 gc, bsd-amd64)
# Problematic frame:
# C  [libobjc.A.dylib+0x8f7a]  objc_release+0x2a
#
# No core dump will be written. Core dumps have been disabled. To enable core dumping, try "ulimit -c unlimited" before starting Java again
#
# If you would like to submit a bug report, please visit:
#   https://github.com/adoptium/adoptium-support/issues
# The crash happened outside the Java Virtual Machine in native code.
# See problematic frame for where to report the bug.
#

---------------  S U M M A R Y ------------

Command Line: -Dfile.encoding=UTF-8 mygame.Main

Host: MacBookPro18,2 x86_64 2400 MHz, 10 cores, 32G, Darwin 22.4.0
Time: Sat May 20 21:44:42 2023 CEST elapsed time: 4.753558 seconds (0d 0h 0m 4s)

---------------  T H R E A D  ---------------

Current thread (0x00007fb965307800):  JavaThread "jME3 Main" [_thread_in_native, id=94727, stack(0x00000003075af000,0x00000003076af000)]

Stack: [0x00000003075af000,0x00000003076af000],  sp=0x00000003076ae4c8,  free space=1021k
Native frames: (J=compiled Java code, A=aot compiled Java code, j=interpreted, Vv=VM code, C=native code)
C  [libobjc.A.dylib+0x8f7a]  objc_release+0x2a
C  [libobjc.A.dylib+0x9c39]  objc_autoreleasePoolPop+0xe3
C  [CoreFoundation+0x3fb66]  _CFAutoreleasePoolPop+0x16
C  [Foundation+0x1f38d]  -[NSAutoreleasePool release]+0x85
C  [liblwjgl.dylib+0x16cce]  Java_org_lwjgl_opengl_MacOSXContextImplementation_setView+0x10e
j  org.lwjgl.opengl.MacOSXContextImplementation.setView(Ljava/nio/ByteBuffer;Ljava/nio/ByteBuffer;)V+0
j  org.lwjgl.opengl.MacOSXContextImplementation.makeCurrent(Lorg/lwjgl/opengl/PeerInfo;Ljava/nio/ByteBuffer;)V+7
j  org.lwjgl.opengl.ContextGL.makeCurrent()V+46
j  org.lwjgl.opengl.DrawableGL.makeCurrent()V+14
j  org.lwjgl.opengl.Display.makeCurrent()V+3
j  org.lwjgl.opengl.Display.makeCurrentAndSetSwapInterval()V+0
j  org.lwjgl.opengl.Display.create(Lorg/lwjgl/opengl/PixelFormat;Lorg/lwjgl/opengl/Drawable;Lorg/lwjgl/opengl/ContextAttribs;)V+108
j  org.lwjgl.opengl.Display.create(Lorg/lwjgl/opengl/PixelFormat;)V+12
j  com.jme3.system.lwjgl.LwjglDisplay.createContext(Lcom/jme3/system/AppSettings;)V+394
j  com.jme3.system.lwjgl.LwjglAbstractDisplay.initInThread()Z+25
j  com.jme3.system.lwjgl.LwjglAbstractDisplay.run()V+36
j  java.lang.Thread.run()V+11 java.base@11.0.17
v  ~StubRoutines::call_stub
V  [libjvm.dylib+0x3b892a]  JavaCalls::call_helper(JavaValue*, methodHandle const&, JavaCallArguments*, Thread*)+0x1fe
V  [libjvm.dylib+0x3b7d90]  JavaCalls::call_virtual(JavaValue*, Klass*, Symbol*, Symbol*, JavaCallArguments*, Thread*)+0xee
V  [libjvm.dylib+0x3b7e4c]  JavaCalls::call_virtual(JavaValue*, Handle, Klass*, Symbol*, Symbol*, Thread*)+0x62
V  [libjvm.dylib+0x43ee00]  thread_entry(JavaThread*, Thread*)+0x78
V  [libjvm.dylib+0x77eb9a]  JavaThread::thread_main_inner()+0x82
V  [libjvm.dylib+0x77e9ee]  JavaThread::run()+0x122
V  [libjvm.dylib+0x77c908]  Thread::call_run()+0x68
V  [libjvm.dylib+0x62acf0]  thread_native_entry(Thread*)+0x125
C  [libsystem_pthread.dylib+0x61d3]  _pthread_start+0x7d
C  [libsystem_pthread.dylib+0x1bd3]  thread_start+0xf

Java frames: (J=compiled Java code, j=interpreted, Vv=VM code)
j  org.lwjgl.opengl.MacOSXContextImplementation.setView(Ljava/nio/ByteBuffer;Ljava/nio/ByteBuffer;)V+0
j  org.lwjgl.opengl.MacOSXContextImplementation.makeCurrent(Lorg/lwjgl/opengl/PeerInfo;Ljava/nio/ByteBuffer;)V+7
j  org.lwjgl.opengl.ContextGL.makeCurrent()V+46
j  org.lwjgl.opengl.DrawableGL.makeCurrent()V+14
j  org.lwjgl.opengl.Display.makeCurrent()V+3
j  org.lwjgl.opengl.Display.makeCurrentAndSetSwapInterval()V+0
j  org.lwjgl.opengl.Display.create(Lorg/lwjgl/opengl/PixelFormat;Lorg/lwjgl/opengl/Drawable;Lorg/lwjgl/opengl/ContextAttribs;)V+108
j  org.lwjgl.opengl.Display.create(Lorg/lwjgl/opengl/PixelFormat;)V+12
j  com.jme3.system.lwjgl.LwjglDisplay.createContext(Lcom/jme3/system/AppSettings;)V+394
j  com.jme3.system.lwjgl.LwjglAbstractDisplay.initInThread()Z+25
j  com.jme3.system.lwjgl.LwjglAbstractDisplay.run()V+36
j  java.lang.Thread.run()V+11 java.base@11.0.17
v  ~StubRoutines::call_stub

siginfo: si_signo: 11 (SIGSEGV), si_code: 1 (SEGV_MAPERR), si_addr: 0x00003cdc2a6fda90

Register to memory mapping:

RAX=0x00003cdc2a6fda70 is an unknown value
RBX=0x0000000000000001 is an unknown value
RCX=0x00007fb953a6a0f8 points into unknown readable memory: 0xa3a3a3a3a3a3a3a3 | a3 a3 a3 a3 a3 a3 a3 a3
RDX=0x00003cdc2a6fda70 is an unknown value
RSP=0x00000003076ae4c8 is pointing into the stack for thread: 0x00007fb965307800
RBP=0x00000003076ae500 is pointing into the stack for thread: 0x00007fb965307800
RSI=0x0100000000000000 is an unknown value
RDI=0x0000600003deda70 points into unknown readable memory: 0x00003cdc2a6fda70 | 70 da 6f 2a dc 3c 00 00
R8 =0x00007ffffffffff8 is an unknown value
R9 =0x0 is NULL
R10=0x00007ff84621b160: OBJC_CLASS_$___NSCFType+0 in /System/Library/Frameworks/CoreFoundation.framework/Versions/A/CoreFoundation at 0x00007ff802b96000
R11=0x00007ff802be8360: -[__NSCFType release]+0 in /System/Library/Frameworks/CoreFoundation.framework/Versions/A/CoreFoundation at 0x00007ff802b96000
R12=0xa3a3a3a3a3a3a3a3 is an unknown value
R13=0x0000600003deda70 points into unknown readable memory: 0x00003cdc2a6fda70 | 70 da 6f 2a dc 3c 00 00
R14=0x00007fb953a6a000 points into unknown readable memory: 0x4f545541a1a1a1a1 | a1 a1 a1 a1 41 55 54 4f
R15=0x00007fb953a6a0b8 points into unknown readable memory: 0x0000000000000000 | 00 00 00 00 00 00 00 00


Registers:
RAX=0x00003cdc2a6fda70, RBX=0x0000000000000001, RCX=0x00007fb953a6a0f8, RDX=0x00003cdc2a6fda70
RSP=0x00000003076ae4c8, RBP=0x00000003076ae500, RSI=0x0100000000000000, RDI=0x0000600003deda70
R8 =0x00007ffffffffff8, R9 =0x0000000000000000, R10=0x00007ff84621b160, R11=0x00007ff802be8360
R12=0xa3a3a3a3a3a3a3a3, R13=0x0000600003deda70, R14=0x00007fb953a6a000, R15=0x00007fb953a6a0b8
RIP=0x00007ff8027a4f7a, EFLAGS=0x0000000000000246, ERR=0x0000000000000004
  TRAPNO=0x000000000000000e

Top of Stack: (sp=0x00000003076ae4c8)
0x00000003076ae4c8:   00007ff8027a88ec 6ef59792ecc2001b
0x00000003076ae4d8:   00007fb953a6a000 0000600003d412c0
0x00000003076ae4e8:   000000017e85c600 00007fb953a6a0b8
0x00000003076ae4f8:   0000600003d412c0 00000003076ae520
0x00000003076ae508:   00007ff8027a5c39 00007fb953a6a0b8
0x00000003076ae518:   00007ff82221a61d 00000003076ae540
0x00000003076ae528:   00007ff802bd5b66 6ef59792ecc2001b
0x00000003076ae538:   000060000177c180 00000003076ae580
0x00000003076ae548:   00007ff8039bb38d 00007ff8429ade10
0x00000003076ae558:   0000000000000000 6ef59792ecc2001b
0x00000003076ae568:   000060000177c180 0000600003dd6df0
0x00000003076ae578:   00007fb965307b48 00000003076ae5b0
0x00000003076ae588:   0000000180209cce 000000017e85c608
0x00000003076ae598:   0000000000000000 00000003076ae640
0x00000003076ae5a8:   00007fb965307800 00000003076ae618
0x00000003076ae5b8:   000000011447979b 00000000000000b8
0x00000003076ae5c8:   00000001144794b6 00000003076ae5d0
0x00000003076ae5d8:   000000017e85c600 00000003076ae640
0x00000003076ae5e8:   000000017e85cbb0 0000000000000000
0x00000003076ae5f8:   0000000602282538 000000017e85c608
0x00000003076ae608:   0000000000000000 00000003076ae638
0x00000003076ae618:   00000003076ae690 0000000114474267
0x00000003076ae628:   0000000602282538 00000001144769f8
0x00000003076ae638:   000000060228d080 00000006025fb5e8
0x00000003076ae648:   00000003076ae648 000000017e85c4ff
0x00000003076ae658:   00000003076ae6c0 000000017e85cbb0
0x00000003076ae668:   0000000000000000 0000000602282538
0x00000003076ae678:   000000017e85c570 00000003076ae638
0x00000003076ae688:   00000003076ae6b0 00000003076ae720
0x00000003076ae698:   00000001144742ac 0000000000000000
0x00000003076ae6a8:   00000006025fb5e8 000000060228d080
0x00000003076ae6b8:   00000006025fb528 0000000602282660 

Instructions: (pc=0x00007ff8027a4f7a)
0x00007ff8027a4e7a:   48 89 c6 e8 0d 99 01 00 84 c0 75 23 66 f0 41 81
0x00007ff8027a4e8a:   4e 1e 00 80 48 8b 05 3b 8e c9 41 48 8b 00 48 3b
0x00007ff8027a4e9a:   45 e0 75 2c 48 83 c4 48 5b 41 5e 41 5f 5d c3 31
0x00007ff8027a4eaa:   c0 83 3d 82 45 cd 41 00 74 da 0f b6 d0 4c 89 f7
0x00007ff8027a4eba:   be 02 00 00 00 e8 8d f1 01 00 eb c8 b0 01 eb e1
0x00007ff8027a4eca:   e8 7f fb 01 00 90 90 90 90 90 90 90 90 90 e9 0e
0x00007ff8027a4eda:   00 00 00 90 90 90 90 90 90 90 90 90 90 90 90 90
0x00007ff8027a4eea:   90 40 f6 c7 01 75 4e 48 8b 07 a8 01 74 34 48 b9
0x00007ff8027a4efa:   00 00 00 00 00 00 00 01 48 89 c2 48 c1 ea 37 74
0x00007ff8027a4f0a:   34 48 89 c2 48 01 ca 72 12 f0 48 0f b1 17 74 25
0x00007ff8027a4f1a:   a8 01 75 e4 31 f6 e9 05 db 01 00 31 f6 e9 e4 74
0x00007ff8027a4f2a:   00 00 48 b9 f8 ff ff ff ff 7f 00 00 48 21 c8 f6
0x00007ff8027a4f3a:   40 1e 01 74 df 48 89 f8 c3 90 90 90 90 90 90 90
0x00007ff8027a4f4a:   90 90 90 90 90 90 48 85 ff 0f 84 9c 00 00 00 89
0x00007ff8027a4f5a:   f8 83 e0 01 48 85 c0 0f 85 8e 00 00 00 49 b8 f8
0x00007ff8027a4f6a:   ff ff ff ff 7f 00 00 48 8b 07 48 89 c2 4c 21 c2
0x00007ff8027a4f7a:   48 8b 72 20 40 f6 c6 04 74 72 a8 01 0f 84 8c 00
0x00007ff8027a4f8a:   00 00 48 ba 00 00 00 00 00 00 80 00 48 be 00 00
0x00007ff8027a4f9a:   00 00 00 00 00 01 48 39 d0 72 50 48 89 c1 48 29
0x00007ff8027a4faa:   f1 72 17 f0 48 0f b1 0f 74 3c a8 01 75 e8 31 f6
0x00007ff8027a4fba:   ba 01 00 00 00 e9 c0 d5 01 00 48 85 d0 75 57 4c
0x00007ff8027a4fca:   23 07 41 0f b7 40 1e 0f ba e0 0c 48 8d 05 7c ca
0x00007ff8027a4fda:   f9 3f 48 8d 0d 15 ca f9 3f 48 0f 43 c8 48 8b 31
0x00007ff8027a4fea:   ff 25 20 b3 f9 3f 48 39 d1 72 d4 c3 66 83 7a 1e
0x00007ff8027a4ffa:   00 79 0e 83 e6 02 48 85 f6 74 06 f6 42 28 02 75
0x00007ff8027a500a:   1f 48 8b 35 46 cb f9 3f ff 25 f8 b2 f9 3f f6 42
0x00007ff8027a501a:   1e 01 74 9a eb d5 be 01 00 00 00 e9 2c 92 00 00
0x00007ff8027a502a:   48 8b 05 9f 12 a6 43 ff e0 90 90 90 90 90 90 90
0x00007ff8027a503a:   90 90 90 90 90 e9 04 00 00 00 90 90 90 90 55 48
0x00007ff8027a504a:   89 e5 53 50 48 89 fb f6 c3 01 75 21 48 b8 07 00
0x00007ff8027a505a:   00 00 00 00 a0 00 48 23 03 48 83 f8 01 75 15 48
0x00007ff8027a506a:   89 df 48 83 c4 08 5b 5d e9 af fa 01 00 48 83 c4 


Stack slot to memory mapping:
stack at sp + 0 slots: 0x00007ff8027a88ec: _ZN19AutoreleasePoolPage12releaseUntilEPP11objc_object+0xa8 in /usr/lib/libobjc.A.dylib at 0x00007ff80279c000
stack at sp + 1 slots: 0x6ef59792ecc2001b is an unknown value
stack at sp + 2 slots: 0x00007fb953a6a000 points into unknown readable memory: 0x4f545541a1a1a1a1 | a1 a1 a1 a1 41 55 54 4f
stack at sp + 3 slots: 0x0000600003d412c0 points into unknown readable memory: 0x011dfff846221769 | 69 17 22 46 f8 ff 1d 01
stack at sp + 4 slots: 0x000000017e85c600 is pointing into metadata
stack at sp + 5 slots: 0x00007fb953a6a0b8 points into unknown readable memory: 0x0000000000000000 | 00 00 00 00 00 00 00 00
stack at sp + 6 slots: 0x0000600003d412c0 points into unknown readable memory: 0x011dfff846221769 | 69 17 22 46 f8 ff 1d 01
stack at sp + 7 slots: 0x00000003076ae520 is pointing into the stack for thread: 0x00007fb965307800


---------------  P R O C E S S  ---------------

Threads class SMR info:
_java_thread_list=0x000060000331fcc0, length=18, elements={
0x00007fb965011000, 0x00007fb965862800, 0x00007fb965865800, 0x00007fb965864800,
0x00007fb965867000, 0x00007fb965013000, 0x00007fb965014000, 0x00007fb965825000,
0x00007fb933830000, 0x00007fb965b24000, 0x00007fb95396b000, 0x00007fb965b47800,
0x00007fb9651f8800, 0x00007fb964306000, 0x00007fb9652f7000, 0x00007fb953a39000,
0x00007fb965307800, 0x00007fb965308000
}

Java Threads: ( => current thread )
  0x00007fb965011000 JavaThread "Reference Handler" daemon [_thread_blocked, id=18179, stack(0x00000003055fe000,0x00000003056fe000)]
  0x00007fb965862800 JavaThread "Finalizer" daemon [_thread_blocked, id=22019, stack(0x0000000305701000,0x0000000305801000)]
  0x00007fb965865800 JavaThread "Signal Dispatcher" daemon [_thread_blocked, id=30723, stack(0x0000000305913000,0x0000000305a13000)]
  0x00007fb965864800 JavaThread "Service Thread" daemon [_thread_blocked, id=24323, stack(0x0000000305a16000,0x0000000305b16000)]
  0x00007fb965867000 JavaThread "C2 CompilerThread0" daemon [_thread_blocked, id=29955, stack(0x0000000305b19000,0x0000000305c19000)]
  0x00007fb965013000 JavaThread "C1 CompilerThread0" daemon [_thread_blocked, id=25091, stack(0x0000000305c1c000,0x0000000305d1c000)]
  0x00007fb965014000 JavaThread "Sweeper thread" daemon [_thread_blocked, id=25347, stack(0x0000000305d1f000,0x0000000305e1f000)]
  0x00007fb965825000 JavaThread "Common-Cleaner" daemon [_thread_blocked, id=28419, stack(0x0000000305f25000,0x0000000306025000)]
  0x00007fb933830000 JavaThread "AppKit Thread" daemon [_thread_in_native, id=259, stack(0x0000000304666000,0x0000000304e66000)]
  0x00007fb965b24000 JavaThread "AWT-Shutdown" [_thread_blocked, id=64003, stack(0x00000003060af000,0x00000003061af000)]
  0x00007fb95396b000 JavaThread "AWT-EventQueue-0" [_thread_blocked, id=65547, stack(0x0000000306456000,0x0000000306556000)]
  0x00007fb965b47800 JavaThread "Java2D Queue Flusher" daemon [_thread_blocked, id=86531, stack(0x0000000306559000,0x0000000306659000)]
  0x00007fb9651f8800 JavaThread "Java2D Disposer" daemon [_thread_blocked, id=53807, stack(0x000000030665c000,0x000000030675c000)]
  0x00007fb964306000 JavaThread "Timer-0" daemon [_thread_blocked, id=76055, stack(0x000000030675f000,0x000000030685f000)]
  0x00007fb9652f7000 JavaThread "Image Fetcher 0" daemon [_thread_blocked, id=87555, stack(0x0000000306862000,0x0000000306962000)]
  0x00007fb953a39000 JavaThread "TimerQueue" daemon [_thread_blocked, id=128547, stack(0x0000000306965000,0x0000000306a65000)]
=>0x00007fb965307800 JavaThread "jME3 Main" [_thread_in_native, id=94727, stack(0x00000003075af000,0x00000003076af000)]
  0x00007fb965308000 JavaThread "DestroyJavaVM" [_thread_blocked, id=16131, stack(0x0000000304ee9000,0x0000000304fe9000)]

Other Threads:
  0x00007fb965010000 VMThread "VM Thread" [stack: 0x00000003054fb000,0x00000003055fb000] [id=19971]
  0x00007fb965012000 WatcherThread [stack: 0x0000000305e22000,0x0000000305f22000] [id=26927]
  0x00007fb96501a800 GCTaskThread "GC Thread#0" [stack: 0x0000000304fec000,0x00000003050ec000] [id=14339]
  0x00007fb965d44800 GCTaskThread "GC Thread#1" [stack: 0x0000000306d97000,0x0000000306e97000] [id=92295]
  0x00007fb8f4068800 GCTaskThread "GC Thread#2" [stack: 0x0000000306e9a000,0x0000000306f9a000] [id=124419]
  0x00007fb9657ed800 GCTaskThread "GC Thread#3" [stack: 0x0000000306f9d000,0x000000030709d000] [id=124163]
  0x00007fb9657fe800 GCTaskThread "GC Thread#4" [stack: 0x00000003070a0000,0x00000003071a0000] [id=92931]
  0x00007fb8f4069800 GCTaskThread "GC Thread#5" [stack: 0x00000003071a3000,0x00000003072a3000] [id=123907]
  0x00007fb8f406a000 GCTaskThread "GC Thread#6" [stack: 0x00000003072a6000,0x00000003073a6000] [id=93443]
  0x00007fb8f406b000 GCTaskThread "GC Thread#7" [stack: 0x00000003073a9000,0x00000003074a9000] [id=123395]
  0x00007fb9657ff000 GCTaskThread "GC Thread#8" [stack: 0x00000003074ac000,0x00000003075ac000] [id=122883]
  0x00007fb96504b000 ConcurrentGCThread "G1 Main Marker" [stack: 0x00000003050ef000,0x00000003051ef000] [id=13827]
  0x00007fb96504b800 ConcurrentGCThread "G1 Conc#0" [stack: 0x00000003051f2000,0x00000003052f2000] [id=21507]
  0x00007fb95392c800 ConcurrentGCThread "G1 Refine#0" [stack: 0x00000003052f5000,0x00000003053f5000] [id=20995]
  0x00007fb95392d000 ConcurrentGCThread "G1 Young RemSet Sampling" [stack: 0x00000003053f8000,0x00000003054f8000] [id=17155]

Threads with active compile tasks:

VM state:not at safepoint (normal execution)

VM Mutex/Monitor currently owned by a thread: None

Heap address: 0x0000000600000000, size: 8192 MB, Compressed Oops mode: Zero based, Oop shift amount: 3
Narrow klass base: 0x0000000800000000, Narrow klass shift: 0
Compressed class space size: 1073741824 Address: 0x0000000800000000

Heap:
 garbage-first heap   total 40960K, used 12342K [0x0000000600000000, 0x0000000800000000)
  region size 2048K, 3 young (6144K), 0 survivors (0K)
 Metaspace       used 20978K, capacity 21503K, committed 21888K, reserved 1069056K
  class space    used 2253K, capacity 2431K, committed 2432K, reserved 1048576K
Heap Regions: E=young(eden), S=young(survivor), O=old, HS=humongous(starts), HC=humongous(continues), CS=collection set, F=free, A=archive, TAMS=top-at-mark-start (previous, next)
|   0|0x0000000600000000, 0x0000000600200000, 0x0000000600200000|100%|HS|  |TAMS 0x0000000600000000, 0x0000000600000000| Untracked 
|   1|0x0000000600200000, 0x00000006003ffff8, 0x0000000600400000| 99%| O|  |TAMS 0x0000000600200000, 0x0000000600200000| Untracked 
|   2|0x0000000600400000, 0x00000006005f75c0, 0x0000000600600000| 98%| O|  |TAMS 0x0000000600400000, 0x0000000600400000| Untracked 
|   3|0x0000000600600000, 0x00000006007ffb08, 0x0000000600800000| 99%| O|  |TAMS 0x0000000600600000, 0x0000000600600000| Untracked 
|   4|0x0000000600800000, 0x000000060080b0f0, 0x0000000600a00000|  2%| O|  |TAMS 0x0000000600800000, 0x0000000600800000| Untracked 
|   5|0x0000000600a00000, 0x0000000600a0ba48, 0x0000000600c00000|  2%| O|  |TAMS 0x0000000600a00000, 0x0000000600a00000| Untracked 
|   6|0x0000000600c00000, 0x0000000600c00000, 0x0000000600e00000|  0%| F|  |TAMS 0x0000000600c00000, 0x0000000600c00000| Untracked 
|   7|0x0000000600e00000, 0x0000000600e00000, 0x0000000601000000|  0%| F|  |TAMS 0x0000000600e00000, 0x0000000600e00000| Untracked 
|   8|0x0000000601000000, 0x0000000601000000, 0x0000000601200000|  0%| F|  |TAMS 0x0000000601000000, 0x0000000601000000| Untracked 
|   9|0x0000000601200000, 0x0000000601200000, 0x0000000601400000|  0%| F|  |TAMS 0x0000000601200000, 0x0000000601200000| Untracked 
|  10|0x0000000601400000, 0x0000000601400000, 0x0000000601600000|  0%| F|  |TAMS 0x0000000601400000, 0x0000000601400000| Untracked 
|  11|0x0000000601600000, 0x0000000601600000, 0x0000000601800000|  0%| F|  |TAMS 0x0000000601600000, 0x0000000601600000| Untracked 
|  12|0x0000000601800000, 0x0000000601800000, 0x0000000601a00000|  0%| F|  |TAMS 0x0000000601800000, 0x0000000601800000| Untracked 
|  13|0x0000000601a00000, 0x0000000601a00000, 0x0000000601c00000|  0%| F|  |TAMS 0x0000000601a00000, 0x0000000601a00000| Untracked 
|  14|0x0000000601c00000, 0x0000000601c00000, 0x0000000601e00000|  0%| F|  |TAMS 0x0000000601c00000, 0x0000000601c00000| Untracked 
|  15|0x0000000601e00000, 0x0000000601e00000, 0x0000000602000000|  0%| F|  |TAMS 0x0000000601e00000, 0x0000000601e00000| Untracked 
|  16|0x0000000602000000, 0x0000000602000000, 0x0000000602200000|  0%| F|  |TAMS 0x0000000602000000, 0x0000000602000000| Untracked 
|  17|0x0000000602200000, 0x0000000602297c68, 0x0000000602400000| 29%| E|  |TAMS 0x0000000602200000, 0x0000000602200000| Complete 
|  18|0x0000000602400000, 0x0000000602600000, 0x0000000602600000|100%| E|CS|TAMS 0x0000000602400000, 0x0000000602400000| Complete 
|  19|0x0000000602600000, 0x0000000602800000, 0x0000000602800000|100%| E|CS|TAMS 0x0000000602600000, 0x0000000602600000| Complete 

Card table byte_map: [0x000000012446a000,0x000000012546a000] _byte_map_base: 0x000000012146a000

Marking Bits (Prev, Next): (CMBitMap*) 0x00007fb96503a418, (CMBitMap*) 0x00007fb96503a450
 Prev Bits: [0x000000012646a000, 0x000000012e46a000)
 Next Bits: [0x000000012e46a000, 0x000000013646a000)

Polling page: 0x00000001006b4000

Metaspace:

Usage:
  Non-class:     18.62 MB capacity,    18.29 MB ( 98%) used,   295.34 KB (  2%) free+waste,    51.81 KB ( <1%) overhead. 
      Class:      2.37 MB capacity,     2.20 MB ( 93%) used,   151.14 KB (  6%) free+waste,    26.69 KB (  1%) overhead. 
       Both:     21.00 MB capacity,    20.49 MB ( 98%) used,   446.48 KB (  2%) free+waste,    78.50 KB ( <1%) overhead. 

Virtual space:
  Non-class space:       20.00 MB reserved,      19.00 MB ( 95%) committed 
      Class space:        1.00 GB reserved,       2.38 MB ( <1%) committed 
             Both:        1.02 GB reserved,      21.38 MB (  2%) committed 

Chunk freelists:
   Non-Class:  132.00 KB
       Class:  1.00 KB
        Both:  133.00 KB

MaxMetaspaceSize: unlimited
CompressedClassSpaceSize: 1.00 GB
Initial GC threshold: 20.80 MB
Current GC threshold: 31.67 MB
CDS: off

CodeHeap 'non-profiled nmethods': size=120032Kb used=573Kb max_used=573Kb free=119458Kb
 bounds [0x000000011bf32000, 0x000000011c1a2000, 0x000000012346a000]
CodeHeap 'profiled nmethods': size=120028Kb used=3078Kb max_used=3078Kb free=116949Kb
 bounds [0x00000001149fb000, 0x0000000114d0b000, 0x000000011bf32000]
CodeHeap 'non-nmethods': size=5700Kb used=1352Kb max_used=1363Kb free=4347Kb
 bounds [0x000000011446a000, 0x00000001146da000, 0x00000001149fb000]
 total_blobs=2368 nmethods=1693 adapters=589
 compilation: enabled
              stopped_count=0, restarted_count=0
 full_count=0

Compilation events (20 events):
Event: 4.707 Thread 0x00007fb965013000 nmethod 1684 0x0000000114cf9810 code [0x0000000114cf99c0, 0x0000000114cf9af0]
Event: 4.707 Thread 0x00007fb965013000 1685   !   3       jdk.internal.reflect.ReflectionFactory::checkInitted (94 bytes)
Event: 4.708 Thread 0x00007fb965013000 nmethod 1685 0x0000000114cf9b90 code [0x0000000114cf9e60, 0x0000000114cfa970]
Event: 4.708 Thread 0x00007fb965013000 1689       3       java.lang.reflect.Field::setFieldAccessor (34 bytes)
Event: 4.708 Thread 0x00007fb965013000 nmethod 1689 0x0000000114cfad10 code [0x0000000114cfaf00, 0x0000000114cfb340]
Event: 4.708 Thread 0x00007fb965013000 1687       1       java.lang.reflect.Field::getType (5 bytes)
Event: 4.708 Thread 0x00007fb965013000 nmethod 1687 0x000000011bfc0990 code [0x000000011bfc0b40, 0x000000011bfc0bf0]
Event: 4.708 Thread 0x00007fb965013000 1686       3       java.lang.reflect.ReflectAccess::getRoot (5 bytes)
Event: 4.708 Thread 0x00007fb965013000 nmethod 1686 0x0000000114cfb410 code [0x0000000114cfb5c0, 0x0000000114cfb780]
Event: 4.708 Thread 0x00007fb965013000 1688       1       java.lang.reflect.Field::getRoot (5 bytes)
Event: 4.709 Thread 0x00007fb965013000 nmethod 1688 0x000000011bfc0c90 code [0x000000011bfc0e40, 0x000000011bfc0ef0]
Event: 4.710 Thread 0x00007fb965867000 nmethod 1683 0x000000011bfc0f90 code [0x000000011bfc1120, 0x000000011bfc13f8]
Event: 4.711 Thread 0x00007fb965013000 1690       3       java.lang.Short::valueOf (37 bytes)
Event: 4.712 Thread 0x00007fb965013000 nmethod 1690 0x0000000114cfb890 code [0x0000000114cfba60, 0x0000000114cfbd70]
Event: 4.712 Thread 0x00007fb965013000 1691       3       java.lang.Short::hashCode (8 bytes)
Event: 4.712 Thread 0x00007fb965013000 nmethod 1691 0x0000000114cfbf10 code [0x0000000114cfc0c0, 0x0000000114cfc210]
Event: 4.712 Thread 0x00007fb965013000 1692       3       java.nio.Buffer::remaining (20 bytes)
Event: 4.712 Thread 0x00007fb965013000 nmethod 1692 0x0000000114cfc310 code [0x0000000114cfc4c0, 0x0000000114cfc610]
Event: 4.713 Thread 0x00007fb965013000 1693       3       java.util.ArrayDeque::elementAt (4 bytes)
Event: 4.713 Thread 0x00007fb965013000 nmethod 1693 0x0000000114cfc690 code [0x0000000114cfc840, 0x0000000114cfc950]

GC Heap History (4 events):
Event: 4.503 GC heap before
{Heap before GC invocations=0 (full 0):
 garbage-first heap   total 524288K, used 18432K [0x0000000600000000, 0x0000000800000000)
  region size 2048K, 10 young (20480K), 0 survivors (0K)
 Metaspace       used 18797K, capacity 19237K, committed 19456K, reserved 1067008K
  class space    used 2051K, capacity 2253K, committed 2304K, reserved 1048576K
}
Event: 4.523 GC heap after
{Heap after GC invocations=1 (full 1):
 garbage-first heap   total 69632K, used 8246K [0x0000000600000000, 0x0000000800000000)
  region size 2048K, 0 young (0K), 0 survivors (0K)
 Metaspace       used 18797K, capacity 19237K, committed 19456K, reserved 1067008K
  class space    used 2051K, capacity 2253K, committed 2304K, reserved 1048576K
}
Event: 4.524 GC heap before
{Heap before GC invocations=1 (full 1):
 garbage-first heap   total 69632K, used 8246K [0x0000000600000000, 0x0000000800000000)
  region size 2048K, 1 young (2048K), 0 survivors (0K)
 Metaspace       used 18797K, capacity 19237K, committed 19456K, reserved 1067008K
  class space    used 2051K, capacity 2253K, committed 2304K, reserved 1048576K
}
Event: 4.532 GC heap after
{Heap after GC invocations=2 (full 2):
 garbage-first heap   total 40960K, used 8246K [0x0000000600000000, 0x0000000800000000)
  region size 2048K, 0 young (0K), 0 survivors (0K)
 Metaspace       used 18797K, capacity 19237K, committed 19456K, reserved 1067008K
  class space    used 2051K, capacity 2253K, committed 2304K, reserved 1048576K
}

Deoptimization events (20 events):
Event: 4.593 Thread 0x00007fb96580f800 DEOPT PACKING pc=0x000000011bf36b94 sp=0x0000000304fe8110
Event: 4.593 Thread 0x00007fb96580f800 DEOPT UNPACKING pc=0x00000001144b3e9f sp=0x0000000304fe8070 mode 2
Event: 4.621 Thread 0x00007fb965307800 Uncommon trap: trap_request=0xffffff4d fr.pc=0x000000011bf7a458 relative=0x0000000000000518
Event: 4.621 Thread 0x00007fb965307800 Uncommon trap: reason=unstable_if action=reinterpret pc=0x000000011bf7a458 method=java.lang.AbstractStringBuilder.append(Ljava/lang/String;)Ljava/lang/AbstractStringBuilder; @ 1 c2
Event: 4.621 Thread 0x00007fb965307800 DEOPT PACKING pc=0x000000011bf7a458 sp=0x00000003076ac350
Event: 4.621 Thread 0x00007fb965307800 DEOPT UNPACKING pc=0x00000001144b3e9f sp=0x00000003076ac2e0 mode 2
Event: 4.621 Thread 0x00007fb965307800 Uncommon trap: trap_request=0xffffff4d fr.pc=0x000000011bf747b0 relative=0x00000000000004f0
Event: 4.621 Thread 0x00007fb965307800 Uncommon trap: reason=unstable_if action=reinterpret pc=0x000000011bf747b0 method=java.lang.AbstractStringBuilder.append(Ljava/lang/String;)Ljava/lang/AbstractStringBuilder; @ 1 c2
Event: 4.621 Thread 0x00007fb965307800 DEOPT PACKING pc=0x000000011bf747b0 sp=0x00000003076ac2f0
Event: 4.621 Thread 0x00007fb965307800 DEOPT UNPACKING pc=0x00000001144b3e9f sp=0x00000003076ac2d8 mode 2
Event: 4.648 Thread 0x00007fb965307800 Uncommon trap: trap_request=0xffffff4d fr.pc=0x000000011bf8d414 relative=0x0000000000000354
Event: 4.648 Thread 0x00007fb965307800 Uncommon trap: reason=unstable_if action=reinterpret pc=0x000000011bf8d414 method=java.lang.StringLatin1.canEncode(I)Z @ 4 c2
Event: 4.648 Thread 0x00007fb965307800 DEOPT PACKING pc=0x000000011bf8d414 sp=0x00000003076ae430
Event: 4.648 Thread 0x00007fb965307800 DEOPT UNPACKING pc=0x00000001144b3e9f sp=0x00000003076ae3b0 mode 2
Event: 4.658 Thread 0x00007fb965307800 Uncommon trap: trap_request=0xffffff4d fr.pc=0x000000011bf519d4 relative=0x0000000000000034
Event: 4.658 Thread 0x00007fb965307800 Uncommon trap: reason=unstable_if action=reinterpret pc=0x000000011bf519d4 method=java.lang.StringLatin1.canEncode(I)Z @ 4 c2
Event: 4.658 Thread 0x00007fb965307800 DEOPT PACKING pc=0x000000011bf519d4 sp=0x00000003076ae3f0
Event: 4.658 Thread 0x00007fb965307800 DEOPT UNPACKING pc=0x00000001144b3e9f sp=0x00000003076ae3a0 mode 2
Event: 4.669 Thread 0x00007fb965307800 DEOPT PACKING pc=0x0000000114a5f73a sp=0x00000003076ade00
Event: 4.669 Thread 0x00007fb965307800 DEOPT UNPACKING pc=0x00000001144b462b sp=0x00000003076ad288 mode 0

Classes redefined (0 events):
No events

Internal exceptions (20 events):
Event: 0.824 Thread 0x00007fb95396b000 Exception <a 'java/lang/NoSuchMethodError'{0x000000061f458330}: 'java.lang.Object java.lang.invoke.DirectMethodHandle$Holder.invokeStatic(java.lang.Object, java.lang.Object, java.lang.Object, java.lang.Object, java.lang.Object, java.lang.Object, java.lang.Object, java.lang.Object, java.lang.Object, java.lang.Object, java.lang.Object, int, int)'> (0x000000061f458330) thrown at [./src/hotspot/share/interpreter/linkResolver.cpp, line 773]
Event: 0.829 Thread 0x00007fb95396b000 Exception <a 'java/lang/NoSuchMethodError'{0x000000061f4770c0}: 'java.lang.Object java.lang.invoke.DirectMethodHandle$Holder.invokeStatic(java.lang.Object, java.lang.Object, java.lang.Object, java.lang.Object, java.lang.Object, java.lang.Object, java.lang.Object, java.lang.Object, java.lang.Object, java.lang.Object, java.lang.Object, int, int, java.lang.Object)'> (0x000000061f4770c0) thrown at [./src/hotspot/share/interpreter/linkResolver.cpp, line 773]
Event: 0.835 Thread 0x00007fb95396b000 Exception <a 'java/lang/NoSuchMethodError'{0x000000061f497758}: 'java.lang.Object java.lang.invoke.DirectMethodHandle$Holder.invokeStatic(java.lang.Object, java.lang.Object, java.lang.Object, java.lang.Object, java.lang.Object, java.lang.Object, java.lang.Object, java.lang.Object, java.lang.Object, java.lang.Object, java.lang.Object, int, int, java.lang.Object, java.lang.Object)'> (0x000000061f497758) thrown at [./src/hotspot/share/interpreter/linkResolver.cpp, line 773]
Event: 0.995 Thread 0x00007fb95396b000 Exception <a 'java/lang/NoSuchMethodError'{0x000000061f334548}: 'java.lang.Object java.lang.invoke.DirectMethodHandle$Holder.invokeStatic(java.lang.Object, java.lang.Object, java.lang.Object, int, java.lang.Object)'> (0x000000061f334548) thrown at [./src/hotspot/share/interpreter/linkResolver.cpp, line 773]
Event: 0.996 Thread 0x00007fb95396b000 Exception <a 'java/lang/NoSuchMethodError'{0x000000061f33b380}: 'java.lang.Object java.lang.invoke.Invokers$Holder.linkToTargetMethod(java.lang.Object, java.lang.Object, int, java.lang.Object, java.lang.Object)'> (0x000000061f33b380) thrown at [./src/hotspot/share/interpreter/linkResolver.cpp, line 773]
Event: 1.015 Thread 0x00007fb95396b000 Exception <a 'java/lang/NoSuchMethodError'{0x000000061f33f168}: 'void java.lang.invoke.DirectMethodHandle$Holder.invokeStatic(java.lang.Object, int, long)'> (0x000000061f33f168) thrown at [./src/hotspot/share/interpreter/linkResolver.cpp, line 773]
Event: 1.017 Thread 0x00007fb95396b000 Exception <a 'java/lang/NoSuchMethodError'{0x000000061f346cb8}: 'void java.lang.invoke.DirectMethodHandle$Holder.invokeSpecial(java.lang.Object, java.lang.Object)'> (0x000000061f346cb8) thrown at [./src/hotspot/share/interpreter/linkResolver.cpp, line 773]
Event: 1.021 Thread 0x00007fb95396b000 Exception <a 'java/lang/NoSuchMethodError'{0x000000061f352430}: 'java.lang.Object java.lang.invoke.DirectMethodHandle$Holder.invokeStatic(java.lang.Object, int, int, int, int)'> (0x000000061f352430) thrown at [./src/hotspot/share/interpreter/linkResolver.cpp, line 773]
Event: 1.021 Thread 0x00007fb95396b000 Exception <a 'java/lang/NoSuchMethodError'{0x000000061f355ad0}: 'java.lang.Object java.lang.invoke.DirectMethodHandle$Holder.invokeSpecial(java.lang.Object, java.lang.Object, int, int, int, int)'> (0x000000061f355ad0) thrown at [./src/hotspot/share/interpreter/linkResolver.cpp, line 773]
Event: 1.021 Thread 0x00007fb95396b000 Exception <a 'java/lang/NoSuchMethodError'{0x000000061f358c10}: 'java.lang.Object java.lang.invoke.Invokers$Holder.linkToTargetMethod(int, int, int, int, java.lang.Object)'> (0x000000061f358c10) thrown at [./src/hotspot/share/interpreter/linkResolver.cpp, line 773]
Event: 1.022 Thread 0x00007fb95396b000 Exception <a 'java/lang/NoSuchMethodError'{0x000000061f35beb0}: 'void java.lang.invoke.DirectMethodHandle$Holder.invokeStatic(java.lang.Object, java.lang.Object, long)'> (0x000000061f35beb0) thrown at [./src/hotspot/share/interpreter/linkResolver.cpp, line 773]
Event: 1.037 Thread 0x00007fb933830000 Exception <a 'java/lang/NoSuchMethodError'{0x000000061f649128}: 'void java.lang.invoke.DirectMethodHandle$Holder.invokeSpecial(java.lang.Object, java.lang.Object, long)'> (0x000000061f649128) thrown at [./src/hotspot/share/interpreter/linkResolver.cpp, line 773]
Event: 1.968 Thread 0x00007fb933830000 Exception <a 'java/lang/NoSuchMethodError'{0x000000061f655818}: 'void java.lang.invoke.DirectMethodHandle$Holder.invokeStatic(java.lang.Object, long)'> (0x000000061f655818) thrown at [./src/hotspot/share/interpreter/linkResolver.cpp, line 773]
Event: 1.971 Thread 0x00007fb95396b000 Exception <a 'java/lang/NoSuchMethodError'{0x000000061f0da598}: 'void java.lang.invoke.DirectMethodHandle$Holder.invokeStatic(java.lang.Object, long, long)'> (0x000000061f0da598) thrown at [./src/hotspot/share/interpreter/linkResolver.cpp, line 773]
Event: 1.971 Thread 0x00007fb95396b000 Exception <a 'java/lang/NoSuchMethodError'{0x000000061f0dfa30}: 'java.lang.Object java.lang.invoke.DirectMethodHandle$Holder.invokeStatic(java.lang.Object, long)'> (0x000000061f0dfa30) thrown at [./src/hotspot/share/interpreter/linkResolver.cpp, line 773]
Event: 1.976 Thread 0x00007fb95396b000 Exception <a 'java/lang/NoSuchMethodError'{0x000000061f0ee9a0}: 'java.lang.Object java.lang.invoke.Invokers$Holder.linkToTargetMethod(java.lang.Object, int, java.lang.Object)'> (0x000000061f0ee9a0) thrown at [./src/hotspot/share/interpreter/linkResolver.cpp, line 773]
Event: 2.032 Thread 0x00007fb95396b000 Exception <a 'java/lang/NoSuchMethodError'{0x000000061f12f6d0}: 'java.lang.Object java.lang.invoke.DirectMethodHandle$Holder.invokeStatic(java.lang.Object, int, int, java.lang.Object, java.lang.Object, java.lang.Object)'> (0x000000061f12f6d0) thrown at [./src/hotspot/share/interpreter/linkResolver.cpp, line 773]
Event: 4.577 Thread 0x00007fb96580f800 Exception <a 'java/lang/ClassNotFoundException'{0x0000000602783a78}: sun/util/logging/resources/spi/loggingProvider> (0x0000000602783a78) thrown at [./src/hotspot/share/classfile/systemDictionary.cpp, line 230]
Event: 4.621 Thread 0x00007fb965307800 Implicit null exception at 0x000000011bf79f74 to 0x000000011bf7a444
Event: 4.621 Thread 0x00007fb965307800 Implicit null exception at 0x000000011bf742f4 to 0x000000011bf7479c

Events (20 events):
Event: 4.705 loading class java/awt/IllegalComponentStateException
Event: 4.705 loading class java/awt/IllegalComponentStateException done
Event: 4.706 loading class org/lwjgl/input/Keyboard
Event: 4.706 loading class org/lwjgl/input/Keyboard done
Event: 4.708 loading class org/lwjgl/input/Keyboard$KeyEvent
Event: 4.708 loading class org/lwjgl/input/Keyboard$KeyEvent done
Event: 4.708 loading class org/lwjgl/opengl/MacOSXNativeKeyboard
Event: 4.708 loading class org/lwjgl/opengl/MacOSXNativeKeyboard done
Event: 4.711 loading class org/lwjgl/opengl/ContextGL
Event: 4.711 loading class org/lwjgl/opengl/ContextGL done
Event: 4.712 loading class org/lwjgl/opengl/ContextImplementation
Event: 4.712 loading class org/lwjgl/opengl/ContextImplementation done
Event: 4.713 loading class org/lwjgl/opengl/MacOSXContextImplementation
Event: 4.713 loading class org/lwjgl/opengl/MacOSXContextImplementation done
Event: 4.713 loading class org/lwjgl/opengl/GLContext
Event: 4.713 loading class org/lwjgl/opengl/GLContext done
Event: 4.713 loading class java/lang/NumberFormatException
Event: 4.713 loading class java/lang/NumberFormatException done
Event: 4.714 loading class org/lwjgl/opengl/GLContext$CapabilitiesCacheEntry
Event: 4.714 loading class org/lwjgl/opengl/GLContext$CapabilitiesCacheEntry done


Dynamic libraries:
0x0000000108c32000 	/Applications/jmonkeyplatform.app/Contents/Resources/jmonkeyplatform/jdk/lib/jli/libjli.dylib
0x00007ff81c544000 	/System/Library/Frameworks/Cocoa.framework/Versions/A/Cocoa
0x00007ff805bc4000 	/System/Library/Frameworks/AppKit.framework/Versions/C/AppKit
0x00007ff8088c8000 	/System/Library/Frameworks/CoreData.framework/Versions/A/CoreData
0x00007ff80399c000 	/System/Library/Frameworks/Foundation.framework/Versions/C/Foundation
0x00007ff80f027000 	/usr/lib/libSystem.B.dylib
0x00007ff806bcc000 	/System/Library/PrivateFrameworks/UIFoundation.framework/Versions/A/UIFoundation
0x00007ffb04f0f000 	/System/Library/PrivateFrameworks/CollectionViewCore.framework/Versions/A/CollectionViewCore
0x00007ff81647e000 	/System/Library/PrivateFrameworks/RemoteViewServices.framework/Versions/A/RemoteViewServices
0x00007ff80ce20000 	/System/Library/PrivateFrameworks/XCTTargetBootstrap.framework/Versions/A/XCTTargetBootstrap
0x00007ff811f6a000 	/System/Library/PrivateFrameworks/InternationalSupport.framework/Versions/A/InternationalSupport
0x00007ff811ff3000 	/System/Library/PrivateFrameworks/UserActivity.framework/Versions/A/UserActivity
0x00007ffb1bcba000 	/System/Library/PrivateFrameworks/WindowManagement.framework/Versions/A/WindowManagement
0x00007ff80368b000 	/System/Library/Frameworks/SystemConfiguration.framework/Versions/A/SystemConfiguration
0x00007ff81134a000 	/usr/lib/libspindump.dylib
0x00007ff806d9a000 	/System/Library/Frameworks/UniformTypeIdentifiers.framework/Versions/A/UniformTypeIdentifiers
0x00007ff80afe5000 	/usr/lib/libapp_launch_measurement.dylib
0x00007ff809d4d000 	/System/Library/PrivateFrameworks/CoreAnalytics.framework/Versions/A/CoreAnalytics
0x00007ff80afe8000 	/System/Library/PrivateFrameworks/CoreAutoLayout.framework/Versions/A/CoreAutoLayout
0x00007ff80c68d000 	/System/Library/Frameworks/Metal.framework/Versions/A/Metal
0x00007ff80d5a9000 	/usr/lib/liblangid.dylib
0x00007ff80ce25000 	/System/Library/PrivateFrameworks/CoreSVG.framework/Versions/A/CoreSVG
0x00007ff8076fe000 	/System/Library/PrivateFrameworks/SkyLight.framework/Versions/A/SkyLight
0x00007ff807aef000 	/System/Library/Frameworks/CoreGraphics.framework/Versions/A/CoreGraphics
0x00007ff816b63000 	/System/Library/Frameworks/Accelerate.framework/Versions/A/Accelerate
0x00007ff810dbb000 	/System/Library/PrivateFrameworks/IconServices.framework/Versions/A/IconServices
0x00007ff80c66e000 	/System/Library/Frameworks/IOSurface.framework/Versions/A/IOSurface
0x00007ff809d78000 	/usr/lib/libDiagnosticMessagesClient.dylib
0x00007ff80ef38000 	/usr/lib/libz.1.dylib
0x00007ff81a216000 	/System/Library/Frameworks/ApplicationServices.framework/Versions/A/ApplicationServices
0x00007ff80ce0c000 	/System/Library/PrivateFrameworks/DFRFoundation.framework/Versions/A/DFRFoundation
0x00007ff805490000 	/usr/lib/libicucore.A.dylib
0x00007ff812e04000 	/System/Library/Frameworks/AudioToolbox.framework/Versions/A/AudioToolbox
0x00007ff811f75000 	/System/Library/PrivateFrameworks/DataDetectorsCore.framework/Versions/A/DataDetectorsCore
0x00007ff90a51a000 	/System/Library/PrivateFrameworks/TextInput.framework/Versions/A/TextInput
0x00007ff807667000 	/usr/lib/libMobileGestalt.dylib
0x00007ff80cb14000 	/System/Library/Frameworks/Carbon.framework/Versions/A/Frameworks/HIToolbox.framework/Versions/A/HIToolbox
0x00007ff80a972000 	/System/Library/Frameworks/QuartzCore.framework/Versions/A/QuartzCore
0x00007ff805103000 	/System/Library/Frameworks/Security.framework/Versions/A/Security
0x00007ff8164b6000 	/System/Library/Frameworks/Carbon.framework/Versions/A/Frameworks/SpeechRecognition.framework/Versions/A/SpeechRecognition
0x00007ff80ad24000 	/System/Library/PrivateFrameworks/CoreUI.framework/Versions/A/CoreUI
0x00007ff804a51000 	/System/Library/Frameworks/CoreAudio.framework/Versions/A/CoreAudio
0x00007ff809e51000 	/System/Library/Frameworks/DiskArbitration.framework/Versions/A/DiskArbitration
0x00007ff811766000 	/System/Library/PrivateFrameworks/MultitouchSupport.framework/Versions/A/MultitouchSupport
0x00007ff807666000 	/usr/lib/libenergytrace.dylib
0x00007ff805aa5000 	/System/Library/Frameworks/IOKit.framework/Versions/A/IOKit
0x00007ff8168b3000 	/System/Library/Frameworks/CoreServices.framework/Versions/A/CoreServices
0x00007ff80af7d000 	/System/Library/PrivateFrameworks/PerformanceAnalysis.framework/Versions/A/PerformanceAnalysis
0x00007ffa1a041000 	/System/Library/Frameworks/OpenGL.framework/Versions/A/OpenGL
0x00007ff80b030000 	/usr/lib/libxml2.2.dylib
0x00007ff80e3d2000 	/System/Library/PrivateFrameworks/MobileKeyBag.framework/Versions/A/MobileKeyBag
0x00007ff80279c000 	/usr/lib/libobjc.A.dylib
0x00007ff802a66000 	/usr/lib/libc++.1.dylib
0x00007ff8082fe000 	/System/Library/Frameworks/ColorSync.framework/Versions/A/ColorSync
0x00007ff802b96000 	/System/Library/Frameworks/CoreFoundation.framework/Versions/A/CoreFoundation
0x00007ff80d175000 	/System/Library/Frameworks/CoreImage.framework/Versions/A/CoreImage
0x00007ff80485f000 	/System/Library/Frameworks/CoreText.framework/Versions/A/CoreText
0x00007ff80ce5c000 	/System/Library/Frameworks/ImageIO.framework/Versions/A/ImageIO
0x00007ff80f02d000 	/System/Library/PrivateFrameworks/SoftLinking.framework/Versions/A/SoftLinking
0x00007ff80f2ae000 	/usr/lib/libcompression.dylib
0x00007ff811ea3000 	/System/Library/PrivateFrameworks/TextureIO.framework/Versions/A/TextureIO
0x00007ff8109e5000 	/usr/lib/libate.dylib
0x00007ff80f021000 	/usr/lib/system/libcache.dylib
0x00007ff80efd8000 	/usr/lib/system/libcommonCrypto.dylib
0x00007ff80f005000 	/usr/lib/system/libcompiler_rt.dylib
0x00007ff80eff7000 	/usr/lib/system/libcopyfile.dylib
0x00007ff8028cf000 	/usr/lib/system/libcorecrypto.dylib
0x00007ff802993000 	/usr/lib/system/libdispatch.dylib
0x00007ff802b3d000 	/usr/lib/system/libdyld.dylib
0x00007ff80f017000 	/usr/lib/system/libkeymgr.dylib
0x00007ff80efb7000 	/usr/lib/system/libmacho.dylib
0x00007ff80e4c0000 	/usr/lib/system/libquarantine.dylib
0x00007ff80f015000 	/usr/lib/system/libremovefile.dylib
0x00007ff8076cc000 	/usr/lib/system/libsystem_asl.dylib
0x00007ff802870000 	/usr/lib/system/libsystem_blocks.dylib
0x00007ff8029de000 	/usr/lib/system/libsystem_c.dylib
0x00007ff80f00d000 	/usr/lib/system/libsystem_collections.dylib
0x00007ff80d59a000 	/usr/lib/system/libsystem_configuration.dylib
0x00007ff80c63f000 	/usr/lib/system/libsystem_containermanager.dylib
0x00007ff80ec6c000 	/usr/lib/system/libsystem_coreservices.dylib
0x00007ff805721000 	/usr/lib/system/libsystem_darwin.dylib
0x00007ff80f018000 	/usr/lib/system/libsystem_dnssd.dylib
0x00007ff8029db000 	/usr/lib/system/libsystem_featureflags.dylib
0x00007ff802b6b000 	/usr/lib/system/libsystem_info.dylib
0x00007ff80ef4b000 	/usr/lib/system/libsystem_m.dylib
0x00007ff802966000 	/usr/lib/system/libsystem_malloc.dylib
0x00007ff80764f000 	/usr/lib/system/libsystem_networkextension.dylib
0x00007ff805b62000 	/usr/lib/system/libsystem_notify.dylib
0x00007ff80d59e000 	/usr/lib/system/libsystem_sandbox.dylib
0x00007ff80f012000 	/usr/lib/system/libsystem_secinit.dylib
0x00007ff802af7000 	/usr/lib/system/libsystem_kernel.dylib
0x00007ff802b61000 	/usr/lib/system/libsystem_platform.dylib
0x00007ff802b31000 	/usr/lib/system/libsystem_pthread.dylib
0x00007ff809110000 	/usr/lib/system/libsystem_symptoms.dylib
0x00007ff8028b5000 	/usr/lib/system/libsystem_trace.dylib
0x00007ff80efe4000 	/usr/lib/system/libunwind.dylib
0x00007ff802874000 	/usr/lib/system/libxpc.dylib
0x00007ff802ae2000 	/usr/lib/libc++abi.dylib
0x00007ff80efef000 	/usr/lib/liboah.dylib
0x00007ff810773000 	/usr/lib/liblzma.5.dylib
0x00007ff80f029000 	/usr/lib/libfakelink.dylib
0x00007ff8072ae000 	/System/Library/Frameworks/CFNetwork.framework/Versions/A/CFNetwork
0x00007ff80f166000 	/usr/lib/libarchive.2.dylib
0x00007ff81474d000 	/System/Library/Frameworks/Combine.framework/Versions/A/Combine
0x00007ff8128a2000 	/usr/lib/swift/libswiftCore.dylib
0x00007ff9074f1000 	/usr/lib/swift/libswiftCoreFoundation.dylib
0x00007ff9055c7000 	/usr/lib/swift/libswiftDarwin.dylib
0x00007ff8180fd000 	/usr/lib/swift/libswiftDispatch.dylib
0x00007ff90750d000 	/usr/lib/swift/libswiftIOKit.dylib
0x00007ff81a655000 	/usr/lib/swift/libswiftObjectiveC.dylib
0x00007ff907502000 	/usr/lib/swift/libswiftXPC.dylib
0x00007ffc0279c000 	/usr/lib/swift/libswift_Concurrency.dylib
0x00007ffc028d9000 	/usr/lib/swift/libswift_StringProcessing.dylib
0x00007ff81a659000 	/usr/lib/swift/libswiftos.dylib
0x00007ff805a28000 	/System/Library/PrivateFrameworks/CoreServicesInternal.framework/Versions/A/CoreServicesInternal
0x00007ff80e4e7000 	/usr/lib/libbsm.0.dylib
0x00007ff80efbc000 	/usr/lib/system/libkxld.dylib
0x00007ff80afb1000 	/System/Library/Frameworks/CoreServices.framework/Versions/A/Frameworks/FSEvents.framework/Versions/A/FSEvents
0x00007ff80572c000 	/System/Library/Frameworks/CoreServices.framework/Versions/A/Frameworks/CarbonCore.framework/Versions/A/CarbonCore
0x00007ff809dbb000 	/System/Library/Frameworks/CoreServices.framework/Versions/A/Frameworks/Metadata.framework/Versions/A/Metadata
0x00007ff80ec72000 	/System/Library/Frameworks/CoreServices.framework/Versions/A/Frameworks/OSServices.framework/Versions/A/OSServices
0x00007ff80f1ee000 	/System/Library/Frameworks/CoreServices.framework/Versions/A/Frameworks/SearchKit.framework/Versions/A/SearchKit
0x00007ff809094000 	/System/Library/Frameworks/CoreServices.framework/Versions/A/Frameworks/AE.framework/Versions/A/AE
0x00007ff803031000 	/System/Library/Frameworks/CoreServices.framework/Versions/A/Frameworks/LaunchServices.framework/Versions/A/LaunchServices
0x00007ff810724000 	/System/Library/Frameworks/CoreServices.framework/Versions/A/Frameworks/DictionaryServices.framework/Versions/A/DictionaryServices
0x00007ff80afbe000 	/System/Library/Frameworks/CoreServices.framework/Versions/A/Frameworks/SharedFileList.framework/Versions/A/SharedFileList
0x00007ff80f278000 	/usr/lib/libapple_nghttp2.dylib
0x00007ff8072aa000 	/usr/lib/libnetwork.dylib
0x00007ff808d46000 	/usr/lib/libsqlite3.dylib
0x00007ff809118000 	/System/Library/Frameworks/Network.framework/Versions/A/Network
0x00007ffb216db000 	/usr/lib/libCoreEntitlements.dylib
0x00007ffb0e918000 	/System/Library/PrivateFrameworks/MessageSecurity.framework/Versions/A/MessageSecurity
0x00007ff808d2d000 	/System/Library/PrivateFrameworks/ProtocolBuffer.framework/Versions/A/ProtocolBuffer
0x00007ff80eb8e000 	/System/Library/PrivateFrameworks/AppleFSCompression.framework/Versions/A/AppleFSCompression
0x00007ff80e4cf000 	/usr/lib/libcoretls.dylib
0x00007ff81078c000 	/usr/lib/libcoretls_cfhelpers.dylib
0x00007ff80f2a8000 	/usr/lib/libpam.2.dylib
0x00007ff8107fe000 	/usr/lib/libxar.1.dylib
0x00007ff810d97000 	/usr/lib/libheimdal-asn1.dylib
0x00007ff80f02e000 	/usr/lib/libpcap.A.dylib
0x00007ff809107000 	/usr/lib/libdns_services.dylib
0x00007ff80d5a5000 	/System/Library/PrivateFrameworks/AppleSystemInfo.framework/Versions/A/AppleSystemInfo
0x00007ff80e1d9000 	/System/Library/PrivateFrameworks/IOMobileFramebuffer.framework/Versions/A/IOMobileFramebuffer
0x00007ff80ec5d000 	/usr/lib/libbz2.1.0.dylib
0x00007ff80e4c3000 	/usr/lib/libCheckFix.dylib
0x00007ff8076e3000 	/System/Library/PrivateFrameworks/TCC.framework/Versions/A/TCC
0x00007ff80d5ab000 	/System/Library/PrivateFrameworks/CoreNLP.framework/Versions/A/CoreNLP
0x00007ff809d7a000 	/System/Library/PrivateFrameworks/MetadataUtilities.framework/Versions/A/MetadataUtilities
0x00007ff80e4f8000 	/usr/lib/libmecab.dylib
0x00007ff80370b000 	/usr/lib/libCRFSuite.dylib
0x00007ff80e551000 	/usr/lib/libgermantok.dylib
0x00007ff80f254000 	/usr/lib/libThaiTokenizer.dylib
0x00007ff809e59000 	/System/Library/Frameworks/Accelerate.framework/Versions/A/Frameworks/vImage.framework/Versions/A/vImage
0x00007ff816886000 	/System/Library/Frameworks/Accelerate.framework/Versions/A/Frameworks/vecLib.framework/Versions/A/vecLib
0x00007ff810840000 	/System/Library/Frameworks/Accelerate.framework/Versions/A/Frameworks/vecLib.framework/Versions/A/libvMisc.dylib
0x00007ff80dfd4000 	/System/Library/Frameworks/Accelerate.framework/Versions/A/Frameworks/vecLib.framework/Versions/A/libvDSP.dylib
0x00007ff8033ee000 	/System/Library/Frameworks/Accelerate.framework/Versions/A/Frameworks/vecLib.framework/Versions/A/libBLAS.dylib
0x00007ff80f38c000 	/System/Library/Frameworks/Accelerate.framework/Versions/A/Frameworks/vecLib.framework/Versions/A/libLAPACK.dylib
0x00007ff80e554000 	/System/Library/Frameworks/Accelerate.framework/Versions/A/Frameworks/vecLib.framework/Versions/A/libLinearAlgebra.dylib
0x00007ff80f293000 	/System/Library/Frameworks/Accelerate.framework/Versions/A/Frameworks/vecLib.framework/Versions/A/libSparseBLAS.dylib
0x00007ff80f386000 	/System/Library/Frameworks/Accelerate.framework/Versions/A/Frameworks/vecLib.framework/Versions/A/libQuadrature.dylib
0x00007ff80d691000 	/System/Library/Frameworks/Accelerate.framework/Versions/A/Frameworks/vecLib.framework/Versions/A/libBNNS.dylib
0x00007ff803614000 	/System/Library/Frameworks/Accelerate.framework/Versions/A/Frameworks/vecLib.framework/Versions/A/libSparse.dylib
0x00007ffb0db56000 	/System/Library/PrivateFrameworks/MIL.framework/Versions/A/MIL
0x00007ff80f063000 	/usr/lib/libiconv.2.dylib
0x00007ff80efb6000 	/usr/lib/libcharset.1.dylib
0x00007ff80af95000 	/System/Library/Frameworks/OpenDirectory.framework/Versions/A/Frameworks/CFOpenDirectory.framework/Versions/A/CFOpenDirectory
0x00007ff80af89000 	/System/Library/Frameworks/OpenDirectory.framework/Versions/A/OpenDirectory
0x00007ff81078e000 	/System/Library/PrivateFrameworks/APFS.framework/Versions/A/APFS
0x00007ff80e405000 	/System/Library/Frameworks/SecurityFoundation.framework/Versions/A/SecurityFoundation
0x00007ff81080c000 	/usr/lib/libutil.dylib
0x00007ffb0caca000 	/System/Library/PrivateFrameworks/InstalledContentLibrary.framework/Versions/A/InstalledContentLibrary
0x00007ff805a68000 	/System/Library/PrivateFrameworks/CoreServicesStore.framework/Versions/A/CoreServicesStore
0x00007ffb03aad000 	/System/Library/PrivateFrameworks/AppleMobileFileIntegrity.framework/Versions/A/AppleMobileFileIntegrity
0x00007ff9074d3000 	/usr/lib/libmis.dylib
0x00007ff915d47000 	/System/Library/PrivateFrameworks/MobileSystemServices.framework/Versions/A/MobileSystemServices
0x00007ffa11967000 	/System/Library/PrivateFrameworks/ConfigProfileHelper.framework/Versions/A/ConfigProfileHelper
0x00007ff80f256000 	/System/Library/PrivateFrameworks/AppleSauce.framework/Versions/A/AppleSauce
0x00007ff804325000 	/System/Library/PrivateFrameworks/LanguageModeling.framework/Versions/A/LanguageModeling
0x00007ff810810000 	/usr/lib/libxslt.1.dylib
0x00007ff80f155000 	/usr/lib/libcmph.dylib
0x00007ff80e1c6000 	/System/Library/PrivateFrameworks/CoreEmoji.framework/Versions/A/CoreEmoji
0x00007ff80d68c000 	/System/Library/PrivateFrameworks/LinguisticData.framework/Versions/A/LinguisticData
0x00007ff8035cb000 	/System/Library/PrivateFrameworks/Lexicon.framework/Versions/A/Lexicon
0x00007ff80e493000 	/System/Library/PrivateFrameworks/BackgroundTaskManagement.framework/Versions/A/BackgroundTaskManagement
0x00007ffb2181d000 	/usr/lib/libTLE.dylib
0x00007ffc02822000 	/usr/lib/swift/libswift_RegexParser.dylib
0x00007ff811630000 	/System/Library/PrivateFrameworks/AppleJPEG.framework/Versions/A/AppleJPEG
0x00007ff810d7c000 	/usr/lib/libexpat.1.dylib
0x00007ff811d00000 	/System/Library/Frameworks/ImageIO.framework/Versions/A/Resources/libPng.dylib
0x00007ff811d2d000 	/System/Library/Frameworks/ImageIO.framework/Versions/A/Resources/libTIFF.dylib
0x00007ff811e1d000 	/System/Library/Frameworks/ImageIO.framework/Versions/A/Resources/libGIF.dylib
0x00007ff81167b000 	/System/Library/Frameworks/ImageIO.framework/Versions/A/Resources/libJP2.dylib
0x00007ff811dbd000 	/System/Library/Frameworks/ImageIO.framework/Versions/A/Resources/libJPEG.dylib
0x00007ff811db4000 	/System/Library/Frameworks/ImageIO.framework/Versions/A/Resources/libRadiance.dylib
0x00007ff80c9ad000 	/System/Library/PrivateFrameworks/FontServices.framework/libFontParser.dylib
0x00007ff809039000 	/System/Library/PrivateFrameworks/RunningBoardServices.framework/Versions/A/RunningBoardServices
0x00007ff81cbee000 	/System/Library/PrivateFrameworks/IOSurfaceAccelerator.framework/Versions/A/IOSurfaceAccelerator
0x00007ff811762000 	/System/Library/PrivateFrameworks/WatchdogClient.framework/Versions/A/WatchdogClient
0x00007ff80448b000 	/System/Library/Frameworks/CoreDisplay.framework/Versions/A/CoreDisplay
0x00007ff80c89c000 	/System/Library/Frameworks/CoreMedia.framework/Versions/A/CoreMedia
0x00007ff80c684000 	/System/Library/PrivateFrameworks/IOAccelerator.framework/Versions/A/IOAccelerator
0x00007ff80b10f000 	/System/Library/Frameworks/CoreVideo.framework/Versions/A/CoreVideo
0x00007ff80f2a6000 	/System/Library/Frameworks/MetalPerformanceShaders.framework/Versions/A/MetalPerformanceShaders
0x00007ff8117a1000 	/System/Library/Frameworks/VideoToolbox.framework/Versions/A/VideoToolbox
0x00007ff808f77000 	/System/Library/PrivateFrameworks/BaseBoard.framework/Versions/A/BaseBoard
0x00007ff811dad000 	/System/Library/PrivateFrameworks/GPUWrangler.framework/Versions/A/GPUWrangler
0x00007ff811d91000 	/System/Library/PrivateFrameworks/IOPresentment.framework/Versions/A/IOPresentment
0x00007ff811db7000 	/System/Library/PrivateFrameworks/DSExternalDisplay.framework/Versions/A/DSExternalDisplay
0x00007ffb09030000 	/System/Library/PrivateFrameworks/GPUCompiler.framework/Versions/31001/Libraries/libllvm-flatbuffers.dylib
0x00007ffa1a035000 	/System/Library/Frameworks/OpenGL.framework/Versions/A/Libraries/libCoreFSCache.dylib
0x00007ffb0902c000 	/System/Library/PrivateFrameworks/GPUCompiler.framework/Versions/31001/Libraries/libGPUCompilerUtils.dylib
0x00007ff811e23000 	/System/Library/PrivateFrameworks/CMCaptureCore.framework/Versions/A/CMCaptureCore
0x00007ffa1dce8000 	/System/Library/Frameworks/ExtensionFoundation.framework/Versions/A/ExtensionFoundation
0x00007ff818894000 	/System/Library/PrivateFrameworks/CoreTime.framework/Versions/A/CoreTime
0x00007ff811335000 	/System/Library/PrivateFrameworks/AppServerSupport.framework/Versions/A/AppServerSupport
0x00007ff8136b8000 	/System/Library/PrivateFrameworks/perfdata.framework/Versions/A/perfdata
0x00007ff8045b7000 	/System/Library/PrivateFrameworks/AudioToolboxCore.framework/Versions/A/AudioToolboxCore
0x00007ff80c877000 	/System/Library/PrivateFrameworks/caulk.framework/Versions/A/caulk
0x00007ff812f95000 	/usr/lib/libAudioStatistics.dylib
0x00007ff906979000 	/System/Library/PrivateFrameworks/SystemPolicy.framework/Versions/A/SystemPolicy
0x00007ff81322e000 	/usr/lib/libSMC.dylib
0x00007ff81c3e2000 	/System/Library/Frameworks/CoreMIDI.framework/Versions/A/CoreMIDI
0x00007ff811cce000 	/usr/lib/libAudioToolboxUtility.dylib
0x00007ff821d79000 	/System/Library/PrivateFrameworks/OSAServicesClient.framework/Versions/A/OSAServicesClient
0x00007ff8136c5000 	/usr/lib/libperfcheck.dylib
0x00007ff810c5c000 	/System/Library/PrivateFrameworks/PlugInKit.framework/Versions/A/PlugInKit
0x00007ff80e3f8000 	/System/Library/PrivateFrameworks/AssertionServices.framework/Versions/A/AssertionServices
0x00007ffa1a092000 	/System/Library/Frameworks/OpenGL.framework/Versions/A/Libraries/libGLU.dylib
0x00007ffa1a054000 	/System/Library/Frameworks/OpenGL.framework/Versions/A/Libraries/libGFXShared.dylib
0x00007ffa1a253000 	/System/Library/Frameworks/OpenGL.framework/Versions/A/Libraries/libGL.dylib
0x00007ffa1a05d000 	/System/Library/Frameworks/OpenGL.framework/Versions/A/Libraries/libGLImage.dylib
0x00007ffa1a051000 	/System/Library/Frameworks/OpenGL.framework/Versions/A/Libraries/libCVMSPluginSupport.dylib
0x00007ffb217fc000 	/usr/lib/libRosetta.dylib
0x00007ffa1a03c000 	/System/Library/Frameworks/OpenGL.framework/Versions/A/Libraries/libCoreVMClient.dylib
0x00007ff80d51a000 	/System/Library/Frameworks/MetalPerformanceShaders.framework/Versions/A/Frameworks/MPSCore.framework/Versions/A/MPSCore
0x00007ff80eaf8000 	/System/Library/Frameworks/MetalPerformanceShaders.framework/Versions/A/Frameworks/MPSImage.framework/Versions/A/MPSImage
0x00007ff80e56a000 	/System/Library/Frameworks/MetalPerformanceShaders.framework/Versions/A/Frameworks/MPSNeuralNetwork.framework/Versions/A/MPSNeuralNetwork
0x00007ff80e9db000 	/System/Library/Frameworks/MetalPerformanceShaders.framework/Versions/A/Frameworks/MPSMatrix.framework/Versions/A/MPSMatrix
0x00007ff80e797000 	/System/Library/Frameworks/MetalPerformanceShaders.framework/Versions/A/Frameworks/MPSRayIntersector.framework/Versions/A/MPSRayIntersector
0x00007ff80ea17000 	/System/Library/Frameworks/MetalPerformanceShaders.framework/Versions/A/Frameworks/MPSNDArray.framework/Versions/A/MPSNDArray
0x00007ffa1f0b8000 	/System/Library/Frameworks/MetalPerformanceShaders.framework/Versions/A/Frameworks/MPSFunctions.framework/Versions/A/MPSFunctions
0x00007ff8032ae000 	/System/Library/PrivateFrameworks/MetalTools.framework/Versions/A/MetalTools
0x00007ff80d5a4000 	/System/Library/PrivateFrameworks/AggregateDictionary.framework/Versions/A/AggregateDictionary
0x00007ff810b12000 	/usr/lib/libIOReport.dylib
0x00007ffb1141d000 	/System/Library/PrivateFrameworks/PhotosensitivityProcessing.framework/Versions/A/PhotosensitivityProcessing
0x00007ffa1ad18000 	/System/Library/Frameworks/OpenCL.framework/Versions/A/OpenCL
0x00007ff810ec4000 	/System/Library/PrivateFrameworks/GraphVisualizer.framework/Versions/A/GraphVisualizer
0x00007ffb08f45000 	/System/Library/PrivateFrameworks/FontServices.framework/Versions/A/FontServices
0x00007ff8112f0000 	/System/Library/PrivateFrameworks/OTSVG.framework/Versions/A/OTSVG
0x00007ff80acd8000 	/System/Library/Frameworks/ApplicationServices.framework/Versions/A/Frameworks/ATS.framework/Versions/A/Resources/libFontRegistry.dylib
0x00007ff81133f000 	/System/Library/PrivateFrameworks/FontServices.framework/libhvf.dylib
0x00007ffb08f46000 	/System/Library/PrivateFrameworks/FontServices.framework/libXTFontStaticRegistryData.dylib
0x00007ffb1aa6e000 	/System/Library/PrivateFrameworks/VideoToolboxParavirtualizationSupport.framework/Versions/A/VideoToolboxParavirtualizationSupport
0x00007ff810d2c000 	/System/Library/PrivateFrameworks/AppleVA.framework/Versions/A/AppleVA
0x00007ff812fd5000 	/System/Library/Frameworks/ApplicationServices.framework/Versions/A/Frameworks/ATS.framework/Versions/A/ATS
0x00007ff8083ee000 	/System/Library/Frameworks/ApplicationServices.framework/Versions/A/Frameworks/HIServices.framework/Versions/A/HIServices
0x00007ff811e2f000 	/System/Library/Frameworks/ApplicationServices.framework/Versions/A/Frameworks/PrintCore.framework/Versions/A/PrintCore
0x00007ff813384000 	/System/Library/Frameworks/ApplicationServices.framework/Versions/A/Frameworks/QD.framework/Versions/A/QD
0x00007ff81337c000 	/System/Library/Frameworks/ApplicationServices.framework/Versions/A/Frameworks/ColorSyncLegacy.framework/Versions/A/ColorSyncLegacy
0x00007ff812fa9000 	/System/Library/Frameworks/ApplicationServices.framework/Versions/A/Frameworks/SpeechSynthesis.framework/Versions/A/SpeechSynthesis
0x00007ff811ded000 	/System/Library/Frameworks/ApplicationServices.framework/Versions/A/Frameworks/ATSUI.framework/Versions/A/ATSUI
0x00007ff81330e000 	/usr/lib/libcups.2.dylib
0x00007ff8136d4000 	/System/Library/Frameworks/Kerberos.framework/Versions/A/Kerberos
0x00007ff8136e3000 	/System/Library/Frameworks/GSS.framework/Versions/A/GSS
0x00007ff813043000 	/usr/lib/libresolv.9.dylib
0x00007ff81134f000 	/System/Library/PrivateFrameworks/Heimdal.framework/Versions/A/Heimdal
0x00007ff81a5d7000 	/System/Library/Frameworks/Kerberos.framework/Versions/A/Libraries/libHeimdalProxy.dylib
0x00007ff81372e000 	/System/Library/PrivateFrameworks/CommonAuth.framework/Versions/A/CommonAuth
0x00007ffa1cf98000 	/System/Library/Frameworks/AVFAudio.framework/Versions/A/AVFAudio
0x00007ff821dc2000 	/System/Library/PrivateFrameworks/AXCoreUtilities.framework/Versions/A/AXCoreUtilities
0x00007ff812f27000 	/System/Library/PrivateFrameworks/AudioSession.framework/Versions/A/AudioSession
0x00007ff814520000 	/System/Library/Frameworks/IOBluetooth.framework/Versions/A/IOBluetooth
0x00007ff810e32000 	/System/Library/PrivateFrameworks/MediaExperience.framework/Versions/A/MediaExperience
0x00007ff812dd1000 	/System/Library/PrivateFrameworks/AudioSession.framework/libSessionUtility.dylib
0x00007ff813390000 	/System/Library/PrivateFrameworks/AudioResourceArbitration.framework/Versions/A/AudioResourceArbitration
0x00007ff8174ae000 	/System/Library/PrivateFrameworks/PowerLog.framework/Versions/A/PowerLog
0x00007ff8173ee000 	/System/Library/Frameworks/CoreBluetooth.framework/Versions/A/CoreBluetooth
0x00007ff81a5d8000 	/System/Library/Frameworks/AudioUnit.framework/Versions/A/AudioUnit
0x00007ff80e262000 	/System/Library/PrivateFrameworks/CoreUtils.framework/Versions/A/CoreUtils
0x00007ffb07a13000 	/System/Library/PrivateFrameworks/CoreUtilsExtras.framework/Versions/A/CoreUtilsExtras
0x00007ffb0c959000 	/System/Library/PrivateFrameworks/IO80211.framework/Versions/A/IO80211
0x00007ff810da0000 	/System/Library/PrivateFrameworks/IconFoundation.framework/Versions/A/IconFoundation
0x00007ff8164a6000 	/System/Library/PrivateFrameworks/SpeechRecognitionCore.framework/Versions/A/SpeechRecognitionCore
0x0000000109a88000 	/Applications/jmonkeyplatform.app/Contents/Resources/jmonkeyplatform/jdk/lib/server/libjvm.dylib
0x0000000108d67000 	/Applications/jmonkeyplatform.app/Contents/Resources/jmonkeyplatform/jdk/lib/libverify.dylib
0x0000000108d8c000 	/Applications/jmonkeyplatform.app/Contents/Resources/jmonkeyplatform/jdk/lib/libjava.dylib
0x0000000108cf9000 	/Applications/jmonkeyplatform.app/Contents/Resources/jmonkeyplatform/jdk/lib/libjimage.dylib
0x0000000108e00000 	/Applications/jmonkeyplatform.app/Contents/Resources/jmonkeyplatform/jdk/lib/libzip.dylib
0x000000013a189000 	/Applications/jmonkeyplatform.app/Contents/Resources/jmonkeyplatform/jdk/lib/libnio.dylib
0x000000013a1b5000 	/Applications/jmonkeyplatform.app/Contents/Resources/jmonkeyplatform/jdk/lib/libnet.dylib
0x000000013a2c4000 	/Applications/jmonkeyplatform.app/Contents/Resources/jmonkeyplatform/jdk/lib/libawt.dylib
0x000000013a405000 	/Applications/jmonkeyplatform.app/Contents/Resources/jmonkeyplatform/jdk/lib/libmlib_image.dylib
0x00007ffa1e2be000 	/System/Library/Frameworks/JavaRuntimeSupport.framework/Versions/A/JavaRuntimeSupport
0x00007ff90638b000 	/System/Library/Frameworks/Carbon.framework/Versions/A/Carbon
0x00007ff8187b0000 	/System/Library/PrivateFrameworks/CoreSymbolication.framework/Versions/A/CoreSymbolication
0x00007ff81e131000 	/System/Library/Frameworks/Carbon.framework/Versions/A/Frameworks/CommonPanels.framework/Versions/A/CommonPanels
0x00007ff819f3e000 	/System/Library/Frameworks/Carbon.framework/Versions/A/Frameworks/Help.framework/Versions/A/Help
0x00007ff81e135000 	/System/Library/Frameworks/Carbon.framework/Versions/A/Frameworks/ImageCapture.framework/Versions/A/ImageCapture
0x00007ff81e10d000 	/System/Library/Frameworks/Carbon.framework/Versions/A/Frameworks/OpenScripting.framework/Versions/A/OpenScripting
0x00007ff81e12d000 	/System/Library/Frameworks/Carbon.framework/Versions/A/Frameworks/Ink.framework/Versions/A/Ink
0x00007ff906387000 	/System/Library/Frameworks/Carbon.framework/Versions/A/Frameworks/Print.framework/Versions/A/Print
0x00007ff81e129000 	/System/Library/Frameworks/Carbon.framework/Versions/A/Frameworks/SecurityHI.framework/Versions/A/SecurityHI
0x00007ff818771000 	/System/Library/PrivateFrameworks/DebugSymbols.framework/Versions/A/DebugSymbols
0x000000013a5c1000 	/Applications/jmonkeyplatform.app/Contents/Resources/jmonkeyplatform/jdk/lib/libawt_lwawt.dylib
0x000000013a26f000 	/Applications/jmonkeyplatform.app/Contents/Resources/jmonkeyplatform/jdk/lib/libosxapp.dylib
0x00007ff905638000 	/System/Library/Frameworks/ExceptionHandling.framework/Versions/A/ExceptionHandling
0x000000013a942000 	/Applications/jmonkeyplatform.app/Contents/Resources/jmonkeyplatform/jdk/lib/libfontmanager.dylib
0x000000013a7d0000 	/Applications/jmonkeyplatform.app/Contents/Resources/jmonkeyplatform/jdk/lib/libfreetype.dylib
0x00007ff817a9c000 	/System/Library/Frameworks/FileProvider.framework/Versions/A/FileProvider
0x00007ff808ee2000 	/System/Library/Frameworks/Accounts.framework/Versions/A/Accounts
0x00007ff80b19e000 	/System/Library/PrivateFrameworks/UserManagement.framework/Versions/A/UserManagement
0x00007ff817c34000 	/System/Library/PrivateFrameworks/GenerationalStorage.framework/Versions/A/GenerationalStorage
0x00007ff8174a3000 	/System/Library/PrivateFrameworks/SymptomDiagnosticReporter.framework/Versions/A/SymptomDiagnosticReporter
0x00007ff806db0000 	/System/Library/PrivateFrameworks/DesktopServicesPriv.framework/Versions/A/DesktopServicesPriv
0x00007ff805b72000 	/usr/lib/libsandbox.1.dylib
0x00007ff813371000 	/System/Library/PrivateFrameworks/NetAuth.framework/Versions/A/NetAuth
0x00007ff81439f000 	/System/Library/PrivateFrameworks/Sharing.framework/Versions/A/Sharing
0x00007ff80b164000 	/System/Library/PrivateFrameworks/login.framework/Versions/A/Frameworks/loginsupport.framework/Versions/A/loginsupport
0x00007ff819ab2000 	/System/Library/PrivateFrameworks/Apple80211.framework/Versions/A/Apple80211
0x00007ff80ec9f000 	/System/Library/PrivateFrameworks/AuthKit.framework/Versions/A/AuthKit
0x00007ff80e1e7000 	/System/Library/Frameworks/CoreWLAN.framework/Versions/A/CoreWLAN
0x00007ff819ab6000 	/System/Library/PrivateFrameworks/CoreWiFi.framework/Versions/A/CoreWiFi
0x00007ffa0b6fb000 	/System/Library/PrivateFrameworks/WiFiPeerToPeer.framework/Versions/A/WiFiPeerToPeer
0x00007ff818318000 	/System/Library/PrivateFrameworks/FrontBoardServices.framework/Versions/A/FrontBoardServices
0x00007ff8183b1000 	/System/Library/PrivateFrameworks/BoardServices.framework/Versions/A/BoardServices
0x00007ff819c50000 	/System/Library/PrivateFrameworks/BackBoardServices.framework/Versions/A/BackBoardServices
0x00007ff80ee17000 	/System/Library/Frameworks/UserNotifications.framework/Versions/A/UserNotifications
0x00007ff813826000 	/System/Library/PrivateFrameworks/CorePhoneNumbers.framework/Versions/A/CorePhoneNumbers
0x00007ff813070000 	/System/Library/PrivateFrameworks/MultiverseSupport.framework/Versions/A/MultiverseSupport
0x00007ff819ecb000 	/System/Library/PrivateFrameworks/RemoteServiceDiscovery.framework/Versions/A/RemoteServiceDiscovery
0x00007ff8175bd000 	/System/Library/PrivateFrameworks/DiskManagement.framework/Versions/A/DiskManagement
0x00007ff8174d5000 	/System/Library/PrivateFrameworks/AppleIDAuthSupport.framework/Versions/A/AppleIDAuthSupport
0x00007ffa21e73000 	/System/Library/PrivateFrameworks/AAAFoundation.framework/Versions/A/AAAFoundation
0x00007ff8137ff000 	/System/Library/PrivateFrameworks/KeychainCircle.framework/Versions/A/KeychainCircle
0x00007ff819edb000 	/System/Library/PrivateFrameworks/RemoteXPC.framework/Versions/A/RemoteXPC
0x00007ff817589000 	/System/Library/PrivateFrameworks/MediaKit.framework/Versions/A/MediaKit
0x00007ff8174e1000 	/System/Library/Frameworks/DiscRecording.framework/Versions/A/DiscRecording
0x00007ff810ca0000 	/usr/lib/libCoreStorage.dylib
0x00007ff819f46000 	/usr/lib/libcsfde.dylib
0x00007ff8145f5000 	/System/Library/PrivateFrameworks/ProtectedCloudStorage.framework/Versions/A/ProtectedCloudStorage
0x00007ff819f42000 	/System/Library/PrivateFrameworks/EFILogin.framework/Versions/A/EFILogin
0x00007ff817c5a000 	/System/Library/PrivateFrameworks/OctagonTrust.framework/Versions/A/OctagonTrust
0x00007ff810c98000 	/usr/lib/libMatch.1.dylib
0x00007ff90f32d000 	/System/Library/CoreServices/RawCamera.bundle/Contents/MacOS/RawCamera
0x00007ff81373e000 	/System/Library/PrivateFrameworks/MobileAsset.framework/Versions/A/MobileAsset
0x00007ff90cc06000 	/System/Library/PrivateFrameworks/SoftwareUpdateCoreSupport.framework/Versions/A/SoftwareUpdateCoreSupport
0x00007ff91305a000 	/System/Library/PrivateFrameworks/SoftwareUpdateCoreConnect.framework/Versions/A/SoftwareUpdateCoreConnect
0x00007ff81a5fc000 	/System/Library/PrivateFrameworks/StreamingZip.framework/Versions/A/StreamingZip
0x00007ff90c8ce000 	/System/Library/PrivateFrameworks/MSUDataAccessor.framework/Versions/A/MSUDataAccessor
0x00007ff908d92000 	/usr/lib/libbootpolicy.dylib
0x00007ff919a50000 	/usr/lib/libpartition2_dynamic.dylib
0x00007ffb045b5000 	/System/Library/PrivateFrameworks/CMPhoto.framework/Versions/A/CMPhoto
0x00007ff818644000 	/System/Library/PrivateFrameworks/AppleVPA.framework/Versions/A/AppleVPA
0x00007ff81205f000 	/System/Library/Frameworks/MediaToolbox.framework/Versions/A/MediaToolbox
0x00007ff817a6c000 	/System/Library/PrivateFrameworks/CoreAVCHD.framework/Versions/A/CoreAVCHD
0x00007ff816bab000 	/System/Library/Frameworks/MediaAccessibility.framework/Versions/A/MediaAccessibility
0x00007ff817a68000 	/System/Library/PrivateFrameworks/Mangrove.framework/Versions/A/Mangrove
0x00007ff8176ad000 	/System/Library/PrivateFrameworks/CoreAUC.framework/Versions/A/CoreAUC
0x00007ff90c2bf000 	/System/Library/Frameworks/Accelerate.framework/Versions/A/Frameworks/vImage.framework/Versions/A/Libraries/libCGInterfaces.dylib
0x00000001099ed000 	/usr/lib/libobjc-trampolines.dylib
0x00007ffb215ad000 	/usr/lib/libAccessibilityBaseImplementations.dylib
0x00007ff80ae7d000 	/System/Library/PrivateFrameworks/ViewBridge.framework/Versions/A/ViewBridge
0x00007ffa1a25e000 	/System/Library/Frameworks/OpenGL.framework/Versions/A/Resources/GLEngine.bundle/GLEngine
0x00007ffa1a0cf000 	/System/Library/Frameworks/OpenGL.framework/Versions/A/Libraries/libGLProgrammability.dylib
0x000000013f55f000 	/System/Library/Extensions/AppleMetalOpenGLRenderer.bundle/Contents/MacOS/AppleMetalOpenGLRenderer
0x00007ffa1a3e0000 	/System/Library/Frameworks/OpenGL.framework/Versions/A/Resources/GLRendererFloat.bundle/GLRendererFloat
0x00007ffa14c30000 	/System/Library/Extensions/AGXMetalG13X.bundle/Contents/MacOS/AGXMetalG13X
0x00007ff9074e5000 	/System/Library/PrivateFrameworks/GPURawCounter.framework/Versions/A/GPURawCounter
0x00007ff820d8c000 	/System/Library/PrivateFrameworks/IOGPU.framework/Versions/A/IOGPU
0x00007ff811407000 	/System/Library/PrivateFrameworks/login.framework/Versions/A/login
0x000000013f522000 	/Applications/jmonkeyplatform.app/Contents/Resources/jmonkeyplatform/jdk/lib/libosxui.dylib
0x000000013fa80000 	/Applications/jmonkeyplatform.app/Contents/Resources/jmonkeyplatform/jdk/lib/libprefs.dylib
0x00007ffa22623000 	/System/Library/PrivateFrameworks/AccessibilityBundles.framework/Versions/A/AccessibilityBundles
0x00007ff821de1000 	/usr/lib/libAccessibility.dylib
0x000000017ea85000 	/Users/finngarrels/Documents/Workspace/Studium/S2/Schwarm/V6/Flocking/libopenal.dylib
0x00000001801f3000 	/Users/finngarrels/Documents/Workspace/Studium/S2/Schwarm/V6/Flocking/liblwjgl.dylib
0x000000017e9eb000 	/Applications/jmonkeyplatform.app/Contents/Resources/jmonkeyplatform/jdk/lib/libjawt.dylib


VM Arguments:
jvm_args: -Dfile.encoding=UTF-8 
java_command: mygame.Main
java_class_path (initial): /Applications/jmonkeyplatform.app/Contents/Resources/jmonkeyplatform/jmonkeyplatform/libs/jme3-jogg-3.5.2-stable.jar:/Applications/jmonkeyplatform.app/Contents/Resources/jmonkeyplatform/jmonkeyplatform/libs/j-ogg-all-1.0.1.jar:/Applications/jmonkeyplatform.app/Contents/Resources/jmonkeyplatform/jmonkeyplatform/libs/jmf-2.1.1e.jar:/Applications/jmonkeyplatform.app/Contents/Resources/jmonkeyplatform/jmonkeyplatform/libs/jme3-networking-3.5.2-stable.jar:/Applications/jmonkeyplatform.app/Contents/Resources/jmonkeyplatform/jmonkeyplatform/libs/jme3-plugins-3.5.2-stable.jar:/Applications/jmonkeyplatform.app/Contents/Resources/jmonkeyplatform/jmonkeyplatform/libs/gson-2.8.1.jar:/Applications/jmonkeyplatform.app/Contents/Resources/jmonkeyplatform/jmonkeyplatform/libs/jme3-core-3.5.2-stable.jar:/Applications/jmonkeyplatform.app/Contents/Resources/jmonkeyplatform/jmonkeyplatform/libs/jme3-desktop-3.5.2-stable.jar:/Applications/jmonkeyplatform.app/Contents/Resources/jmonkeyplatform/jmonkeyplatform/libs/jme3-lwjgl-3.5.2-stable.jar:/Applications/jmonkeyplatform.app/Contents/Resources/jmonkeyplatform/jmonkeyplatform/libs/jinput-2.0.9.jar:/Applications/jmonkeyplatform.app/Contents/Resources/jmonkeyplatform/jmonkeyplatform/libs/jinput-2.0.9-natives-all.jar:/Applications/jmonkeyplatform.app/Contents/Resources/jmonkeyplatform/jmonkeyplatform/libs/lwjgl-2.9.3.jar:/Applications/jmonkeyplatform.app/Contents/Resources/jmonkeyplatform/jmonkeyplatform/libs/lwjgl-platform-2.9.3-natives-windows.jar:/Applications/jmonkeyplatform.app/Contents/Resources/jmonkeyplatform/jmonkeyplatform/libs/lwjgl-platform-2.9.3-natives-linux.jar:/Applications/jmonkeyplatform.app/Contents/Resources/jmonkeyplatform/jmonkeyplatform/libs/lwjgl-platform-2.9.3-natives-osx.jar:/Applications/jmonkeyplatform.app/Contents/Resources/jmonkeyplatform/jmonkeyplatform/libs/jme3-effects-3.5.2-stable.jar:/Applications/jmonkeyplatform.app/Contents/Resources/jmonkeyplatform/jmonkeyplatform/libs/jme3-te
Launcher Type: SUN_STANDARD

[Global flags]
     intx CICompilerCount                          = 4                                         {product} {ergonomic}
     uint ConcGCThreads                            = 2                                         {product} {ergonomic}
     uint G1ConcRefinementThreads                  = 9                                         {product} {ergonomic}
   size_t G1HeapRegionSize                         = 2097152                                   {product} {ergonomic}
    uintx GCDrainStackTargetSize                   = 64                                        {product} {ergonomic}
   size_t InitialHeapSize                          = 536870912                                 {product} {ergonomic}
   size_t MarkStackSize                            = 4194304                                   {product} {ergonomic}
   size_t MaxHeapSize                              = 8589934592                                {product} {ergonomic}
   size_t MaxNewSize                               = 5152702464                                {product} {ergonomic}
   size_t MinHeapDeltaBytes                        = 2097152                                   {product} {ergonomic}
    uintx NonNMethodCodeHeapSize                   = 5836300                                {pd product} {ergonomic}
    uintx NonProfiledCodeHeapSize                  = 122910970                              {pd product} {ergonomic}
    uintx ProfiledCodeHeapSize                     = 122910970                              {pd product} {ergonomic}
    uintx ReservedCodeCacheSize                    = 251658240                              {pd product} {ergonomic}
     bool SegmentedCodeCache                       = true                                      {product} {ergonomic}
     bool UseCompressedClassPointers               = true                                 {lp64_product} {ergonomic}
     bool UseCompressedOops                        = true                                 {lp64_product} {ergonomic}
     bool UseG1GC                                  = true                                      {product} {ergonomic}

Logging:
Log output configuration:
 #0: stdout all=warning uptime,level,tags
 #1: stderr all=off uptime,level,tags

Environment Variables:
PATH=/usr/bin:/bin:/usr/sbin:/sbin
SHELL=/bin/bash
LC_CTYPE=UTF-8
TMPDIR=/var/folders/5b/z83tfnnd433170md2h6xmk3c0000gn/T/

Signal Handlers:
SIGSEGV: [libjvm.dylib+0x7c85a6], sa_mask[0]=11111111111111111111111111111111, sa_flags=SA_ONSTACK|SA_RESTART|SA_SIGINFO
SIGBUS: [libjvm.dylib+0x7c85a6], sa_mask[0]=11111111111111111111111111111111, sa_flags=SA_RESTART|SA_SIGINFO
SIGFPE: [libjvm.dylib+0x7c85a6], sa_mask[0]=11111111111111111111111111111111, sa_flags=SA_RESTART|SA_SIGINFO
SIGPIPE: [libjvm.dylib+0x62cda2], sa_mask[0]=11111111111111111111111111111111, sa_flags=SA_RESTART|SA_SIGINFO
SIGXFSZ: [libjvm.dylib+0x62cda2], sa_mask[0]=11111111111111111111111111111111, sa_flags=SA_RESTART|SA_SIGINFO
SIGILL: [libjvm.dylib+0x7c85a6], sa_mask[0]=11111111111111111111111111111111, sa_flags=SA_RESTART|SA_SIGINFO
SIGUSR2: [libjvm.dylib+0x62d389], sa_mask[0]=00100000000000000000000000000000, sa_flags=SA_RESTART|SA_SIGINFO
SIGHUP: [libjvm.dylib+0x62bee5], sa_mask[0]=11111111111111111111111111111111, sa_flags=SA_RESTART|SA_SIGINFO
SIGINT: SIG_IGN, sa_mask[0]=11111111011111110111111111111111, sa_flags=none
SIGTERM: [libjvm.dylib+0x62bee5], sa_mask[0]=11111111111111111111111111111111, sa_flags=SA_RESTART|SA_SIGINFO
SIGQUIT: [libjvm.dylib+0x62bee5], sa_mask[0]=11111111111111111111111111111111, sa_flags=SA_RESTART|SA_SIGINFO


---------------  S Y S T E M  ---------------

OS:uname:Darwin 22.4.0 Darwin Kernel Version 22.4.0: Mon Mar  6 20:59:28 PST 2023; root:xnu-8796.101.5~3/RELEASE_ARM64_T6000 x86_64
OS uptime: 16 days 23:50 hours
rlimit (soft/hard): STACK 8176k/65520k , CORE 0k/infinity , NPROC 5333/8000 , NOFILE 10240/infinity , AS infinity/infinity , CPU infinity/infinity , DATA infinity/infinity , FSIZE infinity/infinity , MEMLOCK infinity/infinity , RSS infinity/infinity
load average:8.03 7.20 6.93

CPU:total 10 (initial active 10) (1 cores per cpu, 1 threads per core) family 6 model 44 stepping 0 microcode 0x0, cmov, cx8, fxsr, mmx, sse, sse2, sse3, ssse3, sse4.1, sse4.2, popcnt, aes, clmul, tsc, tscinvbit, tscinv

Memory: 4k page, physical 33554432k(52752k free), swap 8388608k(1438976k free)

vm_info: OpenJDK 64-Bit Server VM (11.0.17+8) for bsd-amd64 JRE (11.0.17+8), built on Oct 19 2022 05:41:33 by "jenkins" with clang 4.2.1 Compatible Apple LLVM 10.0.1 (clang-1001.0.46.4)

END.
