#
# A fatal error has been detected by the Java Runtime Environment:
#
#  SIGSEGV (0xb) at pc=0x00007ff81785b1dd, pid=28013, tid=259
#
# JRE version: OpenJDK Runtime Environment Temurin-11.0.17+8 (11.0.17+8) (build 11.0.17+8)
# Java VM: OpenJDK 64-Bit Server VM Temurin-11.0.17+8 (11.0.17+8, mixed mode, tiered, compressed oops, g1 gc, bsd-amd64)
# Problematic frame:
# C  [libobjc.A.dylib+0x71dd]  objc_msgSend+0x1d
#
# No core dump will be written. Core dumps have been disabled. To enable core dumping, try "ulimit -c unlimited" before starting Java again
#
# If you would like to submit a bug report, please visit:
#   https://github.com/adoptium/adoptium-support/issues
# The crash happened outside the Java Virtual Machine in native code.
# See problematic frame for where to report the bug.
#

---------------  S U M M A R Y ------------

Command Line: -Dfile.encoding=UTF-8 mygame.Main

Host: MacBookPro18,2 x86_64 2400 MHz, 10 cores, 32G, Darwin 22.3.0
Time: Wed Mar 15 12:35:23 2023 CET elapsed time: 16.140424 seconds (0d 0h 0m 16s)

---------------  T H R E A D  ---------------

Current thread (0x00007f7f07009800):  JavaThread "AppKit Thread" daemon [_thread_in_native, id=259, stack(0x00000003050e3000,0x00000003058e3000)]

Stack: [0x00000003050e3000,0x00000003058e3000],  sp=0x00000003058de3d8,  free space=8172k
Native frames: (J=compiled Java code, A=aot compiled Java code, j=interpreted, Vv=VM code, C=native code)
C  [libobjc.A.dylib+0x71dd]  objc_msgSend+0x1d
C  [AppKit+0x6eb54f]  __58-[_NSTrackingAreaAKManager _activeTrackingAreasNeedUpdate]_block_invoke+0x138
C  [AppKit+0x6f5f20]  ___NSMainRunLoopPerformBlockInModes_block_invoke+0x19
C  [CoreFoundation+0x7eb25]  __CFRUNLOOP_IS_CALLING_OUT_TO_A_BLOCK__+0xc
C  [CoreFoundation+0x7ea4f]  __CFRunLoopDoBlocks+0x194
C  [CoreFoundation+0x7d8bd]  __CFRunLoopRun+0x3c4
C  [CoreFoundation+0x7ce7f]  CFRunLoopRunSpecific+0x230
C  [HIToolbox+0x2f766]  RunCurrentEventLoopInMode+0x124
C  [HIToolbox+0x2f576]  ReceiveNextEventCommon+0x2a7
C  [HIToolbox+0x2f2b3]  _BlockUntilNextEventMatchingListInModeWithFilter+0x46
C  [AppKit+0x3e2f3]  _DPSNextEvent+0x38d
C  [AppKit+0x3d174]  -[NSApplication(NSEvent) _nextEventMatchingEventMask:untilDate:inMode:dequeue:]+0x4c3
C  [libosxapp.dylib+0x26a4]  -[NSApplicationAWT nextEventMatchingMask:untilDate:inMode:dequeue:]+0x79
C  [AppKit+0x2f7b7]  -[NSApplication run]+0x24a
C  [libosxapp.dylib+0x24e9]  +[NSApplicationAWT runAWTLoopWithApp:]+0x10d
C  [libawt_lwawt.dylib+0x5fab1]  +[AWTStarter starter:headless:]+0x1ff
C  [libosxapp.dylib+0x4029]  +[ThreadUtilities invokeBlockCopy:]+0xf
C  [Foundation+0x7f190]  __NSThreadPerformPerform+0xb1
C  [CoreFoundation+0x7eed1]  __CFRUNLOOP_IS_CALLING_OUT_TO_A_SOURCE0_PERFORM_FUNCTION__+0x11
C  [CoreFoundation+0x7ee80]  __CFRunLoopDoSource0+0x9d
C  [CoreFoundation+0x7ec4e]  __CFRunLoopDoSources0+0xd4
C  [CoreFoundation+0x7d8a8]  __CFRunLoopRun+0x3af
C  [CoreFoundation+0x7ce7f]  CFRunLoopRunSpecific+0x230
C  [libjli.dylib+0x664e]  CreateExecutionEnvironment+0x18e
C  [libjli.dylib+0x285e]  JLI_Launch+0x52a
C  [java+0x1807]  main+0x177
C  0x0000000200ddb310


siginfo: si_signo: 11 (SIGSEGV), si_code: 1 (SEGV_MAPERR), si_addr: 0x000007f7f067a090

Register to memory mapping:

RAX=0x0000a6bd8e25788d is an unknown value
RBX=0x00007ff81785b1c0: objc_msgSend+0 in /usr/lib/libobjc.A.dylib at 0x00007ff817854000
RCX=0x0000000080000000 is an unknown value
RDX=0x000000000000a6bd is an unknown value
RSP=0x00000003058de3d8 is pointing into the stack for thread: 0x00007f7f07009800
RBP=0x00000003058de770 is pointing into the stack for thread: 0x00007f7f07009800
RSI=0x00007ff835ae18cd points into unknown readable memory: 77 69 6e
RDI=0x00007f7f067a0110 points into unknown readable memory: 0x000007f7f067a07a | 7a a0 67 f0 f7 07 00 00
R8 =0x0000000000000406 is an unknown value
R9 =0x0000000000000001 is an unknown value
R10=0x000007f7f067a078 is an unknown value
R11=0x00007ff835ae18cd points into unknown readable memory: 77 69 6e
R12=0x0 is NULL
R13=0x00007ff81785b1c0: objc_msgSend+0 in /usr/lib/libobjc.A.dylib at 0x00007ff817854000
R14=0x00006000012724c0 points into unknown readable memory: 0x031dfff85b26351d | 1d 35 26 5b f8 ff 1d 03
R15=0x00007ff81785dbc0: objc_release+0 in /usr/lib/libobjc.A.dylib at 0x00007ff817854000


Registers:
RAX=0x0000a6bd8e25788d, RBX=0x00007ff81785b1c0, RCX=0x0000000080000000, RDX=0x000000000000a6bd
RSP=0x00000003058de3d8, RBP=0x00000003058de770, RSI=0x00007ff835ae18cd, RDI=0x00007f7f067a0110
R8 =0x0000000000000406, R9 =0x0000000000000001, R10=0x000007f7f067a078, R11=0x00007ff835ae18cd
R12=0x0000000000000000, R13=0x00007ff81785b1c0, R14=0x00006000012724c0, R15=0x00007ff81785dbc0
RIP=0x00007ff81785b1dd, EFLAGS=0x0000000000000247, ERR=0x0000000000000004
  TRAPNO=0x000000000000000e

Top of Stack: (sp=0x00000003058de3d8)
0x00000003058de3d8:   00007ff81b3dfa94 0000000000000000
0x00000003058de3e8:   0000000000000000 40ab000000000000
0x00000003058de3f8:   40a1740000000000 00007ff857a647d8
0x00000003058de408:   000060000386e010 00000003058de450
0x00000003058de418:   00007ff8179266fc ffffffffff804a80
0x00000003058de428:   000000000000004a 00000003058de580
0x00000003058de438:   00007ff817d6fd00 00000003058de600
0x00000003058de448:   ffffffffffffffff 00000003058de4a0
0x00000003058de458:   00007ff817926336 00000003058de4c0
0x00000003058de468:   00007ff817860b5a 00000003058de4a0
0x00000003058de478:   0000000000000000 00007f7f1674a400
0x00000003058de488:   00000003058de600 000060000386d010
0x00000003058de498:   0000000000000028 00000003058de4d0
0x00000003058de4a8:   00007ff8179263a8 00007ff81acf616e
0x00000003058de4b8:   00007ff817a69457 0000000000000016
0x00000003058de4c8:   00007ff835aeb668 00007ff835a60f41
0x00000003058de4d8:   00007ff835ae1382 00007ff835aeb672
0x00000003058de4e8:   00007ff835b5e715 00007ff85b23c7e0
0x00000003058de4f8:   00000000c2000000 00007ff81b3e5287
0x00000003058de508:   00007ff857a73d40 000060000375d940
0x00000003058de518:   0000000000000000 0000000000000000
0x00000003058de528:   0000000000000000 40889bb800000000
0x00000003058de538:   4096551800000000 40889bb800000000
0x00000003058de548:   4096551800000000 00007f7ea6a30160
0x00000003058de558:   0000600001000100 0000600001202340
0x00000003058de568:   00007ff835ae517a 0000000000000000
0x00000003058de578:   00007ff835a64fd5 00006000018e3300
0x00000003058de588:   000060000375d940 0000600000347b40
0x00000003058de598:   00007ff835ae18cd 00007ff835aeb804
0x00000003058de5a8:   00007ff835a61d93 0000000000000001
0x00000003058de5b8:   00007f7f067a0110 000060000375c600
0x00000003058de5c8:   000000005b23a100 4106612882c3dab6 

Instructions: (pc=0x00007ff81785b1dd)
0x00007ff81785b0dd:   89 f8 c3 48 8b 05 a1 ea 9d 43 ff e0 90 90 90 90
0x00007ff81785b0ed:   90 90 90 90 90 90 90 90 90 90 90 90 90 90 90 90
0x00007ff81785b0fd:   90 90 90 31 c0 31 d2 0f 57 c0 0f 57 c9 c3 90 d9
0x00007ff81785b10d:   ee 31 c0 31 d2 0f 57 c0 0f 57 c9 c3 0f 1f 00 d9
0x00007ff81785b11d:   ee d9 ee 31 c0 31 d2 0f 57 c0 0f 57 c9 c3 90 48
0x00007ff81785b12d:   89 f8 c3 49 89 fa 49 89 f3 45 23 5a 18 49 c1 e3
0x00007ff81785b13d:   04 4d 03 5a 10 49 3b 33 75 0e 49 8b 43 08 48 83
0x00007ff81785b14d:   f8 00 74 03 4c 31 d0 c3 49 83 3b 01 76 17 49 83
0x00007ff81785b15d:   c3 10 49 3b 33 75 f1 49 8b 43 08 48 83 f8 00 74
0x00007ff81785b16d:   03 4c 31 d0 c3 72 25 4d 8b 5b 08 eb 0a 49 83 3b
0x00007ff81785b17d:   01 76 17 49 83 c3 10 49 3b 33 75 f1 49 8b 43 08
0x00007ff81785b18d:   48 83 f8 00 74 03 4c 31 d0 c3 eb 00 31 c0 c3 66
0x00007ff81785b19d:   2e 0f 1f 84 00 00 00 00 00 66 2e 0f 1f 84 00 00
0x00007ff81785b1ad:   00 00 00 66 2e 0f 1f 84 00 00 00 00 00 66 0f 1f
0x00007ff81785b1bd:   44 00 00 48 85 ff 2e 74 72 40 f6 c7 01 2e 75 76
0x00007ff81785b1cd:   49 ba f8 ff ff ff ff 7f 00 00 4c 23 17 49 89 f3
0x00007ff81785b1dd:   45 23 5a 18 49 c1 e3 04 4d 03 5a 10 49 3b 33 75
0x00007ff81785b1ed:   0a 4d 8b 5b 08 4d 31 d3 41 ff e3 49 83 3b 01 76
0x00007ff81785b1fd:   13 49 83 c3 10 49 3b 33 75 f1 4d 8b 5b 08 4d 31
0x00007ff81785b20d:   d3 41 ff e3 72 70 4d 8b 5b 08 eb 0a 49 83 3b 01
0x00007ff81785b21d:   76 13 49 83 c3 10 49 3b 33 75 f1 4d 8b 5b 08 4d
0x00007ff81785b22d:   31 d3 41 ff e3 eb 4f 0f 1f 40 00 31 c0 31 d2 0f
0x00007ff81785b23d:   57 c0 0f 57 c9 c3 41 89 fb 41 83 e3 0f 4c 8d 15
0x00007ff81785b24d:   ef cc 9d 43 4f 8b 14 da 4c 8d 1d bc cb 9d 43 4d
0x00007ff81785b25d:   39 d3 0f 85 75 ff ff ff 41 89 fb 41 c1 eb 04 41
0x00007ff81785b26d:   81 e3 ff 00 00 00 4c 8d 15 46 cd 9d 43 4f 8b 14
0x00007ff81785b27d:   da e9 57 ff ff ff e9 88 0a 00 00 66 2e 0f 1f 84
0x00007ff81785b28d:   00 00 00 00 00 66 2e 0f 1f 84 00 00 00 00 00 66
0x00007ff81785b29d:   2e 0f 1f 84 00 00 00 00 00 66 2e 0f 1f 84 00 00
0x00007ff81785b2ad:   00 00 00 66 2e 0f 1f 84 00 00 00 00 00 66 0f 1f
0x00007ff81785b2bd:   44 00 00 48 85 ff 2e 74 6a 40 f6 c7 01 2e 75 6b
0x00007ff81785b2cd:   49 ba f8 ff ff ff ff 7f 00 00 4c 23 17 49 89 f3 


Stack slot to memory mapping:
stack at sp + 0 slots: 0x00007ff81b3dfa94: -[_NSTrackingAreaAKManager _updateActiveTrackingAreasForWindowLocation:modifierFlags:]+0x1215 in /System/Library/Frameworks/AppKit.framework/Versions/C/AppKit at 0x00007ff81acef000
stack at sp + 1 slots: 0x0 is NULL
stack at sp + 2 slots: 0x0 is NULL
stack at sp + 3 slots: 0x40ab000000000000 is an unknown value
stack at sp + 4 slots: 0x40a1740000000000 is an unknown value
stack at sp + 5 slots: 0x00007ff857a647d8: __block_descriptor_40_e5_v8?0l+0 in /System/Library/Frameworks/AppKit.framework/Versions/C/AppKit at 0x00007ff81acef000
stack at sp + 6 slots: 0x000060000386e010 points into unknown readable memory: 0x011dfff85b24de11 | 11 de 24 5b f8 ff 1d 01
stack at sp + 7 slots: 0x00000003058de450 is pointing into the stack for thread: 0x00007f7f07009800


---------------  P R O C E S S  ---------------

Threads class SMR info:
_java_thread_list=0x000060000374a580, length=17, elements={
0x00007f7f16815800, 0x00007f7f1681a800, 0x00007f7f189ce800, 0x00007f7f189cf800,
0x00007f7f1681d800, 0x00007f7f17009800, 0x00007f7f1681e800, 0x00007f7f1897a000,
0x00007f7f07009800, 0x00007f7f18b60000, 0x00007f7ee6895800, 0x00007f7f0706e800,
0x00007f7f0706d800, 0x00007f7ee701a800, 0x00007f7f1780d800, 0x00007f7f18cda000,
0x00007f7f1746c800
}

Java Threads: ( => current thread )
  0x00007f7f16815800 JavaThread "Reference Handler" daemon [_thread_blocked, id=18179, stack(0x000000030607b000,0x000000030617b000)]
  0x00007f7f1681a800 JavaThread "Finalizer" daemon [_thread_blocked, id=21763, stack(0x000000030617e000,0x000000030627e000)]
  0x00007f7f189ce800 JavaThread "Signal Dispatcher" daemon [_thread_blocked, id=22787, stack(0x000000030638f000,0x000000030648f000)]
  0x00007f7f189cf800 JavaThread "Service Thread" daemon [_thread_blocked, id=29699, stack(0x0000000306492000,0x0000000306592000)]
  0x00007f7f1681d800 JavaThread "C2 CompilerThread0" daemon [_thread_blocked, id=29187, stack(0x0000000306595000,0x0000000306695000)]
  0x00007f7f17009800 JavaThread "C1 CompilerThread0" daemon [_thread_blocked, id=24067, stack(0x0000000306698000,0x0000000306798000)]
  0x00007f7f1681e800 JavaThread "Sweeper thread" daemon [_thread_blocked, id=24323, stack(0x000000030679b000,0x000000030689b000)]
  0x00007f7f1897a000 JavaThread "Common-Cleaner" daemon [_thread_blocked, id=26883, stack(0x00000003069a1000,0x0000000306aa1000)]
=>0x00007f7f07009800 JavaThread "AppKit Thread" daemon [_thread_in_native, id=259, stack(0x00000003050e3000,0x00000003058e3000)]
  0x00007f7f18b60000 JavaThread "AWT-Shutdown" [_thread_blocked, id=63751, stack(0x0000000306b2b000,0x0000000306c2b000)]
  0x00007f7ee6895800 JavaThread "AWT-EventQueue-0" [_thread_blocked, id=86023, stack(0x0000000306ed2000,0x0000000306fd2000)]
  0x00007f7f0706e800 JavaThread "Java2D Queue Flusher" daemon [_thread_blocked, id=84511, stack(0x0000000306fd5000,0x00000003070d5000)]
  0x00007f7f0706d800 JavaThread "Java2D Disposer" daemon [_thread_blocked, id=70703, stack(0x00000003070d8000,0x00000003071d8000)]
  0x00007f7ee701a800 JavaThread "Timer-0" daemon [_thread_blocked, id=130843, stack(0x00000003071db000,0x00000003072db000)]
  0x00007f7f1780d800 JavaThread "TimerQueue" daemon [_thread_blocked, id=89859, stack(0x00000003073e1000,0x00000003074e1000)]
  0x00007f7f18cda000 JavaThread "jME3 Main" [_thread_in_native, id=118535, stack(0x0000000307e93000,0x0000000307f93000)]
  0x00007f7f1746c800 JavaThread "DestroyJavaVM" [_thread_blocked, id=8451, stack(0x0000000305966000,0x0000000305a66000)]

Other Threads:
  0x00007f7f189c8800 VMThread "VM Thread" [stack: 0x0000000305f78000,0x0000000306078000] [id=19971]
  0x00007f7ee6814800 WatcherThread [stack: 0x000000030689e000,0x000000030699e000] [id=25143]
  0x00007f7f18819000 GCTaskThread "GC Thread#0" [stack: 0x0000000305a69000,0x0000000305b69000] [id=12803]
  0x00007f7f16b42000 GCTaskThread "GC Thread#1" [stack: 0x000000030767b000,0x000000030777b000] [id=93491]
  0x00007f7f16b41800 GCTaskThread "GC Thread#2" [stack: 0x000000030777e000,0x000000030787e000] [id=93699]
  0x00007f7ea70ca000 GCTaskThread "GC Thread#3" [stack: 0x0000000307881000,0x0000000307981000] [id=122627]
  0x00007f7ea70c9800 GCTaskThread "GC Thread#4" [stack: 0x0000000307984000,0x0000000307a84000] [id=122115]
  0x00007f7ea70be800 GCTaskThread "GC Thread#5" [stack: 0x0000000307a87000,0x0000000307b87000] [id=121603]
  0x00007f7f16ea2000 GCTaskThread "GC Thread#6" [stack: 0x0000000307b8a000,0x0000000307c8a000] [id=94211]
  0x00007f7ea70cb000 GCTaskThread "GC Thread#7" [stack: 0x0000000307c8d000,0x0000000307d8d000] [id=121091]
  0x00007f7ea70cb800 GCTaskThread "GC Thread#8" [stack: 0x0000000307d90000,0x0000000307e90000] [id=94723]
  0x00007f7f18848800 ConcurrentGCThread "G1 Main Marker" [stack: 0x0000000305b6c000,0x0000000305c6c000] [id=13827]
  0x00007f7f18849000 ConcurrentGCThread "G1 Conc#0" [stack: 0x0000000305c6f000,0x0000000305d6f000] [id=21507]
  0x00007f7f1896e000 ConcurrentGCThread "G1 Refine#0" [stack: 0x0000000305d72000,0x0000000305e72000] [id=16643]
  0x00007f7f1896e800 ConcurrentGCThread "G1 Young RemSet Sampling" [stack: 0x0000000305e75000,0x0000000305f75000] [id=20995]

Threads with active compile tasks:

VM state:not at safepoint (normal execution)

VM Mutex/Monitor currently owned by a thread: None

Heap address: 0x0000000600000000, size: 8192 MB, Compressed Oops mode: Zero based, Oop shift amount: 3
Narrow klass base: 0x0000000800000000, Narrow klass shift: 0
Compressed class space size: 1073741824 Address: 0x0000000800000000

Heap:
 garbage-first heap   total 28672K, used 11489K [0x0000000600000000, 0x0000000800000000)
  region size 2048K, 3 young (6144K), 1 survivors (2048K)
 Metaspace       used 25647K, capacity 26182K, committed 26624K, reserved 1073152K
  class space    used 2561K, capacity 2763K, committed 2816K, reserved 1048576K
Heap Regions: E=young(eden), S=young(survivor), O=old, HS=humongous(starts), HC=humongous(continues), CS=collection set, F=free, A=archive, TAMS=top-at-mark-start (previous, next)
|   0|0x0000000600000000, 0x0000000600200000, 0x0000000600200000|100%|HS|  |TAMS 0x0000000600000000, 0x0000000600000000| Untracked 
|   1|0x0000000600200000, 0x00000006003ff770, 0x0000000600400000| 99%| O|  |TAMS 0x0000000600200000, 0x0000000600200000| Untracked 
|   2|0x0000000600400000, 0x000000060056d7d8, 0x0000000600600000| 71%| O|  |TAMS 0x0000000600400000, 0x0000000600400000| Untracked 
|   3|0x0000000600600000, 0x0000000600780200, 0x0000000600800000| 75%| O|  |TAMS 0x0000000600600000, 0x0000000600600000| Untracked 
|   4|0x0000000600800000, 0x0000000600958268, 0x0000000600a00000| 67%| O|  |TAMS 0x0000000600800000, 0x0000000600800000| Untracked 
|   5|0x0000000600a00000, 0x0000000600a00000, 0x0000000600c00000|  0%| F|  |TAMS 0x0000000600a00000, 0x0000000600a00000| Untracked 
|   6|0x0000000600c00000, 0x0000000600c00000, 0x0000000600e00000|  0%| F|  |TAMS 0x0000000600c00000, 0x0000000600c00000| Untracked 
|   7|0x0000000600e00000, 0x0000000600e00000, 0x0000000601000000|  0%| F|  |TAMS 0x0000000600e00000, 0x0000000600e00000| Untracked 
|   8|0x0000000601000000, 0x0000000601000000, 0x0000000601200000|  0%| F|  |TAMS 0x0000000601000000, 0x0000000601000000| Untracked 
|   9|0x0000000601200000, 0x00000006012f31b0, 0x0000000601400000| 47%| S|CS|TAMS 0x0000000601200000, 0x0000000601200000| Complete 
|  10|0x0000000601400000, 0x0000000601400000, 0x0000000601600000|  0%| F|  |TAMS 0x0000000601400000, 0x0000000601400000| Untracked 
|  11|0x0000000601600000, 0x0000000601600000, 0x0000000601800000|  0%| F|  |TAMS 0x0000000601600000, 0x0000000601600000| Untracked 
|  12|0x0000000601800000, 0x00000006019015e8, 0x0000000601a00000| 50%| E|  |TAMS 0x0000000601800000, 0x0000000601800000| Complete 
|  13|0x0000000601a00000, 0x0000000601c00000, 0x0000000601c00000|100%| E|CS|TAMS 0x0000000601a00000, 0x0000000601a00000| Complete 

Card table byte_map: [0x00000001247c6000,0x00000001257c6000] _byte_map_base: 0x00000001217c6000

Marking Bits (Prev, Next): (CMBitMap*) 0x00007f7f18837a18, (CMBitMap*) 0x00007f7f18837a50
 Prev Bits: [0x00000001267c6000, 0x000000012e7c6000)
 Next Bits: [0x000000012e7c6000, 0x00000001367c6000)

Polling page: 0x0000000100a32000

Metaspace:

Usage:
  Non-class:     22.87 MB capacity,    22.55 MB ( 99%) used,   275.14 KB (  1%) free+waste,    57.50 KB ( <1%) overhead. 
      Class:      2.70 MB capacity,     2.50 MB ( 93%) used,   173.83 KB (  6%) free+waste,    28.06 KB (  1%) overhead. 
       Both:     25.57 MB capacity,    25.05 MB ( 98%) used,   448.97 KB (  2%) free+waste,    85.56 KB ( <1%) overhead. 

Virtual space:
  Non-class space:       24.00 MB reserved,      23.25 MB ( 97%) committed 
      Class space:        1.00 GB reserved,       2.75 MB ( <1%) committed 
             Both:        1.02 GB reserved,      26.00 MB (  2%) committed 

Chunk freelists:
   Non-Class:  221.00 KB
       Class:  21.00 KB
        Both:  242.00 KB

MaxMetaspaceSize: unlimited
CompressedClassSpaceSize: 1.00 GB
Initial GC threshold: 20.80 MB
Current GC threshold: 31.25 MB
CDS: off

CodeHeap 'non-profiled nmethods': size=120032Kb used=1340Kb max_used=1340Kb free=118691Kb
 bounds [0x000000011c28e000, 0x000000011c4fe000, 0x00000001237c6000]
CodeHeap 'profiled nmethods': size=120028Kb used=5767Kb max_used=5767Kb free=114260Kb
 bounds [0x0000000114d57000, 0x0000000115307000, 0x000000011c28e000]
CodeHeap 'non-nmethods': size=5700Kb used=1432Kb max_used=1453Kb free=4268Kb
 bounds [0x00000001147c6000, 0x0000000114a36000, 0x0000000114d57000]
 total_blobs=3769 nmethods=2994 adapters=689
 compilation: enabled
              stopped_count=0, restarted_count=0
 full_count=0

Compilation events (20 events):
Event: 15.061 Thread 0x00007f7f1681d800 2985       4       com.jme3.scene.Spatial::getQueueBucket (34 bytes)
Event: 15.062 Thread 0x00007f7f1681d800 nmethod 2985 0x000000011c3dbb10 code [0x000000011c3dbcc0, 0x000000011c3dbd88]
Event: 15.189 Thread 0x00007f7f1681d800 2986       4       com.jme3.math.Matrix4f::fillFloatArray (252 bytes)
Event: 15.191 Thread 0x00007f7f1681d800 nmethod 2986 0x000000011c3dbe90 code [0x000000011c3dc020, 0x000000011c3dc178]
Event: 15.253 Thread 0x00007f7f1681d800 2987 %     4       com.jme3.util.IntMap::clear @ 8 (28 bytes)
Event: 15.255 Thread 0x00007f7f1681d800 nmethod 2987% 0x000000011c3dc290 code [0x000000011c3dc440, 0x000000011c3dc5b8]
Event: 15.527 Thread 0x00007f7f1681d800 2988       4       com.jme3.math.Matrix3f::loadIdentity (46 bytes)
Event: 15.528 Thread 0x00007f7f1681d800 nmethod 2988 0x000000011c3dc710 code [0x000000011c3dc8a0, 0x000000011c3dc938]
Event: 15.836 Thread 0x00007f7f17009800 2990       3       sun.java2d.pipe.RenderQueue::unlock (4 bytes)
Event: 15.837 Thread 0x00007f7f17009800 nmethod 2990 0x00000001152f8090 code [0x00000001152f8260, 0x00000001152f84e0]
Event: 15.837 Thread 0x00007f7f17009800 2991       3       sun.awt.SunToolkit::awtUnlock (7 bytes)
Event: 15.837 Thread 0x00007f7f17009800 nmethod 2991 0x00000001152f8610 code [0x00000001152f87e0, 0x00000001152f89e0]
Event: 15.837 Thread 0x00007f7f17009800 2989       1       sun.java2d.opengl.OGLRenderQueue::access$000 (5 bytes)
Event: 15.837 Thread 0x00007f7f17009800 nmethod 2989 0x000000011c3dca10 code [0x000000011c3dcbc0, 0x000000011c3dcc50]
Event: 16.119 Thread 0x00007f7f17009800 2992       3       java.util.HashMap::afterNodeRemoval (1 bytes)
Event: 16.119 Thread 0x00007f7f1681d800 2993       4       com.jme3.util.NativeObject::setUpdateNeeded (6 bytes)
Event: 16.120 Thread 0x00007f7f17009800 nmethod 2992 0x00000001152f8b10 code [0x00000001152f8cc0, 0x00000001152f8db0]
Event: 16.120 Thread 0x00007f7f1681d800 nmethod 2993 0x000000011c3dcd10 code [0x000000011c3dcea0, 0x000000011c3dcef8]
Event: 16.130 Thread 0x00007f7f1681d800 2994   !   4       java.nio.DirectByteBuffer::put (32 bytes)
Event: 16.131 Thread 0x00007f7f1681d800 nmethod 2994 0x000000011c3dd010 code [0x000000011c3dd1a0, 0x000000011c3dd258]

GC Heap History (20 events):
Event: 4.785 GC heap before
{Heap before GC invocations=2 (full 2):
 garbage-first heap   total 28672K, used 15124K [0x0000000600000000, 0x0000000800000000)
  region size 2048K, 4 young (8192K), 0 survivors (0K)
 Metaspace       used 22574K, capacity 23070K, committed 23296K, reserved 1071104K
  class space    used 2341K, capacity 2537K, committed 2560K, reserved 1048576K
}
Event: 4.793 GC heap after
{Heap after GC invocations=3 (full 2):
 garbage-first heap   total 28672K, used 8601K [0x0000000600000000, 0x0000000800000000)
  region size 2048K, 1 young (2048K), 1 survivors (2048K)
 Metaspace       used 22574K, capacity 23070K, committed 23296K, reserved 1071104K
  class space    used 2341K, capacity 2537K, committed 2560K, reserved 1048576K
}
Event: 5.067 GC heap before
{Heap before GC invocations=3 (full 2):
 garbage-first heap   total 28672K, used 12697K [0x0000000600000000, 0x0000000800000000)
  region size 2048K, 4 young (8192K), 1 survivors (2048K)
 Metaspace       used 24660K, capacity 25189K, committed 25600K, reserved 1073152K
  class space    used 2534K, capacity 2731K, committed 2816K, reserved 1048576K
}
Event: 5.072 GC heap after
{Heap after GC invocations=4 (full 2):
 garbage-first heap   total 28672K, used 9370K [0x0000000600000000, 0x0000000800000000)
  region size 2048K, 1 young (2048K), 1 survivors (2048K)
 Metaspace       used 24660K, capacity 25189K, committed 25600K, reserved 1073152K
  class space    used 2534K, capacity 2731K, committed 2816K, reserved 1048576K
}
Event: 5.500 GC heap before
{Heap before GC invocations=4 (full 2):
 garbage-first heap   total 28672K, used 13466K [0x0000000600000000, 0x0000000800000000)
  region size 2048K, 3 young (6144K), 1 survivors (2048K)
 Metaspace       used 25174K, capacity 25670K, committed 26112K, reserved 1073152K
  class space    used 2559K, capacity 2763K, committed 2816K, reserved 1048576K
}
Event: 5.503 GC heap after
{Heap after GC invocations=5 (full 2):
 garbage-first heap   total 28672K, used 9407K [0x0000000600000000, 0x0000000800000000)
  region size 2048K, 1 young (2048K), 1 survivors (2048K)
 Metaspace       used 25174K, capacity 25670K, committed 26112K, reserved 1073152K
  class space    used 2559K, capacity 2763K, committed 2816K, reserved 1048576K
}
Event: 6.866 GC heap before
{Heap before GC invocations=5 (full 2):
 garbage-first heap   total 28672K, used 15551K [0x0000000600000000, 0x0000000800000000)
  region size 2048K, 4 young (8192K), 1 survivors (2048K)
 Metaspace       used 25412K, capacity 25926K, committed 26368K, reserved 1073152K
  class space    used 2559K, capacity 2763K, committed 2816K, reserved 1048576K
}
Event: 6.876 GC heap after
{Heap after GC invocations=6 (full 2):
 garbage-first heap   total 28672K, used 9403K [0x0000000600000000, 0x0000000800000000)
  region size 2048K, 1 young (2048K), 1 survivors (2048K)
 Metaspace       used 25412K, capacity 25926K, committed 26368K, reserved 1073152K
  class space    used 2559K, capacity 2763K, committed 2816K, reserved 1048576K
}
Event: 8.124 GC heap before
{Heap before GC invocations=6 (full 2):
 garbage-first heap   total 28672K, used 15547K [0x0000000600000000, 0x0000000800000000)
  region size 2048K, 4 young (8192K), 1 survivors (2048K)
 Metaspace       used 25523K, capacity 26054K, committed 26368K, reserved 1073152K
  class space    used 2560K, capacity 2763K, committed 2816K, reserved 1048576K
}
Event: 8.130 GC heap after
{Heap after GC invocations=7 (full 2):
 garbage-first heap   total 28672K, used 9442K [0x0000000600000000, 0x0000000800000000)
  region size 2048K, 1 young (2048K), 1 survivors (2048K)
 Metaspace       used 25523K, capacity 26054K, committed 26368K, reserved 1073152K
  class space    used 2560K, capacity 2763K, committed 2816K, reserved 1048576K
}
Event: 9.495 GC heap before
{Heap before GC invocations=7 (full 2):
 garbage-first heap   total 28672K, used 15586K [0x0000000600000000, 0x0000000800000000)
  region size 2048K, 4 young (8192K), 1 survivors (2048K)
 Metaspace       used 25574K, capacity 26118K, committed 26624K, reserved 1073152K
  class space    used 2560K, capacity 2763K, committed 2816K, reserved 1048576K
}
Event: 9.502 GC heap after
{Heap after GC invocations=8 (full 2):
 garbage-first heap   total 28672K, used 9429K [0x0000000600000000, 0x0000000800000000)
  region size 2048K, 1 young (2048K), 1 survivors (2048K)
 Metaspace       used 25574K, capacity 26118K, committed 26624K, reserved 1073152K
  class space    used 2560K, capacity 2763K, committed 2816K, reserved 1048576K
}
Event: 10.936 GC heap before
{Heap before GC invocations=8 (full 2):
 garbage-first heap   total 28672K, used 15573K [0x0000000600000000, 0x0000000800000000)
  region size 2048K, 4 young (8192K), 1 survivors (2048K)
 Metaspace       used 25627K, capacity 26182K, committed 26624K, reserved 1073152K
  class space    used 2560K, capacity 2763K, committed 2816K, reserved 1048576K
}
Event: 10.944 GC heap after
{Heap after GC invocations=9 (full 2):
 garbage-first heap   total 28672K, used 9441K [0x0000000600000000, 0x0000000800000000)
  region size 2048K, 1 young (2048K), 1 survivors (2048K)
 Metaspace       used 25627K, capacity 26182K, committed 26624K, reserved 1073152K
  class space    used 2560K, capacity 2763K, committed 2816K, reserved 1048576K
}
Event: 12.319 GC heap before
{Heap before GC invocations=9 (full 2):
 garbage-first heap   total 28672K, used 15585K [0x0000000600000000, 0x0000000800000000)
  region size 2048K, 4 young (8192K), 1 survivors (2048K)
 Metaspace       used 25627K, capacity 26182K, committed 26624K, reserved 1073152K
  class space    used 2560K, capacity 2763K, committed 2816K, reserved 1048576K
}
Event: 12.329 GC heap after
{Heap after GC invocations=10 (full 2):
 garbage-first heap   total 28672K, used 9418K [0x0000000600000000, 0x0000000800000000)
  region size 2048K, 1 young (2048K), 1 survivors (2048K)
 Metaspace       used 25627K, capacity 26182K, committed 26624K, reserved 1073152K
  class space    used 2560K, capacity 2763K, committed 2816K, reserved 1048576K
}
Event: 13.785 GC heap before
{Heap before GC invocations=10 (full 2):
 garbage-first heap   total 28672K, used 15562K [0x0000000600000000, 0x0000000800000000)
  region size 2048K, 4 young (8192K), 1 survivors (2048K)
 Metaspace       used 25627K, capacity 26182K, committed 26624K, reserved 1073152K
  class space    used 2560K, capacity 2763K, committed 2816K, reserved 1048576K
}
Event: 13.792 GC heap after
{Heap after GC invocations=11 (full 2):
 garbage-first heap   total 28672K, used 9425K [0x0000000600000000, 0x0000000800000000)
  region size 2048K, 1 young (2048K), 1 survivors (2048K)
 Metaspace       used 25627K, capacity 26182K, committed 26624K, reserved 1073152K
  class space    used 2560K, capacity 2763K, committed 2816K, reserved 1048576K
}
Event: 15.441 GC heap before
{Heap before GC invocations=11 (full 2):
 garbage-first heap   total 28672K, used 15569K [0x0000000600000000, 0x0000000800000000)
  region size 2048K, 4 young (8192K), 1 survivors (2048K)
 Metaspace       used 25627K, capacity 26182K, committed 26624K, reserved 1073152K
  class space    used 2560K, capacity 2763K, committed 2816K, reserved 1048576K
}
Event: 15.450 GC heap after
{Heap after GC invocations=12 (full 2):
 garbage-first heap   total 28672K, used 9441K [0x0000000600000000, 0x0000000800000000)
  region size 2048K, 1 young (2048K), 1 survivors (2048K)
 Metaspace       used 25627K, capacity 26182K, committed 26624K, reserved 1073152K
  class space    used 2560K, capacity 2763K, committed 2816K, reserved 1048576K
}

Deoptimization events (20 events):
Event: 6.803 Thread 0x00007f7f18cda000 DEOPT PACKING pc=0x00000001151a27d7 sp=0x0000000307f92760
Event: 6.803 Thread 0x00007f7f18cda000 DEOPT UNPACKING pc=0x000000011481062b sp=0x0000000307f91cb0 mode 0
Event: 6.965 Thread 0x00007f7f18cda000 DEOPT PACKING pc=0x0000000115219c44 sp=0x0000000307f924a0
Event: 6.965 Thread 0x00007f7f18cda000 DEOPT UNPACKING pc=0x000000011481062b sp=0x0000000307f919d8 mode 0
Event: 7.514 Thread 0x00007f7f18cda000 DEOPT PACKING pc=0x00000001151f97bd sp=0x0000000307f92830
Event: 7.514 Thread 0x00007f7f18cda000 DEOPT UNPACKING pc=0x000000011481062b sp=0x0000000307f91d40 mode 0
Event: 7.515 Thread 0x00007f7f18cda000 DEOPT PACKING pc=0x00000001151fca1c sp=0x0000000307f92410
Event: 7.515 Thread 0x00007f7f18cda000 DEOPT UNPACKING pc=0x000000011481062b sp=0x0000000307f91930 mode 0
Event: 7.899 Thread 0x00007f7f18cda000 DEOPT PACKING pc=0x000000011523c997 sp=0x0000000307f926a0
Event: 7.899 Thread 0x00007f7f18cda000 DEOPT UNPACKING pc=0x000000011481062b sp=0x0000000307f91c20 mode 0
Event: 9.623 Thread 0x00007f7f18cda000 DEOPT PACKING pc=0x000000011524d142 sp=0x0000000307f92640
Event: 9.623 Thread 0x00007f7f18cda000 DEOPT UNPACKING pc=0x000000011481062b sp=0x0000000307f91b80 mode 0
Event: 9.644 Thread 0x00007f7f18cda000 DEOPT PACKING pc=0x0000000115250558 sp=0x0000000307f92540
Event: 9.644 Thread 0x00007f7f18cda000 DEOPT UNPACKING pc=0x000000011481062b sp=0x0000000307f91a98 mode 0
Event: 12.366 Thread 0x00007f7f18cda000 DEOPT PACKING pc=0x000000011523099f sp=0x0000000307f92170
Event: 12.366 Thread 0x00007f7f18cda000 DEOPT UNPACKING pc=0x000000011481062b sp=0x0000000307f915c0 mode 0
Event: 12.819 Thread 0x00007f7f18cda000 DEOPT PACKING pc=0x0000000115220989 sp=0x0000000307f92640
Event: 12.819 Thread 0x00007f7f18cda000 DEOPT UNPACKING pc=0x000000011481062b sp=0x0000000307f91ba8 mode 0
Event: 13.591 Thread 0x00007f7f18cda000 DEOPT PACKING pc=0x00000001151885d9 sp=0x0000000307f92150
Event: 13.591 Thread 0x00007f7f18cda000 DEOPT UNPACKING pc=0x000000011481062b sp=0x0000000307f915f8 mode 0

Classes redefined (0 events):
No events

Internal exceptions (20 events):
Event: 2.046 Thread 0x00007f7ee6895800 Exception <a 'java/lang/NoSuchMethodError'{0x000000061f18aad0}: 'java.lang.Object java.lang.invoke.DirectMethodHandle$Holder.invokeStatic(java.lang.Object, int, int, java.lang.Object, java.lang.Object, java.lang.Object)'> (0x000000061f18aad0) thrown at [./src/hotspot/share/interpreter/linkResolver.cpp, line 773]
Event: 3.878 Thread 0x00007f7f07009000 Exception <a 'java/lang/ClassNotFoundException'{0x0000000601b63b48}: sun/util/logging/resources/spi/loggingProvider> (0x0000000601b63b48) thrown at [./src/hotspot/share/classfile/systemDictionary.cpp, line 230]
Event: 3.931 Thread 0x00007f7f18cda000 Implicit null exception at 0x000000011c2d59f4 to 0x000000011c2d5ec4
Event: 3.931 Thread 0x00007f7f18cda000 Implicit null exception at 0x000000011c2d4cf4 to 0x000000011c2d519c
Event: 4.752 Thread 0x00007f7f18cda000 Exception <a 'java/lang/NoSuchMethodError'{0x00000006015500c8}: 'int java.lang.invoke.DirectMethodHandle$Holder.invokeSpecialIFC(java.lang.Object, java.lang.Object, int)'> (0x00000006015500c8) thrown at [./src/hotspot/share/interpreter/linkResolver.cpp, line 773]
Event: 4.844 Thread 0x00007f7f18cda000 Exception <a 'java/security/PrivilegedActionException'{0x0000000601bebd68}> (0x0000000601bebd68) thrown at [./src/hotspot/share/prims/jvm.cpp, line 1306]
Event: 4.844 Thread 0x00007f7f18cda000 Exception <a 'java/security/PrivilegedActionException'{0x0000000601bee518}> (0x0000000601bee518) thrown at [./src/hotspot/share/prims/jvm.cpp, line 1306]
Event: 4.844 Thread 0x00007f7f18cda000 Exception <a 'java/security/PrivilegedActionException'{0x0000000601bef4d0}> (0x0000000601bef4d0) thrown at [./src/hotspot/share/prims/jvm.cpp, line 1306]
Event: 4.844 Thread 0x00007f7f18cda000 Exception <a 'java/security/PrivilegedActionException'{0x0000000601bf4b78}> (0x0000000601bf4b78) thrown at [./src/hotspot/share/prims/jvm.cpp, line 1306]
Event: 4.844 Thread 0x00007f7f18cda000 Exception <a 'java/security/PrivilegedActionException'{0x0000000601bf5738}> (0x0000000601bf5738) thrown at [./src/hotspot/share/prims/jvm.cpp, line 1306]
Event: 4.844 Thread 0x00007f7f18cda000 Exception <a 'java/security/PrivilegedActionException'{0x0000000601bf62b8}> (0x0000000601bf62b8) thrown at [./src/hotspot/share/prims/jvm.cpp, line 1306]
Event: 4.845 Thread 0x00007f7f18cda000 Exception <a 'org/lwjgl/LWJGLException'{0x0000000601bf78e0}: Could not load OpenAL library> (0x0000000601bf78e0) thrown at [./src/hotspot/share/prims/jni.cpp, line 638]
Event: 4.845 Thread 0x00007f7f18cda000 Exception <a 'org/lwjgl/LWJGLException'{0x0000000601bf7e50}: Could not load OpenAL library> (0x0000000601bf7e50) thrown at [./src/hotspot/share/prims/jni.cpp, line 638]
Event: 4.845 Thread 0x00007f7f18cda000 Exception <a 'org/lwjgl/LWJGLException'{0x0000000601bf8328}: Could not load OpenAL library> (0x0000000601bf8328) thrown at [./src/hotspot/share/prims/jni.cpp, line 638]
Event: 4.845 Thread 0x00007f7f18cda000 Exception <a 'org/lwjgl/LWJGLException'{0x0000000601bf87c0}: Could not load OpenAL library> (0x0000000601bf87c0) thrown at [./src/hotspot/share/prims/jni.cpp, line 638]
Event: 4.845 Thread 0x00007f7f18cda000 Exception <a 'org/lwjgl/LWJGLException'{0x0000000601bf8c78}: Could not load OpenAL library> (0x0000000601bf8c78) thrown at [./src/hotspot/share/prims/jni.cpp, line 638]
Event: 4.845 Thread 0x00007f7f18cda000 Exception <a 'org/lwjgl/LWJGLException'{0x0000000601bf9128}: Could not load OpenAL library> (0x0000000601bf9128) thrown at [./src/hotspot/share/prims/jni.cpp, line 638]
Event: 4.846 Thread 0x00007f7f18cda000 Exception <a 'org/lwjgl/LWJGLException'{0x0000000601bf9590}: Could not load OpenAL library> (0x0000000601bf9590) thrown at [./src/hotspot/share/prims/jni.cpp, line 638]
Event: 4.846 Thread 0x00007f7f18cda000 Exception <a 'org/lwjgl/LWJGLException'{0x0000000601bf99d8}: Could not load OpenAL library> (0x0000000601bf99d8) thrown at [./src/hotspot/share/prims/jni.cpp, line 638]
Event: 4.846 Thread 0x00007f7f18cda000 Exception <a 'org/lwjgl/LWJGLException'{0x0000000601bf9f10}: Could not load OpenAL library> (0x0000000601bf9f10) thrown at [./src/hotspot/share/prims/jni.cpp, line 638]

Events (20 events):
Event: 7.962 Loaded shared library /Users/finngarrels/Desktop/Orientierung Projekt Schwarm/Flocking/liblwjgl.dylib
Event: 8.123 Executing VM operation: G1CollectForAllocation
Event: 8.130 Executing VM operation: G1CollectForAllocation done
Event: 9.257 Loaded shared library /Users/finngarrels/Desktop/Orientierung Projekt Schwarm/Flocking/liblwjgl.dylib
Event: 9.494 Executing VM operation: G1CollectForAllocation
Event: 9.502 Executing VM operation: G1CollectForAllocation done
Event: 10.936 Executing VM operation: G1CollectForAllocation
Event: 10.944 Executing VM operation: G1CollectForAllocation done
Event: 12.319 Executing VM operation: G1CollectForAllocation
Event: 12.329 Executing VM operation: G1CollectForAllocation done
Event: 13.784 Executing VM operation: G1CollectForAllocation
Event: 13.792 Executing VM operation: G1CollectForAllocation done
Event: 15.440 Executing VM operation: G1CollectForAllocation
Event: 15.450 Executing VM operation: G1CollectForAllocation done
Event: 16.099 Executing VM operation: RevokeBias
Event: 16.100 Executing VM operation: RevokeBias done
Event: 16.107 loading class com/jme3/input/event/KeyInputEvent
Event: 16.107 loading class com/jme3/input/event/KeyInputEvent done
Event: 16.126 loading class org/lwjgl/opengl/CallbackUtil
Event: 16.126 loading class org/lwjgl/opengl/CallbackUtil done


Dynamic libraries:
0x0000000108fe5000 	/Applications/jmonkeyplatform.app/Contents/Resources/jmonkeyplatform/jdk/lib/jli/libjli.dylib
0x00007ff8301f8000 	/System/Library/Frameworks/Cocoa.framework/Versions/A/Cocoa
0x00007ff81acef000 	/System/Library/Frameworks/AppKit.framework/Versions/C/AppKit
0x00007ff81d9aa000 	/System/Library/Frameworks/CoreData.framework/Versions/A/CoreData
0x00007ff8189da000 	/System/Library/Frameworks/Foundation.framework/Versions/C/Foundation
0x00007ff823d6a000 	/usr/lib/libSystem.B.dylib
0x00007ff81bcf8000 	/System/Library/PrivateFrameworks/UIFoundation.framework/Versions/A/UIFoundation
0x00007ffb18857000 	/System/Library/PrivateFrameworks/CollectionViewCore.framework/Versions/A/CollectionViewCore
0x00007ff82a1b6000 	/System/Library/PrivateFrameworks/RemoteViewServices.framework/Versions/A/RemoteViewServices
0x00007ff821e11000 	/System/Library/PrivateFrameworks/XCTTargetBootstrap.framework/Versions/A/XCTTargetBootstrap
0x00007ff825c99000 	/System/Library/PrivateFrameworks/InternationalSupport.framework/Versions/A/InternationalSupport
0x00007ff825d22000 	/System/Library/PrivateFrameworks/UserActivity.framework/Versions/A/UserActivity
0x00007ffb2eb29000 	/System/Library/PrivateFrameworks/WindowManagement.framework/Versions/A/WindowManagement
0x00007ff8186c4000 	/System/Library/Frameworks/SystemConfiguration.framework/Versions/A/SystemConfiguration
0x00007ff825096000 	/usr/lib/libspindump.dylib
0x00007ff81bec6000 	/System/Library/Frameworks/UniformTypeIdentifiers.framework/Versions/A/UniformTypeIdentifiers
0x00007ff8202f1000 	/usr/lib/libapp_launch_measurement.dylib
0x00007ff81ef65000 	/System/Library/PrivateFrameworks/CoreAnalytics.framework/Versions/A/CoreAnalytics
0x00007ff8202f4000 	/System/Library/PrivateFrameworks/CoreAutoLayout.framework/Versions/A/CoreAutoLayout
0x00007ff821685000 	/System/Library/Frameworks/Metal.framework/Versions/A/Metal
0x00007ff8225d4000 	/usr/lib/liblangid.dylib
0x00007ff821e16000 	/System/Library/PrivateFrameworks/CoreSVG.framework/Versions/A/CoreSVG
0x00007ff81c800000 	/System/Library/PrivateFrameworks/SkyLight.framework/Versions/A/SkyLight
0x00007ff81cbea000 	/System/Library/Frameworks/CoreGraphics.framework/Versions/A/CoreGraphics
0x00007ff82a888000 	/System/Library/Frameworks/Accelerate.framework/Versions/A/Accelerate
0x00007ff824b0b000 	/System/Library/PrivateFrameworks/IconServices.framework/Versions/A/IconServices
0x00007ff821668000 	/System/Library/Frameworks/IOSurface.framework/Versions/A/IOSurface
0x00007ff81ef8f000 	/usr/lib/libDiagnosticMessagesClient.dylib
0x00007ff823c80000 	/usr/lib/libz.1.dylib
0x00007ff82de0a000 	/System/Library/Frameworks/ApplicationServices.framework/Versions/A/ApplicationServices
0x00007ff821dfd000 	/System/Library/PrivateFrameworks/DFRFoundation.framework/Versions/A/DFRFoundation
0x00007ff81a5b7000 	/usr/lib/libicucore.A.dylib
0x00007ff826b3c000 	/System/Library/Frameworks/AudioToolbox.framework/Versions/A/AudioToolbox
0x00007ff825ca4000 	/System/Library/PrivateFrameworks/DataDetectorsCore.framework/Versions/A/DataDetectorsCore
0x00007ff91f48f000 	/System/Library/PrivateFrameworks/TextInput.framework/Versions/A/TextInput
0x00007ff81c775000 	/usr/lib/libMobileGestalt.dylib
0x00007ff821b05000 	/System/Library/Frameworks/Carbon.framework/Versions/A/Frameworks/HIToolbox.framework/Versions/A/HIToolbox
0x00007ff81fc92000 	/System/Library/Frameworks/QuartzCore.framework/Versions/A/QuartzCore
0x00007ff81a235000 	/System/Library/Frameworks/Security.framework/Versions/A/Security
0x00007ff82a1ee000 	/System/Library/Frameworks/Carbon.framework/Versions/A/Frameworks/SpeechRecognition.framework/Versions/A/SpeechRecognition
0x00007ff820031000 	/System/Library/PrivateFrameworks/CoreUI.framework/Versions/A/CoreUI
0x00007ff819b16000 	/System/Library/Frameworks/CoreAudio.framework/Versions/A/CoreAudio
0x00007ff81f069000 	/System/Library/Frameworks/DiskArbitration.framework/Versions/A/DiskArbitration
0x00007ff8254b4000 	/System/Library/PrivateFrameworks/MultitouchSupport.framework/Versions/A/MultitouchSupport
0x00007ff81c774000 	/usr/lib/libenergytrace.dylib
0x00007ff81abd1000 	/System/Library/Frameworks/IOKit.framework/Versions/A/IOKit
0x00007ff82a5e7000 	/System/Library/Frameworks/CoreServices.framework/Versions/A/CoreServices
0x00007ff820289000 	/System/Library/PrivateFrameworks/PerformanceAnalysis.framework/Versions/A/PerformanceAnalysis
0x00007ffa2dd85000 	/System/Library/Frameworks/OpenGL.framework/Versions/A/OpenGL
0x00007ff82033c000 	/usr/lib/libxml2.2.dylib
0x00007ff8231e0000 	/System/Library/PrivateFrameworks/MobileKeyBag.framework/Versions/A/MobileKeyBag
0x00007ff817854000 	/usr/lib/libobjc.A.dylib
0x00007ff817b1a000 	/usr/lib/libc++.1.dylib
0x00007ff81d40c000 	/System/Library/Frameworks/ColorSync.framework/Versions/A/ColorSync
0x00007ff817c25000 	/System/Library/Frameworks/CoreFoundation.framework/Versions/A/CoreFoundation
0x00007ff8221b1000 	/System/Library/Frameworks/CoreImage.framework/Versions/A/CoreImage
0x00007ff819927000 	/System/Library/Frameworks/CoreText.framework/Versions/A/CoreText
0x00007ff821e4e000 	/System/Library/Frameworks/ImageIO.framework/Versions/A/ImageIO
0x00007ff823d70000 	/System/Library/PrivateFrameworks/SoftLinking.framework/Versions/A/SoftLinking
0x00007ff823ff0000 	/usr/lib/libcompression.dylib
0x00007ff825bcb000 	/System/Library/PrivateFrameworks/TextureIO.framework/Versions/A/TextureIO
0x00007ff82473b000 	/usr/lib/libate.dylib
0x00007ff823d65000 	/usr/lib/system/libcache.dylib
0x00007ff823d20000 	/usr/lib/system/libcommonCrypto.dylib
0x00007ff823d49000 	/usr/lib/system/libcompiler_rt.dylib
0x00007ff823d3f000 	/usr/lib/system/libcopyfile.dylib
0x00007ff817983000 	/usr/lib/system/libcorecrypto.dylib
0x00007ff817a47000 	/usr/lib/system/libdispatch.dylib
0x00007ff817bcf000 	/usr/lib/system/libdyld.dylib
0x00007ff823d5b000 	/usr/lib/system/libkeymgr.dylib
0x00007ff823cff000 	/usr/lib/system/libmacho.dylib
0x00007ff8232cd000 	/usr/lib/system/libquarantine.dylib
0x00007ff823d59000 	/usr/lib/system/libremovefile.dylib
0x00007ff81c7ce000 	/usr/lib/system/libsystem_asl.dylib
0x00007ff817925000 	/usr/lib/system/libsystem_blocks.dylib
0x00007ff817a91000 	/usr/lib/system/libsystem_c.dylib
0x00007ff823d51000 	/usr/lib/system/libsystem_collections.dylib
0x00007ff8225c5000 	/usr/lib/system/libsystem_configuration.dylib
0x00007ff821639000 	/usr/lib/system/libsystem_containermanager.dylib
0x00007ff8239b8000 	/usr/lib/system/libsystem_coreservices.dylib
0x00007ff81a84b000 	/usr/lib/system/libsystem_darwin.dylib
0x00007ff823d5c000 	/usr/lib/system/libsystem_dnssd.dylib
0x00007ff817a8e000 	/usr/lib/system/libsystem_featureflags.dylib
0x00007ff817bfa000 	/usr/lib/system/libsystem_info.dylib
0x00007ff823c93000 	/usr/lib/system/libsystem_m.dylib
0x00007ff817a1a000 	/usr/lib/system/libsystem_malloc.dylib
0x00007ff81c75d000 	/usr/lib/system/libsystem_networkextension.dylib
0x00007ff81ac90000 	/usr/lib/system/libsystem_notify.dylib
0x00007ff8225c9000 	/usr/lib/system/libsystem_sandbox.dylib
0x00007ff823d56000 	/usr/lib/system/libsystem_secinit.dylib
0x00007ff817b89000 	/usr/lib/system/libsystem_kernel.dylib
0x00007ff817bf0000 	/usr/lib/system/libsystem_platform.dylib
0x00007ff817bc3000 	/usr/lib/system/libsystem_pthread.dylib
0x00007ff81e21e000 	/usr/lib/system/libsystem_symptoms.dylib
0x00007ff817969000 	/usr/lib/system/libsystem_trace.dylib
0x00007ff823d2c000 	/usr/lib/system/libunwind.dylib
0x00007ff817929000 	/usr/lib/system/libxpc.dylib
0x00007ff817b73000 	/usr/lib/libc++abi.dylib
0x00007ff823d37000 	/usr/lib/liboah.dylib
0x00007ff8244cb000 	/usr/lib/liblzma.5.dylib
0x00007ff823d6c000 	/usr/lib/libfakelink.dylib
0x00007ff81c3b7000 	/System/Library/Frameworks/CFNetwork.framework/Versions/A/CFNetwork
0x00007ff823ea9000 	/usr/lib/libarchive.2.dylib
0x00007ff82848f000 	/System/Library/Frameworks/Combine.framework/Versions/A/Combine
0x00007ff8265b4000 	/usr/lib/swift/libswiftCore.dylib
0x00007ff91c4d4000 	/usr/lib/swift/libswiftCoreFoundation.dylib
0x00007ff91a48d000 	/usr/lib/swift/libswiftDarwin.dylib
0x00007ff82be09000 	/usr/lib/swift/libswiftDispatch.dylib
0x00007ff91c4f0000 	/usr/lib/swift/libswiftIOKit.dylib
0x00007ff82e243000 	/usr/lib/swift/libswiftObjectiveC.dylib
0x00007ff91c4e5000 	/usr/lib/swift/libswiftXPC.dylib
0x00007ffb35403000 	/usr/lib/swift/libswift_Concurrency.dylib
0x00007ffb35542000 	/usr/lib/swift/libswift_StringProcessing.dylib
0x00007ff82e247000 	/usr/lib/swift/libswiftos.dylib
0x00007ff81ab52000 	/System/Library/PrivateFrameworks/CoreServicesInternal.framework/Versions/A/CoreServicesInternal
0x00007ff8232f4000 	/usr/lib/libbsm.0.dylib
0x00007ff823d04000 	/usr/lib/system/libkxld.dylib
0x00007ff8202bd000 	/System/Library/Frameworks/CoreServices.framework/Versions/A/Frameworks/FSEvents.framework/Versions/A/FSEvents
0x00007ff81a856000 	/System/Library/Frameworks/CoreServices.framework/Versions/A/Frameworks/CarbonCore.framework/Versions/A/CarbonCore
0x00007ff81efd2000 	/System/Library/Frameworks/CoreServices.framework/Versions/A/Frameworks/Metadata.framework/Versions/A/Metadata
0x00007ff8239be000 	/System/Library/Frameworks/CoreServices.framework/Versions/A/Frameworks/OSServices.framework/Versions/A/OSServices
0x00007ff823f31000 	/System/Library/Frameworks/CoreServices.framework/Versions/A/Frameworks/SearchKit.framework/Versions/A/SearchKit
0x00007ff81e1a5000 	/System/Library/Frameworks/CoreServices.framework/Versions/A/Frameworks/AE.framework/Versions/A/AE
0x00007ff8180bd000 	/System/Library/Frameworks/CoreServices.framework/Versions/A/Frameworks/LaunchServices.framework/Versions/A/LaunchServices
0x00007ff82447c000 	/System/Library/Frameworks/CoreServices.framework/Versions/A/Frameworks/DictionaryServices.framework/Versions/A/DictionaryServices
0x00007ff8202ca000 	/System/Library/Frameworks/CoreServices.framework/Versions/A/Frameworks/SharedFileList.framework/Versions/A/SharedFileList
0x00007ff823fbd000 	/usr/lib/libapple_nghttp2.dylib
0x00007ff81c3b3000 	/usr/lib/libnetwork.dylib
0x00007ff81de23000 	/usr/lib/libsqlite3.dylib
0x00007ff81e226000 	/System/Library/Frameworks/Network.framework/Versions/A/Network
0x00007ffb343ed000 	/usr/lib/libCoreEntitlements.dylib
0x00007ffb21d28000 	/System/Library/PrivateFrameworks/MessageSecurity.framework/Versions/A/MessageSecurity
0x00007ff81de0a000 	/System/Library/PrivateFrameworks/ProtocolBuffer.framework/Versions/A/ProtocolBuffer
0x00007ff823997000 	/System/Library/PrivateFrameworks/AppleFSCompression.framework/Versions/A/AppleFSCompression
0x00007ff8232dc000 	/usr/lib/libcoretls.dylib
0x00007ff8244e5000 	/usr/lib/libcoretls_cfhelpers.dylib
0x00007ff823fea000 	/usr/lib/libpam.2.dylib
0x00007ff824553000 	/usr/lib/libxar.1.dylib
0x00007ff824ae7000 	/usr/lib/libheimdal-asn1.dylib
0x00007ff823d71000 	/usr/lib/libpcap.A.dylib
0x00007ff81e215000 	/usr/lib/libdns_services.dylib
0x00007ff8225d0000 	/System/Library/PrivateFrameworks/AppleSystemInfo.framework/Versions/A/AppleSystemInfo
0x00007ff822fe9000 	/System/Library/PrivateFrameworks/IOMobileFramebuffer.framework/Versions/A/IOMobileFramebuffer
0x00007ff8239a8000 	/usr/lib/libbz2.1.0.dylib
0x00007ff8232d0000 	/usr/lib/libCheckFix.dylib
0x00007ff81c7e5000 	/System/Library/PrivateFrameworks/TCC.framework/Versions/A/TCC
0x00007ff8225d6000 	/System/Library/PrivateFrameworks/CoreNLP.framework/Versions/A/CoreNLP
0x00007ff81ef91000 	/System/Library/PrivateFrameworks/MetadataUtilities.framework/Versions/A/MetadataUtilities
0x00007ff823304000 	/usr/lib/libmecab.dylib
0x00007ff818743000 	/usr/lib/libCRFSuite.dylib
0x00007ff82335e000 	/usr/lib/libgermantok.dylib
0x00007ff823f98000 	/usr/lib/libThaiTokenizer.dylib
0x00007ff81f071000 	/System/Library/Frameworks/Accelerate.framework/Versions/A/Frameworks/vImage.framework/Versions/A/vImage
0x00007ff82a5ba000 	/System/Library/Frameworks/Accelerate.framework/Versions/A/Frameworks/vecLib.framework/Versions/A/vecLib
0x00007ff824595000 	/System/Library/Frameworks/Accelerate.framework/Versions/A/Frameworks/vecLib.framework/Versions/A/libvMisc.dylib
0x00007ff822de4000 	/System/Library/Frameworks/Accelerate.framework/Versions/A/Frameworks/vecLib.framework/Versions/A/libvDSP.dylib
0x00007ff818479000 	/System/Library/Frameworks/Accelerate.framework/Versions/A/Frameworks/vecLib.framework/Versions/A/libBLAS.dylib
0x00007ff8240cf000 	/System/Library/Frameworks/Accelerate.framework/Versions/A/Frameworks/vecLib.framework/Versions/A/libLAPACK.dylib
0x00007ff823361000 	/System/Library/Frameworks/Accelerate.framework/Versions/A/Frameworks/vecLib.framework/Versions/A/libLinearAlgebra.dylib
0x00007ff823fd5000 	/System/Library/Frameworks/Accelerate.framework/Versions/A/Frameworks/vecLib.framework/Versions/A/libSparseBLAS.dylib
0x00007ff8240c9000 	/System/Library/Frameworks/Accelerate.framework/Versions/A/Frameworks/vecLib.framework/Versions/A/libQuadrature.dylib
0x00007ff8226c2000 	/System/Library/Frameworks/Accelerate.framework/Versions/A/Frameworks/vecLib.framework/Versions/A/libBNNS.dylib
0x00007ff81864d000 	/System/Library/Frameworks/Accelerate.framework/Versions/A/Frameworks/vecLib.framework/Versions/A/libSparse.dylib
0x00007ffb21027000 	/System/Library/PrivateFrameworks/MIL.framework/Versions/A/MIL
0x00007ff823da6000 	/usr/lib/libiconv.2.dylib
0x00007ff823cfe000 	/usr/lib/libcharset.1.dylib
0x00007ff8202a1000 	/System/Library/Frameworks/OpenDirectory.framework/Versions/A/Frameworks/CFOpenDirectory.framework/Versions/A/CFOpenDirectory
0x00007ff820295000 	/System/Library/Frameworks/OpenDirectory.framework/Versions/A/OpenDirectory
0x00007ff8244e7000 	/System/Library/PrivateFrameworks/APFS.framework/Versions/A/APFS
0x00007ff823213000 	/System/Library/Frameworks/SecurityFoundation.framework/Versions/A/SecurityFoundation
0x00007ff824561000 	/usr/lib/libutil.dylib
0x00007ffb201b8000 	/System/Library/PrivateFrameworks/InstalledContentLibrary.framework/Versions/A/InstalledContentLibrary
0x00007ff81ab95000 	/System/Library/PrivateFrameworks/CoreServicesStore.framework/Versions/A/CoreServicesStore
0x00007ffa3738f000 	/System/Library/PrivateFrameworks/AppleMobileFileIntegrity.framework/Versions/A/AppleMobileFileIntegrity
0x00007ff91c4b4000 	/usr/lib/libmis.dylib
0x00007ff92aae6000 	/System/Library/PrivateFrameworks/MobileSystemServices.framework/Versions/A/MobileSystemServices
0x00007ffa24c80000 	/System/Library/PrivateFrameworks/ConfigProfileHelper.framework/Versions/A/ConfigProfileHelper
0x00007ff823f9a000 	/System/Library/PrivateFrameworks/AppleSauce.framework/Versions/A/AppleSauce
0x00007ff8193ec000 	/System/Library/PrivateFrameworks/LanguageModeling.framework/Versions/A/LanguageModeling
0x00007ff824565000 	/usr/lib/libxslt.1.dylib
0x00007ff823e98000 	/usr/lib/libcmph.dylib
0x00007ff822fd7000 	/System/Library/PrivateFrameworks/CoreEmoji.framework/Versions/A/CoreEmoji
0x00007ff8226bc000 	/System/Library/PrivateFrameworks/LinguisticData.framework/Versions/A/LinguisticData
0x00007ff818603000 	/System/Library/PrivateFrameworks/Lexicon.framework/Versions/A/Lexicon
0x00007ff8232a1000 	/System/Library/PrivateFrameworks/BackgroundTaskManagement.framework/Versions/A/BackgroundTaskManagement
0x00007ffb34527000 	/usr/lib/libTLE.dylib
0x00007ffb35487000 	/usr/lib/swift/libswift_RegexParser.dylib
0x00007ff82537e000 	/System/Library/PrivateFrameworks/AppleJPEG.framework/Versions/A/AppleJPEG
0x00007ff824acc000 	/usr/lib/libexpat.1.dylib
0x00007ff825a28000 	/System/Library/Frameworks/ImageIO.framework/Versions/A/Resources/libPng.dylib
0x00007ff825a55000 	/System/Library/Frameworks/ImageIO.framework/Versions/A/Resources/libTIFF.dylib
0x00007ff825b45000 	/System/Library/Frameworks/ImageIO.framework/Versions/A/Resources/libGIF.dylib
0x00007ff8253c9000 	/System/Library/Frameworks/ImageIO.framework/Versions/A/Resources/libJP2.dylib
0x00007ff825ae5000 	/System/Library/Frameworks/ImageIO.framework/Versions/A/Resources/libJPEG.dylib
0x00007ff825adc000 	/System/Library/Frameworks/ImageIO.framework/Versions/A/Resources/libRadiance.dylib
0x00007ff82199b000 	/System/Library/PrivateFrameworks/FontServices.framework/libFontParser.dylib
0x00007ff81e14a000 	/System/Library/PrivateFrameworks/RunningBoardServices.framework/Versions/A/RunningBoardServices
0x00007ff830835000 	/System/Library/PrivateFrameworks/IOSurfaceAccelerator.framework/Versions/A/IOSurfaceAccelerator
0x00007ff8254b0000 	/System/Library/PrivateFrameworks/WatchdogClient.framework/Versions/A/WatchdogClient
0x00007ff81954e000 	/System/Library/Frameworks/CoreDisplay.framework/Versions/A/CoreDisplay
0x00007ff82188a000 	/System/Library/Frameworks/CoreMedia.framework/Versions/A/CoreMedia
0x00007ff82167c000 	/System/Library/PrivateFrameworks/IOAccelerator.framework/Versions/A/IOAccelerator
0x00007ff82041b000 	/System/Library/Frameworks/CoreVideo.framework/Versions/A/CoreVideo
0x00007ff823fe8000 	/System/Library/Frameworks/MetalPerformanceShaders.framework/Versions/A/MetalPerformanceShaders
0x00007ff8254ed000 	/System/Library/Frameworks/VideoToolbox.framework/Versions/A/VideoToolbox
0x00007ff81e08e000 	/System/Library/PrivateFrameworks/BaseBoard.framework/Versions/A/BaseBoard
0x00007ff825ad5000 	/System/Library/PrivateFrameworks/GPUWrangler.framework/Versions/A/GPUWrangler
0x00007ff825ab9000 	/System/Library/PrivateFrameworks/IOPresentment.framework/Versions/A/IOPresentment
0x00007ff825adf000 	/System/Library/PrivateFrameworks/DSExternalDisplay.framework/Versions/A/DSExternalDisplay
0x00007ffb1c827000 	/System/Library/PrivateFrameworks/GPUCompiler.framework/Versions/31001/Libraries/libllvm-flatbuffers.dylib
0x00007ffa2dd79000 	/System/Library/Frameworks/OpenGL.framework/Versions/A/Libraries/libCoreFSCache.dylib
0x00007ffb1c823000 	/System/Library/PrivateFrameworks/GPUCompiler.framework/Versions/31001/Libraries/libGPUCompilerUtils.dylib
0x00007ff825b4b000 	/System/Library/PrivateFrameworks/CMCaptureCore.framework/Versions/A/CMCaptureCore
0x00007ffa31861000 	/System/Library/Frameworks/ExtensionFoundation.framework/Versions/A/ExtensionFoundation
0x00007ff82c586000 	/System/Library/PrivateFrameworks/CoreTime.framework/Versions/A/CoreTime
0x00007ff825080000 	/System/Library/PrivateFrameworks/AppServerSupport.framework/Versions/A/AppServerSupport
0x00007ff827407000 	/System/Library/PrivateFrameworks/perfdata.framework/Versions/A/perfdata
0x00007ff81967a000 	/System/Library/PrivateFrameworks/AudioToolboxCore.framework/Versions/A/AudioToolboxCore
0x00007ff821864000 	/System/Library/PrivateFrameworks/caulk.framework/Versions/A/caulk
0x00007ff826cd4000 	/usr/lib/libAudioStatistics.dylib
0x00007ff91b937000 	/System/Library/PrivateFrameworks/SystemPolicy.framework/Versions/A/SystemPolicy
0x00007ff826f72000 	/usr/lib/libSMC.dylib
0x00007ff83009d000 	/System/Library/Frameworks/CoreMIDI.framework/Versions/A/CoreMIDI
0x00007ff8259f6000 	/usr/lib/libAudioToolboxUtility.dylib
0x00007ff8355d0000 	/System/Library/PrivateFrameworks/OSAServicesClient.framework/Versions/A/OSAServicesClient
0x00007ff827414000 	/usr/lib/libperfcheck.dylib
0x00007ff8249b0000 	/System/Library/PrivateFrameworks/PlugInKit.framework/Versions/A/PlugInKit
0x00007ff823206000 	/System/Library/PrivateFrameworks/AssertionServices.framework/Versions/A/AssertionServices
0x00007ffa2ddd4000 	/System/Library/Frameworks/OpenGL.framework/Versions/A/Libraries/libGLU.dylib
0x00007ffa2dd98000 	/System/Library/Frameworks/OpenGL.framework/Versions/A/Libraries/libGFXShared.dylib
0x00007ffa2dfa1000 	/System/Library/Frameworks/OpenGL.framework/Versions/A/Libraries/libGL.dylib
0x00007ffa2dda1000 	/System/Library/Frameworks/OpenGL.framework/Versions/A/Libraries/libGLImage.dylib
0x00007ffa2dd95000 	/System/Library/Frameworks/OpenGL.framework/Versions/A/Libraries/libCVMSPluginSupport.dylib
0x00007ffb34506000 	/usr/lib/libRosetta.dylib
0x00007ffa2dd80000 	/System/Library/Frameworks/OpenGL.framework/Versions/A/Libraries/libCoreVMClient.dylib
0x00007ff822549000 	/System/Library/Frameworks/MetalPerformanceShaders.framework/Versions/A/Frameworks/MPSCore.framework/Versions/A/MPSCore
0x00007ff823901000 	/System/Library/Frameworks/MetalPerformanceShaders.framework/Versions/A/Frameworks/MPSImage.framework/Versions/A/MPSImage
0x00007ff823377000 	/System/Library/Frameworks/MetalPerformanceShaders.framework/Versions/A/Frameworks/MPSNeuralNetwork.framework/Versions/A/MPSNeuralNetwork
0x00007ff8237ea000 	/System/Library/Frameworks/MetalPerformanceShaders.framework/Versions/A/Frameworks/MPSMatrix.framework/Versions/A/MPSMatrix
0x00007ff8235a5000 	/System/Library/Frameworks/MetalPerformanceShaders.framework/Versions/A/Frameworks/MPSRayIntersector.framework/Versions/A/MPSRayIntersector
0x00007ff823825000 	/System/Library/Frameworks/MetalPerformanceShaders.framework/Versions/A/Frameworks/MPSNDArray.framework/Versions/A/MPSNDArray
0x00007ffa32bd1000 	/System/Library/Frameworks/MetalPerformanceShaders.framework/Versions/A/Frameworks/MPSFunctions.framework/Versions/A/MPSFunctions
0x00007ff81833a000 	/System/Library/PrivateFrameworks/MetalTools.framework/Versions/A/MetalTools
0x00007ff8225cf000 	/System/Library/PrivateFrameworks/AggregateDictionary.framework/Versions/A/AggregateDictionary
0x00007ff82486b000 	/usr/lib/libIOReport.dylib
0x00007ffa2ea68000 	/System/Library/Frameworks/OpenCL.framework/Versions/A/OpenCL
0x00007ff824c12000 	/System/Library/PrivateFrameworks/GraphVisualizer.framework/Versions/A/GraphVisualizer
0x00007ffb1c738000 	/System/Library/PrivateFrameworks/FontServices.framework/Versions/A/FontServices
0x00007ff82503b000 	/System/Library/PrivateFrameworks/OTSVG.framework/Versions/A/OTSVG
0x00007ff81ffe5000 	/System/Library/Frameworks/ApplicationServices.framework/Versions/A/Frameworks/ATS.framework/Versions/A/Resources/libFontRegistry.dylib
0x00007ff82508a000 	/System/Library/PrivateFrameworks/FontServices.framework/libhvf.dylib
0x00007ffb1c739000 	/System/Library/PrivateFrameworks/FontServices.framework/libXTFontStaticRegistryData.dylib
0x00007ffb2d9d2000 	/System/Library/PrivateFrameworks/VideoToolboxParavirtualizationSupport.framework/Versions/A/VideoToolboxParavirtualizationSupport
0x00007ff824a7c000 	/System/Library/PrivateFrameworks/AppleVA.framework/Versions/A/AppleVA
0x00007ff826d14000 	/System/Library/Frameworks/ApplicationServices.framework/Versions/A/Frameworks/ATS.framework/Versions/A/ATS
0x00007ff81d4fc000 	/System/Library/Frameworks/ApplicationServices.framework/Versions/A/Frameworks/HIServices.framework/Versions/A/HIServices
0x00007ff825b57000 	/System/Library/Frameworks/ApplicationServices.framework/Versions/A/Frameworks/PrintCore.framework/Versions/A/PrintCore
0x00007ff8270c7000 	/System/Library/Frameworks/ApplicationServices.framework/Versions/A/Frameworks/QD.framework/Versions/A/QD
0x00007ff8270bf000 	/System/Library/Frameworks/ApplicationServices.framework/Versions/A/Frameworks/ColorSyncLegacy.framework/Versions/A/ColorSyncLegacy
0x00007ff826ce8000 	/System/Library/Frameworks/ApplicationServices.framework/Versions/A/Frameworks/SpeechSynthesis.framework/Versions/A/SpeechSynthesis
0x00007ff825b15000 	/System/Library/Frameworks/ApplicationServices.framework/Versions/A/Frameworks/ATSUI.framework/Versions/A/ATSUI
0x00007ff827052000 	/usr/lib/libcups.2.dylib
0x00007ff827423000 	/System/Library/Frameworks/Kerberos.framework/Versions/A/Kerberos
0x00007ff827432000 	/System/Library/Frameworks/GSS.framework/Versions/A/GSS
0x00007ff826d82000 	/usr/lib/libresolv.9.dylib
0x00007ff82509b000 	/System/Library/PrivateFrameworks/Heimdal.framework/Versions/A/Heimdal
0x00007ff82e1c6000 	/System/Library/Frameworks/Kerberos.framework/Versions/A/Libraries/libHeimdalProxy.dylib
0x00007ff82747d000 	/System/Library/PrivateFrameworks/CommonAuth.framework/Versions/A/CommonAuth
0x00007ffa30b37000 	/System/Library/Frameworks/AVFAudio.framework/Versions/A/AVFAudio
0x00007ff835619000 	/System/Library/PrivateFrameworks/AXCoreUtilities.framework/Versions/A/AXCoreUtilities
0x00007ff826c64000 	/System/Library/PrivateFrameworks/AudioSession.framework/Versions/A/AudioSession
0x00007ff828266000 	/System/Library/Frameworks/IOBluetooth.framework/Versions/A/IOBluetooth
0x00007ff824b82000 	/System/Library/PrivateFrameworks/MediaExperience.framework/Versions/A/MediaExperience
0x00007ff826b0b000 	/System/Library/PrivateFrameworks/AudioSession.framework/libSessionUtility.dylib
0x00007ff8270d3000 	/System/Library/PrivateFrameworks/AudioResourceArbitration.framework/Versions/A/AudioResourceArbitration
0x00007ff82b1bf000 	/System/Library/PrivateFrameworks/PowerLog.framework/Versions/A/PowerLog
0x00007ff82b101000 	/System/Library/Frameworks/CoreBluetooth.framework/Versions/A/CoreBluetooth
0x00007ff82e1c7000 	/System/Library/Frameworks/AudioUnit.framework/Versions/A/AudioUnit
0x00007ff823070000 	/System/Library/PrivateFrameworks/CoreUtils.framework/Versions/A/CoreUtils
0x00007ffb1b2e9000 	/System/Library/PrivateFrameworks/CoreUtilsExtras.framework/Versions/A/CoreUtilsExtras
0x00007ffb2004b000 	/System/Library/PrivateFrameworks/IO80211.framework/Versions/A/IO80211
0x00007ff824af0000 	/System/Library/PrivateFrameworks/IconFoundation.framework/Versions/A/IconFoundation
0x00007ff82a1de000 	/System/Library/PrivateFrameworks/SpeechRecognitionCore.framework/Versions/A/SpeechRecognitionCore
0x0000000109de4000 	/Applications/jmonkeyplatform.app/Contents/Resources/jmonkeyplatform/jdk/lib/server/libjvm.dylib
0x0000000109089000 	/Applications/jmonkeyplatform.app/Contents/Resources/jmonkeyplatform/jdk/lib/libverify.dylib
0x00000001090ae000 	/Applications/jmonkeyplatform.app/Contents/Resources/jmonkeyplatform/jdk/lib/libjava.dylib
0x0000000108fa7000 	/Applications/jmonkeyplatform.app/Contents/Resources/jmonkeyplatform/jdk/lib/libjimage.dylib
0x0000000109162000 	/Applications/jmonkeyplatform.app/Contents/Resources/jmonkeyplatform/jdk/lib/libzip.dylib
0x000000013a50f000 	/Applications/jmonkeyplatform.app/Contents/Resources/jmonkeyplatform/jdk/lib/libnio.dylib
0x000000013a554000 	/Applications/jmonkeyplatform.app/Contents/Resources/jmonkeyplatform/jdk/lib/libnet.dylib
0x000000013a671000 	/Applications/jmonkeyplatform.app/Contents/Resources/jmonkeyplatform/jdk/lib/libawt.dylib
0x000000013a7b2000 	/Applications/jmonkeyplatform.app/Contents/Resources/jmonkeyplatform/jdk/lib/libmlib_image.dylib
0x00007ffa31e19000 	/System/Library/Frameworks/JavaRuntimeSupport.framework/Versions/A/JavaRuntimeSupport
0x00007ff91b347000 	/System/Library/Frameworks/Carbon.framework/Versions/A/Carbon
0x00007ff82c4b5000 	/System/Library/PrivateFrameworks/CoreSymbolication.framework/Versions/A/CoreSymbolication
0x00007ff831d5c000 	/System/Library/Frameworks/Carbon.framework/Versions/A/Frameworks/CommonPanels.framework/Versions/A/CommonPanels
0x00007ff82db38000 	/System/Library/Frameworks/Carbon.framework/Versions/A/Frameworks/Help.framework/Versions/A/Help
0x00007ff831d60000 	/System/Library/Frameworks/Carbon.framework/Versions/A/Frameworks/ImageCapture.framework/Versions/A/ImageCapture
0x00007ff831d30000 	/System/Library/Frameworks/Carbon.framework/Versions/A/Frameworks/OpenScripting.framework/Versions/A/OpenScripting
0x00007ff831d58000 	/System/Library/Frameworks/Carbon.framework/Versions/A/Frameworks/Ink.framework/Versions/A/Ink
0x00007ff91b343000 	/System/Library/Frameworks/Carbon.framework/Versions/A/Frameworks/Print.framework/Versions/A/Print
0x00007ff831d54000 	/System/Library/Frameworks/Carbon.framework/Versions/A/Frameworks/SecurityHI.framework/Versions/A/SecurityHI
0x00007ff82c47a000 	/System/Library/PrivateFrameworks/DebugSymbols.framework/Versions/A/DebugSymbols
0x000000013a96e000 	/Applications/jmonkeyplatform.app/Contents/Resources/jmonkeyplatform/jdk/lib/libawt_lwawt.dylib
0x000000013a61d000 	/Applications/jmonkeyplatform.app/Contents/Resources/jmonkeyplatform/jdk/lib/libosxapp.dylib
0x00007ff91a4fb000 	/System/Library/Frameworks/ExceptionHandling.framework/Versions/A/ExceptionHandling
0x000000013acef000 	/Applications/jmonkeyplatform.app/Contents/Resources/jmonkeyplatform/jdk/lib/libfontmanager.dylib
0x000000013ab7d000 	/Applications/jmonkeyplatform.app/Contents/Resources/jmonkeyplatform/jdk/lib/libfreetype.dylib
0x00007ff82b7b1000 	/System/Library/Frameworks/FileProvider.framework/Versions/A/FileProvider
0x00007ff81dff9000 	/System/Library/Frameworks/Accounts.framework/Versions/A/Accounts
0x00007ff8204aa000 	/System/Library/PrivateFrameworks/UserManagement.framework/Versions/A/UserManagement
0x00007ff82b93d000 	/System/Library/PrivateFrameworks/GenerationalStorage.framework/Versions/A/GenerationalStorage
0x00007ff82b1b4000 	/System/Library/PrivateFrameworks/SymptomDiagnosticReporter.framework/Versions/A/SymptomDiagnosticReporter
0x00007ff81bedc000 	/System/Library/PrivateFrameworks/DesktopServicesPriv.framework/Versions/A/DesktopServicesPriv
0x00007ff81ac9f000 	/usr/lib/libsandbox.1.dylib
0x00007ff8270b4000 	/System/Library/PrivateFrameworks/NetAuth.framework/Versions/A/NetAuth
0x00007ff8280e6000 	/System/Library/PrivateFrameworks/Sharing.framework/Versions/A/Sharing
0x00007ff820470000 	/System/Library/PrivateFrameworks/login.framework/Versions/A/Frameworks/loginsupport.framework/Versions/A/loginsupport
0x00007ff82d6b3000 	/System/Library/PrivateFrameworks/Apple80211.framework/Versions/A/Apple80211
0x00007ff8239eb000 	/System/Library/PrivateFrameworks/AuthKit.framework/Versions/A/AuthKit
0x00007ff822ff6000 	/System/Library/Frameworks/CoreWLAN.framework/Versions/A/CoreWLAN
0x00007ff82d6b7000 	/System/Library/PrivateFrameworks/CoreWiFi.framework/Versions/A/CoreWiFi
0x00007ffa1ec54000 	/System/Library/PrivateFrameworks/WiFiPeerToPeer.framework/Versions/A/WiFiPeerToPeer
0x00007ff82c024000 	/System/Library/PrivateFrameworks/FrontBoardServices.framework/Versions/A/FrontBoardServices
0x00007ff82c0bc000 	/System/Library/PrivateFrameworks/BoardServices.framework/Versions/A/BoardServices
0x00007ff82d84a000 	/System/Library/PrivateFrameworks/BackBoardServices.framework/Versions/A/BackBoardServices
0x00007ff823b62000 	/System/Library/Frameworks/UserNotifications.framework/Versions/A/UserNotifications
0x00007ff827572000 	/System/Library/PrivateFrameworks/CorePhoneNumbers.framework/Versions/A/CorePhoneNumbers
0x00007ff826daf000 	/System/Library/PrivateFrameworks/MultiverseSupport.framework/Versions/A/MultiverseSupport
0x00007ff82dac5000 	/System/Library/PrivateFrameworks/RemoteServiceDiscovery.framework/Versions/A/RemoteServiceDiscovery
0x00007ff82b2d2000 	/System/Library/PrivateFrameworks/DiskManagement.framework/Versions/A/DiskManagement
0x00007ff82b1e6000 	/System/Library/PrivateFrameworks/AppleIDAuthSupport.framework/Versions/A/AppleIDAuthSupport
0x00007ffa357bd000 	/System/Library/PrivateFrameworks/AAAFoundation.framework/Versions/A/AAAFoundation
0x00007ff82754b000 	/System/Library/PrivateFrameworks/KeychainCircle.framework/Versions/A/KeychainCircle
0x00007ff82dad5000 	/System/Library/PrivateFrameworks/RemoteXPC.framework/Versions/A/RemoteXPC
0x00007ff82b29e000 	/System/Library/PrivateFrameworks/MediaKit.framework/Versions/A/MediaKit
0x00007ff82b1f2000 	/System/Library/Frameworks/DiscRecording.framework/Versions/A/DiscRecording
0x00007ff8249f4000 	/usr/lib/libCoreStorage.dylib
0x00007ff82db40000 	/usr/lib/libcsfde.dylib
0x00007ff828337000 	/System/Library/PrivateFrameworks/ProtectedCloudStorage.framework/Versions/A/ProtectedCloudStorage
0x00007ff82db3c000 	/System/Library/PrivateFrameworks/EFILogin.framework/Versions/A/EFILogin
0x00007ff82b963000 	/System/Library/PrivateFrameworks/OctagonTrust.framework/Versions/A/OctagonTrust
0x00007ff8249ec000 	/usr/lib/libMatch.1.dylib
0x00007ff9241b3000 	/System/Library/CoreServices/RawCamera.bundle/Contents/MacOS/RawCamera
0x00007ff82748d000 	/System/Library/PrivateFrameworks/MobileAsset.framework/Versions/A/MobileAsset
0x00007ff921ad7000 	/System/Library/PrivateFrameworks/SoftwareUpdateCoreSupport.framework/Versions/A/SoftwareUpdateCoreSupport
0x00007ff927e85000 	/System/Library/PrivateFrameworks/SoftwareUpdateCoreConnect.framework/Versions/A/SoftwareUpdateCoreConnect
0x00007ff82e1eb000 	/System/Library/PrivateFrameworks/StreamingZip.framework/Versions/A/StreamingZip
0x00007ff921756000 	/System/Library/PrivateFrameworks/MSUDataAccessor.framework/Versions/A/MSUDataAccessor
0x00007ff91dd0b000 	/usr/lib/libbootpolicy.dylib
0x00007ff92e7be000 	/usr/lib/libpartition2_dynamic.dylib
0x00007ffb17ec9000 	/System/Library/PrivateFrameworks/CMPhoto.framework/Versions/A/CMPhoto
0x00007ff82c34d000 	/System/Library/PrivateFrameworks/AppleVPA.framework/Versions/A/AppleVPA
0x00007ff825d8e000 	/System/Library/Frameworks/MediaToolbox.framework/Versions/A/MediaToolbox
0x00007ff82b781000 	/System/Library/PrivateFrameworks/CoreAVCHD.framework/Versions/A/CoreAVCHD
0x00007ff82a8d0000 	/System/Library/Frameworks/MediaAccessibility.framework/Versions/A/MediaAccessibility
0x00007ff82b77d000 	/System/Library/PrivateFrameworks/Mangrove.framework/Versions/A/Mangrove
0x00007ff82b3c2000 	/System/Library/PrivateFrameworks/CoreAUC.framework/Versions/A/CoreAUC
0x00007ff921136000 	/System/Library/Frameworks/Accelerate.framework/Versions/A/Frameworks/vImage.framework/Versions/A/Libraries/libCGInterfaces.dylib
0x0000000109d6c000 	/usr/lib/libobjc-trampolines.dylib
0x00007ffb342be000 	/usr/lib/libAccessibilityBaseImplementations.dylib
0x00007ff820189000 	/System/Library/PrivateFrameworks/ViewBridge.framework/Versions/A/ViewBridge
0x00007ffa2dfac000 	/System/Library/Frameworks/OpenGL.framework/Versions/A/Resources/GLEngine.bundle/GLEngine
0x00007ffa2de12000 	/System/Library/Frameworks/OpenGL.framework/Versions/A/Libraries/libGLProgrammability.dylib
0x000000013f7da000 	/System/Library/Extensions/AppleMetalOpenGLRenderer.bundle/Contents/MacOS/AppleMetalOpenGLRenderer
0x00007ffa2e136000 	/System/Library/Frameworks/OpenGL.framework/Versions/A/Resources/GLRendererFloat.bundle/GLRendererFloat
0x00007ffa27f55000 	/System/Library/Extensions/AGXMetalG13X.bundle/Contents/MacOS/AGXMetalG13X
0x00007ff91c4c7000 	/System/Library/PrivateFrameworks/GPURawCounter.framework/Versions/A/GPURawCounter
0x00007ff8346b0000 	/System/Library/PrivateFrameworks/IOGPU.framework/Versions/A/IOGPU
0x00007ff825153000 	/System/Library/PrivateFrameworks/login.framework/Versions/A/login
0x000000013f7a9000 	/Applications/jmonkeyplatform.app/Contents/Resources/jmonkeyplatform/jdk/lib/libosxui.dylib
0x000000013fd08000 	/Applications/jmonkeyplatform.app/Contents/Resources/jmonkeyplatform/jdk/lib/libprefs.dylib
0x00007ffa36041000 	/System/Library/PrivateFrameworks/AccessibilityBundles.framework/Versions/A/AccessibilityBundles
0x00007ff835638000 	/usr/lib/libAccessibility.dylib
0x000000017e776000 	/Users/finngarrels/Desktop/Orientierung Projekt Schwarm/Flocking/libopenal.dylib
0x000000017fdc8000 	/Users/finngarrels/Desktop/Orientierung Projekt Schwarm/Flocking/liblwjgl.dylib
0x000000017e6d5000 	/Applications/jmonkeyplatform.app/Contents/Resources/jmonkeyplatform/jdk/lib/libjawt.dylib
0x00007ffa340ac000 	/System/Library/Frameworks/OpenAL.framework/Versions/A/OpenAL
0x00007ff91b737000 	/System/Library/Frameworks/AVFoundation.framework/Versions/A/AVFoundation
0x00007ff82be1e000 	/System/Library/PrivateFrameworks/AVFCore.framework/Versions/A/AVFCore
0x00007ff833450000 	/System/Library/PrivateFrameworks/AVFCapture.framework/Versions/A/AVFCapture
0x00007ff91a14a000 	/System/Library/PrivateFrameworks/AirPlaySync.framework/Versions/A/AirPlaySync
0x00007ffb17e9b000 	/System/Library/PrivateFrameworks/CMImaging.framework/Versions/A/CMImaging
0x00007ff8335cf000 	/System/Library/PrivateFrameworks/Quagga.framework/Versions/A/Quagga
0x00007ff8336a1000 	/System/Library/PrivateFrameworks/CMCapture.framework/Versions/A/CMCapture
0x00007ff826e7e000 	/System/Library/Frameworks/CoreMediaIO.framework/Versions/A/CoreMediaIO
0x00007ff91c414000 	/System/Library/PrivateFrameworks/LoggingSupport.framework/Versions/A/LoggingSupport
0x00000001815e1000 	/System/Library/Components/CoreAudio.component/Contents/MacOS/CoreAudio
0x000000018b96a000 	/System/Library/Components/AudioDSP.component/Contents/MacOS/AudioDSP
0x00007ffb34353000 	/usr/lib/libAudioDSPCore.dylib
0x00007ff82e2f8000 	/System/Library/PrivateFrameworks/Espresso.framework/Versions/A/Espresso
0x00007ff82dbc5000 	/System/Library/PrivateFrameworks/AppSupport.framework/Versions/A/AppSupport
0x00007ffa2524d000 	/System/Library/PrivateFrameworks/ANECompiler.framework/Versions/A/ANECompiler
0x00007ff82ffad000 	/System/Library/PrivateFrameworks/AppleNeuralEngine.framework/Versions/A/AppleNeuralEngine
0x00007ffa32be4000 	/System/Library/Frameworks/MetalPerformanceShadersGraph.framework/Versions/A/MetalPerformanceShadersGraph
0x00007ffb21e19000 	/System/Library/PrivateFrameworks/MilAneflow.framework/Versions/A/MilAneflow
0x00007ff82f0e4000 	/System/Library/PrivateFrameworks/ANEServices.framework/Versions/A/ANEServices
0x00007ff9205d6000 	/usr/lib/libncurses.5.4.dylib
0x00007ff82a904000 	/System/Library/PrivateFrameworks/SystemAdministration.framework/Versions/A/SystemAdministration
0x00007ff82a1aa000 	/System/Library/Frameworks/DirectoryService.framework/Versions/A/DirectoryService
0x00007ff82d9dd000 	/System/Library/PrivateFrameworks/DiskImages.framework/Versions/A/DiskImages
0x00007ff8232c3000 	/System/Library/Frameworks/ServiceManagement.framework/Versions/A/ServiceManagement
0x00007ff82dbbd000 	/System/Library/PrivateFrameworks/LoginUIKit.framework/Versions/A/Frameworks/LoginUICore.framework/Versions/A/LoginUICore
0x00007ff82530e000 	/usr/lib/libodfde.dylib
0x00007ff82db4c000 	/usr/lib/libcurl.4.dylib
0x00007ffb349a2000 	/usr/lib/libcrypto.46.dylib
0x00007ffb35042000 	/usr/lib/libssl.48.dylib
0x00007ff82d86b000 	/System/Library/Frameworks/LDAP.framework/Versions/A/LDAP
0x00007ff82d8a7000 	/System/Library/PrivateFrameworks/TrustEvaluationAgent.framework/Versions/A/TrustEvaluationAgent
0x00007ff826d9b000 	/usr/lib/libsasl2.2.dylib


VM Arguments:
jvm_args: -Dfile.encoding=UTF-8 
java_command: mygame.Main
java_class_path (initial): /Applications/jmonkeyplatform.app/Contents/Resources/jmonkeyplatform/jmonkeyplatform/libs/jme3-jogg-3.5.2-stable.jar:/Applications/jmonkeyplatform.app/Contents/Resources/jmonkeyplatform/jmonkeyplatform/libs/j-ogg-all-1.0.1.jar:/Applications/jmonkeyplatform.app/Contents/Resources/jmonkeyplatform/jmonkeyplatform/libs/jmf-2.1.1e.jar:/Applications/jmonkeyplatform.app/Contents/Resources/jmonkeyplatform/jmonkeyplatform/libs/jme3-networking-3.5.2-stable.jar:/Applications/jmonkeyplatform.app/Contents/Resources/jmonkeyplatform/jmonkeyplatform/libs/jme3-plugins-3.5.2-stable.jar:/Applications/jmonkeyplatform.app/Contents/Resources/jmonkeyplatform/jmonkeyplatform/libs/gson-2.8.1.jar:/Applications/jmonkeyplatform.app/Contents/Resources/jmonkeyplatform/jmonkeyplatform/libs/jme3-core-3.5.2-stable.jar:/Applications/jmonkeyplatform.app/Contents/Resources/jmonkeyplatform/jmonkeyplatform/libs/jme3-desktop-3.5.2-stable.jar:/Applications/jmonkeyplatform.app/Contents/Resources/jmonkeyplatform/jmonkeyplatform/libs/jme3-lwjgl-3.5.2-stable.jar:/Applications/jmonkeyplatform.app/Contents/Resources/jmonkeyplatform/jmonkeyplatform/libs/jinput-2.0.9.jar:/Applications/jmonkeyplatform.app/Contents/Resources/jmonkeyplatform/jmonkeyplatform/libs/jinput-2.0.9-natives-all.jar:/Applications/jmonkeyplatform.app/Contents/Resources/jmonkeyplatform/jmonkeyplatform/libs/lwjgl-2.9.3.jar:/Applications/jmonkeyplatform.app/Contents/Resources/jmonkeyplatform/jmonkeyplatform/libs/lwjgl-platform-2.9.3-natives-windows.jar:/Applications/jmonkeyplatform.app/Contents/Resources/jmonkeyplatform/jmonkeyplatform/libs/lwjgl-platform-2.9.3-natives-linux.jar:/Applications/jmonkeyplatform.app/Contents/Resources/jmonkeyplatform/jmonkeyplatform/libs/lwjgl-platform-2.9.3-natives-osx.jar:/Applications/jmonkeyplatform.app/Contents/Resources/jmonkeyplatform/jmonkeyplatform/libs/jme3-effects-3.5.2-stable.jar:/Applications/jmonkeyplatform.app/Contents/Resources/jmonkeyplatform/jmonkeyplatform/libs/jme3-te
Launcher Type: SUN_STANDARD

[Global flags]
     intx CICompilerCount                          = 4                                         {product} {ergonomic}
     uint ConcGCThreads                            = 2                                         {product} {ergonomic}
     uint G1ConcRefinementThreads                  = 9                                         {product} {ergonomic}
   size_t G1HeapRegionSize                         = 2097152                                   {product} {ergonomic}
    uintx GCDrainStackTargetSize                   = 64                                        {product} {ergonomic}
   size_t InitialHeapSize                          = 536870912                                 {product} {ergonomic}
   size_t MarkStackSize                            = 4194304                                   {product} {ergonomic}
   size_t MaxHeapSize                              = 8589934592                                {product} {ergonomic}
   size_t MaxNewSize                               = 5152702464                                {product} {ergonomic}
   size_t MinHeapDeltaBytes                        = 2097152                                   {product} {ergonomic}
    uintx NonNMethodCodeHeapSize                   = 5836300                                {pd product} {ergonomic}
    uintx NonProfiledCodeHeapSize                  = 122910970                              {pd product} {ergonomic}
    uintx ProfiledCodeHeapSize                     = 122910970                              {pd product} {ergonomic}
    uintx ReservedCodeCacheSize                    = 251658240                              {pd product} {ergonomic}
     bool SegmentedCodeCache                       = true                                      {product} {ergonomic}
     bool UseCompressedClassPointers               = true                                 {lp64_product} {ergonomic}
     bool UseCompressedOops                        = true                                 {lp64_product} {ergonomic}
     bool UseG1GC                                  = true                                      {product} {ergonomic}

Logging:
Log output configuration:
 #0: stdout all=warning uptime,level,tags
 #1: stderr all=off uptime,level,tags

Environment Variables:
PATH=/usr/bin:/bin:/usr/sbin:/sbin
SHELL=/bin/bash
LC_CTYPE=UTF-8
TMPDIR=/var/folders/5b/z83tfnnd433170md2h6xmk3c0000gn/T/

Signal Handlers:
SIGSEGV: [libjvm.dylib+0x7c85a6], sa_mask[0]=11111111111111111111111111111111, sa_flags=SA_ONSTACK|SA_RESTART|SA_SIGINFO
SIGBUS: [libjvm.dylib+0x7c85a6], sa_mask[0]=11111111111111111111111111111111, sa_flags=SA_RESTART|SA_SIGINFO
SIGFPE: [libjvm.dylib+0x7c85a6], sa_mask[0]=11111111111111111111111111111111, sa_flags=SA_RESTART|SA_SIGINFO
SIGPIPE: [libjvm.dylib+0x62cda2], sa_mask[0]=11111111111111111111111111111111, sa_flags=SA_RESTART|SA_SIGINFO
SIGXFSZ: [libjvm.dylib+0x62cda2], sa_mask[0]=11111111111111111111111111111111, sa_flags=SA_RESTART|SA_SIGINFO
SIGILL: [libjvm.dylib+0x7c85a6], sa_mask[0]=11111111111111111111111111111111, sa_flags=SA_RESTART|SA_SIGINFO
SIGUSR2: [libjvm.dylib+0x62d389], sa_mask[0]=00100000000000000000000000000000, sa_flags=SA_RESTART|SA_SIGINFO
SIGHUP: [libjvm.dylib+0x62bee5], sa_mask[0]=11111111111111111111111111111111, sa_flags=SA_RESTART|SA_SIGINFO
SIGINT: SIG_IGN, sa_mask[0]=11111111011111110111111111111111, sa_flags=none
SIGTERM: [libjvm.dylib+0x62bee5], sa_mask[0]=11111111111111111111111111111111, sa_flags=SA_RESTART|SA_SIGINFO
SIGQUIT: [libjvm.dylib+0x62bee5], sa_mask[0]=11111111111111111111111111111111, sa_flags=SA_RESTART|SA_SIGINFO


---------------  S Y S T E M  ---------------

OS:uname:Darwin 22.3.0 Darwin Kernel Version 22.3.0: Mon Jan 30 20:38:37 PST 2023; root:xnu-8792.81.3~2/RELEASE_ARM64_T6000 x86_64
OS uptime: 6 days 19:16 hours
rlimit (soft/hard): STACK 8176k/65520k , CORE 0k/infinity , NPROC 5333/8000 , NOFILE 10240/infinity , AS infinity/infinity , CPU infinity/infinity , DATA infinity/infinity , FSIZE infinity/infinity , MEMLOCK infinity/infinity , RSS infinity/infinity
load average:6.22 5.06 7.03

CPU:total 10 (initial active 10) (1 cores per cpu, 1 threads per core) family 6 model 44 stepping 0 microcode 0x0, cmov, cx8, fxsr, mmx, sse, sse2, sse3, ssse3, sse4.1, sse4.2, popcnt, aes, clmul, tsc, tscinvbit, tscinv

Memory: 4k page, physical 33554432k(85032k free), swap 3145728k(1459904k free)

vm_info: OpenJDK 64-Bit Server VM (11.0.17+8) for bsd-amd64 JRE (11.0.17+8), built on Oct 19 2022 05:41:33 by "jenkins" with clang 4.2.1 Compatible Apple LLVM 10.0.1 (clang-1001.0.46.4)

END.
