#
# A fatal error has been detected by the Java Runtime Environment:
#
#  SIGSEGV (0xb) at pc=0x00007ff8030af1dd, pid=36053, tid=259
#
# JRE version: OpenJDK Runtime Environment Temurin-11.0.17+8 (11.0.17+8) (build 11.0.17+8)
# Java VM: OpenJDK 64-Bit Server VM Temurin-11.0.17+8 (11.0.17+8, mixed mode, tiered, compressed oops, g1 gc, bsd-amd64)
# Problematic frame:
# C  [libobjc.A.dylib+0x71dd]  objc_msgSend+0x1d
#
# No core dump will be written. Core dumps have been disabled. To enable core dumping, try "ulimit -c unlimited" before starting Java again
#
# If you would like to submit a bug report, please visit:
#   https://github.com/adoptium/adoptium-support/issues
# The crash happened outside the Java Virtual Machine in native code.
# See problematic frame for where to report the bug.
#

---------------  S U M M A R Y ------------

Command Line: -Dfile.encoding=UTF-8 mygame.Main

Host: MacBookPro18,2 x86_64 2400 MHz, 10 cores, 32G, Darwin 22.3.0
Time: Sat Mar 18 15:49:36 2023 CET elapsed time: 6.953422 seconds (0d 0h 0m 6s)

---------------  T H R E A D  ---------------

Current thread (0x00007f8df880c800):  JavaThread "AppKit Thread" daemon [_thread_in_native, id=259, stack(0x0000000305665000,0x0000000305e65000)]

Stack: [0x0000000305665000,0x0000000305e65000],  sp=0x0000000305e603a8,  free space=8172k
Native frames: (J=compiled Java code, A=aot compiled Java code, j=interpreted, Vv=VM code, C=native code)
C  [libobjc.A.dylib+0x71dd]  objc_msgSend+0x1d
C  [AppKit+0x6eb54f]  __58-[_NSTrackingAreaAKManager _activeTrackingAreasNeedUpdate]_block_invoke+0x138
C  [AppKit+0x6f5f20]  ___NSMainRunLoopPerformBlockInModes_block_invoke+0x19
C  [CoreFoundation+0x7eb25]  __CFRUNLOOP_IS_CALLING_OUT_TO_A_BLOCK__+0xc
C  [CoreFoundation+0x7ea4f]  __CFRunLoopDoBlocks+0x194
C  [CoreFoundation+0x7d8bd]  __CFRunLoopRun+0x3c4
C  [CoreFoundation+0x7ce7f]  CFRunLoopRunSpecific+0x230
C  [HIToolbox+0x2f766]  RunCurrentEventLoopInMode+0x124
C  [HIToolbox+0x2f576]  ReceiveNextEventCommon+0x2a7
C  [HIToolbox+0x2f2b3]  _BlockUntilNextEventMatchingListInModeWithFilter+0x46
C  [AppKit+0x3e2f3]  _DPSNextEvent+0x38d
C  [AppKit+0x3d174]  -[NSApplication(NSEvent) _nextEventMatchingEventMask:untilDate:inMode:dequeue:]+0x4c3
C  [libosxapp.dylib+0x26a4]  -[NSApplicationAWT nextEventMatchingMask:untilDate:inMode:dequeue:]+0x79
C  [AppKit+0x2f7b7]  -[NSApplication run]+0x24a
C  [libosxapp.dylib+0x24e9]  +[NSApplicationAWT runAWTLoopWithApp:]+0x10d
C  [libawt_lwawt.dylib+0x5fab1]  +[AWTStarter starter:headless:]+0x1ff
C  [libosxapp.dylib+0x4029]  +[ThreadUtilities invokeBlockCopy:]+0xf
C  [Foundation+0x7f190]  __NSThreadPerformPerform+0xb1
C  [CoreFoundation+0x7eed1]  __CFRUNLOOP_IS_CALLING_OUT_TO_A_SOURCE0_PERFORM_FUNCTION__+0x11
C  [CoreFoundation+0x7ee80]  __CFRunLoopDoSource0+0x9d
C  [CoreFoundation+0x7ec4e]  __CFRunLoopDoSources0+0xd4
C  [CoreFoundation+0x7d8a8]  __CFRunLoopRun+0x3af
C  [CoreFoundation+0x7ce7f]  CFRunLoopRunSpecific+0x230
C  [libjli.dylib+0x664e]  CreateExecutionEnvironment+0x18e
C  [libjli.dylib+0x285e]  JLI_Launch+0x52a
C  [java+0x1807]  main+0x177
C  0x0000000201004310


siginfo: si_signo: 11 (SIGSEGV), si_code: 1 (SEGV_MAPERR), si_addr: 0x0000000000000018

Register to memory mapping:

RAX=0x00003a4ad3c4438a is an unknown value
RBX=0x00007ff8030af1c0: objc_msgSend+0 in /usr/lib/libobjc.A.dylib at 0x00007ff8030a8000
RCX=0x0000000080000000 is an unknown value
RDX=0x0000000000003a4a is an unknown value
RSP=0x0000000305e603a8 is pointing into the stack for thread: 0x00007f8df880c800
RBP=0x0000000305e60740 is pointing into the stack for thread: 0x00007f8df880c800
RSI=0x00007ff8213358cd points into unknown readable memory: 77 69 6e
RDI=0x00007f8e2a12ed00 points into unknown readable memory: 0xe000000000000000 | 00 00 00 00 00 00 00 e0
R8 =0x0000000000000090 is an unknown value
R9 =0x0000000000000001 is an unknown value
R10=0x0 is NULL
R11=0x00007ff8213358cd points into unknown readable memory: 77 69 6e
R12=0x0 is NULL
R13=0x00007ff8030af1c0: objc_msgSend+0 in /usr/lib/libobjc.A.dylib at 0x00007ff8030a8000
R14=0x00006000013b9ec0 points into unknown readable memory: 0x031dfff846ab751d | 1d 75 ab 46 f8 ff 1d 03
R15=0x00007ff8030b1bc0: objc_release+0 in /usr/lib/libobjc.A.dylib at 0x00007ff8030a8000


Registers:
RAX=0x00003a4ad3c4438a, RBX=0x00007ff8030af1c0, RCX=0x0000000080000000, RDX=0x0000000000003a4a
RSP=0x0000000305e603a8, RBP=0x0000000305e60740, RSI=0x00007ff8213358cd, RDI=0x00007f8e2a12ed00
R8 =0x0000000000000090, R9 =0x0000000000000001, R10=0x0000000000000000, R11=0x00007ff8213358cd
R12=0x0000000000000000, R13=0x00007ff8030af1c0, R14=0x00006000013b9ec0, R15=0x00007ff8030b1bc0
RIP=0x00007ff8030af1dd, EFLAGS=0x0000000000000247, ERR=0x0000000000000004
  TRAPNO=0x000000000000000e

Top of Stack: (sp=0x0000000305e603a8)
0x0000000305e603a8:   00007ff806c33a94 0000000000000000
0x0000000305e603b8:   0000000000000000 40ae000000000000
0x0000000305e603c8:   40a0e00000000000 00007ff8432b87d8
0x0000000305e603d8:   0000600003994d50 0000000305e60420
0x0000000305e603e8:   00007ff80317a6fc ffffffffff804a80
0x0000000305e603f8:   000000000000004a 0000000305e60550
0x0000000305e60408:   00007ff8035c3d00 0000000305e605d0
0x0000000305e60418:   ffffffffffffffff 0000000305e60470
0x0000000305e60428:   00007ff80317a336 0000000305e60490
0x0000000305e60438:   00007ff8030b4b5a 0000000305e60470
0x0000000305e60448:   0000000000000000 00007f8e2a054520
0x0000000305e60458:   0000000305e605d0 0000600003994d40
0x0000000305e60468:   0000000000000028 0000000305e604a0
0x0000000305e60478:   00007ff80317a3a8 00007ff80654a16e
0x0000000305e60488:   00007ff8032bd457 000000000000001c
0x0000000305e60498:   00007ff82133f668 00007ff8212b4f41
0x0000000305e604a8:   00007ff821335382 00007ff82133f672
0x0000000305e604b8:   00007ff8213b2715 00007ff846a907e0
0x0000000305e604c8:   00000000c2000000 00007ff806c39287
0x0000000305e604d8:   00007ff8432c7d40 0000600003680120
0x0000000305e604e8:   0000000000000000 0000000000000000
0x0000000305e604f8:   0000000000000000 40944fc000000000
0x0000000305e60508:   4095589000000000 40944fc000000000
0x0000000305e60518:   4095589000000000 00007f8e2a23fb20
0x0000000305e60528:   0000600001000100 00006000013cd6e0
0x0000000305e60538:   00007ff82133917a 0000000000000000
0x0000000305e60548:   00007ff8212b8fd5 000060000196da80
0x0000000305e60558:   0000600003680120 000060000029af40
0x0000000305e60568:   00007ff8213358cd 00007ff82133f804
0x0000000305e60578:   00007ff8212b5d93 0000000000000001
0x0000000305e60588:   00007f8e2a12ed00 00006000036961c0
0x0000000305e60598:   0000000046a8e580 40ef4ba1c14c0cec 

Instructions: (pc=0x00007ff8030af1dd)
0x00007ff8030af0dd:   89 f8 c3 48 8b 05 a1 ea 9d 43 ff e0 90 90 90 90
0x00007ff8030af0ed:   90 90 90 90 90 90 90 90 90 90 90 90 90 90 90 90
0x00007ff8030af0fd:   90 90 90 31 c0 31 d2 0f 57 c0 0f 57 c9 c3 90 d9
0x00007ff8030af10d:   ee 31 c0 31 d2 0f 57 c0 0f 57 c9 c3 0f 1f 00 d9
0x00007ff8030af11d:   ee d9 ee 31 c0 31 d2 0f 57 c0 0f 57 c9 c3 90 48
0x00007ff8030af12d:   89 f8 c3 49 89 fa 49 89 f3 45 23 5a 18 49 c1 e3
0x00007ff8030af13d:   04 4d 03 5a 10 49 3b 33 75 0e 49 8b 43 08 48 83
0x00007ff8030af14d:   f8 00 74 03 4c 31 d0 c3 49 83 3b 01 76 17 49 83
0x00007ff8030af15d:   c3 10 49 3b 33 75 f1 49 8b 43 08 48 83 f8 00 74
0x00007ff8030af16d:   03 4c 31 d0 c3 72 25 4d 8b 5b 08 eb 0a 49 83 3b
0x00007ff8030af17d:   01 76 17 49 83 c3 10 49 3b 33 75 f1 49 8b 43 08
0x00007ff8030af18d:   48 83 f8 00 74 03 4c 31 d0 c3 eb 00 31 c0 c3 66
0x00007ff8030af19d:   2e 0f 1f 84 00 00 00 00 00 66 2e 0f 1f 84 00 00
0x00007ff8030af1ad:   00 00 00 66 2e 0f 1f 84 00 00 00 00 00 66 0f 1f
0x00007ff8030af1bd:   44 00 00 48 85 ff 2e 74 72 40 f6 c7 01 2e 75 76
0x00007ff8030af1cd:   49 ba f8 ff ff ff ff 7f 00 00 4c 23 17 49 89 f3
0x00007ff8030af1dd:   45 23 5a 18 49 c1 e3 04 4d 03 5a 10 49 3b 33 75
0x00007ff8030af1ed:   0a 4d 8b 5b 08 4d 31 d3 41 ff e3 49 83 3b 01 76
0x00007ff8030af1fd:   13 49 83 c3 10 49 3b 33 75 f1 4d 8b 5b 08 4d 31
0x00007ff8030af20d:   d3 41 ff e3 72 70 4d 8b 5b 08 eb 0a 49 83 3b 01
0x00007ff8030af21d:   76 13 49 83 c3 10 49 3b 33 75 f1 4d 8b 5b 08 4d
0x00007ff8030af22d:   31 d3 41 ff e3 eb 4f 0f 1f 40 00 31 c0 31 d2 0f
0x00007ff8030af23d:   57 c0 0f 57 c9 c3 41 89 fb 41 83 e3 0f 4c 8d 15
0x00007ff8030af24d:   ef cc 9d 43 4f 8b 14 da 4c 8d 1d bc cb 9d 43 4d
0x00007ff8030af25d:   39 d3 0f 85 75 ff ff ff 41 89 fb 41 c1 eb 04 41
0x00007ff8030af26d:   81 e3 ff 00 00 00 4c 8d 15 46 cd 9d 43 4f 8b 14
0x00007ff8030af27d:   da e9 57 ff ff ff e9 88 0a 00 00 66 2e 0f 1f 84
0x00007ff8030af28d:   00 00 00 00 00 66 2e 0f 1f 84 00 00 00 00 00 66
0x00007ff8030af29d:   2e 0f 1f 84 00 00 00 00 00 66 2e 0f 1f 84 00 00
0x00007ff8030af2ad:   00 00 00 66 2e 0f 1f 84 00 00 00 00 00 66 0f 1f
0x00007ff8030af2bd:   44 00 00 48 85 ff 2e 74 6a 40 f6 c7 01 2e 75 6b
0x00007ff8030af2cd:   49 ba f8 ff ff ff ff 7f 00 00 4c 23 17 49 89 f3 


Stack slot to memory mapping:
stack at sp + 0 slots: 0x00007ff806c33a94: -[_NSTrackingAreaAKManager _updateActiveTrackingAreasForWindowLocation:modifierFlags:]+0x1215 in /System/Library/Frameworks/AppKit.framework/Versions/C/AppKit at 0x00007ff806543000
stack at sp + 1 slots: 0x0 is NULL
stack at sp + 2 slots: 0x0 is NULL
stack at sp + 3 slots: 0x40ae000000000000 is an unknown value
stack at sp + 4 slots: 0x40a0e00000000000 is an unknown value
stack at sp + 5 slots: 0x00007ff8432b87d8: __block_descriptor_40_e5_v8?0l+0 in /System/Library/Frameworks/AppKit.framework/Versions/C/AppKit at 0x00007ff806543000
stack at sp + 6 slots: 0x0000600003994d50 points into unknown readable memory: 0x011dfff846aa1e11 | 11 1e aa 46 f8 ff 1d 01
stack at sp + 7 slots: 0x0000000305e60420 is pointing into the stack for thread: 0x00007f8df880c800


---------------  P R O C E S S  ---------------

Threads class SMR info:
_java_thread_list=0x000060000368ec80, length=17, elements={
0x00007f8e29018800, 0x00007f8e2901d800, 0x00007f8e2a80f800, 0x00007f8e2a80e800,
0x00007f8e2a829800, 0x00007f8e29020000, 0x00007f8e29025800, 0x00007f8e18826000,
0x00007f8df880c800, 0x00007f8e290c8000, 0x00007f8e29139000, 0x00007f8df883a800,
0x00007f8e2a939000, 0x00007f8e2931e000, 0x00007f8e293bc000, 0x00007f8df8925000,
0x00007f8e29a80000
}

Java Threads: ( => current thread )
  0x00007f8e29018800 JavaThread "Reference Handler" daemon [_thread_blocked, id=18435, stack(0x00000003065fd000,0x00000003066fd000)]
  0x00007f8e2901d800 JavaThread "Finalizer" daemon [_thread_blocked, id=18947, stack(0x0000000306700000,0x0000000306800000)]
  0x00007f8e2a80f800 JavaThread "Signal Dispatcher" daemon [_thread_blocked, id=30979, stack(0x0000000306913000,0x0000000306a13000)]
  0x00007f8e2a80e800 JavaThread "Service Thread" daemon [_thread_blocked, id=23811, stack(0x0000000306a16000,0x0000000306b16000)]
  0x00007f8e2a829800 JavaThread "C2 CompilerThread0" daemon [_thread_blocked, id=24323, stack(0x0000000306b19000,0x0000000306c19000)]
  0x00007f8e29020000 JavaThread "C1 CompilerThread0" daemon [_thread_blocked, id=30211, stack(0x0000000306c1c000,0x0000000306d1c000)]
  0x00007f8e29025800 JavaThread "Sweeper thread" daemon [_thread_blocked, id=25859, stack(0x0000000306d1f000,0x0000000306e1f000)]
  0x00007f8e18826000 JavaThread "Common-Cleaner" daemon [_thread_blocked, id=27907, stack(0x0000000306f25000,0x0000000307025000)]
=>0x00007f8df880c800 JavaThread "AppKit Thread" daemon [_thread_in_native, id=259, stack(0x0000000305665000,0x0000000305e65000)]
  0x00007f8e290c8000 JavaThread "AWT-Shutdown" [_thread_blocked, id=63495, stack(0x00000003070af000,0x00000003071af000)]
  0x00007f8e29139000 JavaThread "AWT-EventQueue-0" [_thread_blocked, id=65551, stack(0x0000000307456000,0x0000000307556000)]
  0x00007f8df883a800 JavaThread "Java2D Queue Flusher" daemon [_thread_blocked, id=86275, stack(0x0000000307559000,0x0000000307659000)]
  0x00007f8e2a939000 JavaThread "Java2D Disposer" daemon [_thread_blocked, id=69943, stack(0x000000030765c000,0x000000030775c000)]
  0x00007f8e2931e000 JavaThread "Timer-0" daemon [_thread_blocked, id=130567, stack(0x000000030775f000,0x000000030785f000)]
  0x00007f8e293bc000 JavaThread "TimerQueue" daemon [_thread_blocked, id=127779, stack(0x0000000307965000,0x0000000307a65000)]
  0x00007f8df8925000 JavaThread "jME3 Main" [_thread_in_native, id=123979, stack(0x00000003085af000,0x00000003086af000)]
  0x00007f8e29a80000 JavaThread "DestroyJavaVM" [_thread_blocked, id=9987, stack(0x0000000305ee8000,0x0000000305fe8000)]

Other Threads:
  0x00007f8e2a80d000 VMThread "VM Thread" [stack: 0x00000003064fa000,0x00000003065fa000] [id=17923]
  0x00007f8e298ba000 WatcherThread [stack: 0x0000000306e22000,0x0000000306f22000] [id=27439]
  0x00007f8e28815000 GCTaskThread "GC Thread#0" [stack: 0x0000000305feb000,0x00000003060eb000] [id=12035]
  0x00007f8e29a7d800 GCTaskThread "GC Thread#1" [stack: 0x0000000307d97000,0x0000000307e97000] [id=124423]
  0x00007f8e29a90000 GCTaskThread "GC Thread#2" [stack: 0x0000000307e9a000,0x0000000307f9a000] [id=93699]
  0x00007f8e29a91000 GCTaskThread "GC Thread#3" [stack: 0x0000000307f9d000,0x000000030809d000] [id=93955]
  0x00007f8e29141000 GCTaskThread "GC Thread#4" [stack: 0x00000003080a0000,0x00000003081a0000] [id=123139]
  0x00007f8e29646000 GCTaskThread "GC Thread#5" [stack: 0x00000003081a3000,0x00000003082a3000] [id=122627]
  0x00007f8e29619000 GCTaskThread "GC Thread#6" [stack: 0x00000003082a6000,0x00000003083a6000] [id=94467]
  0x00007f8e29650000 GCTaskThread "GC Thread#7" [stack: 0x00000003083a9000,0x00000003084a9000] [id=122115]
  0x00007f8e29651000 GCTaskThread "GC Thread#8" [stack: 0x00000003084ac000,0x00000003085ac000] [id=95235]
  0x00007f8e28844800 ConcurrentGCThread "G1 Main Marker" [stack: 0x00000003060ee000,0x00000003061ee000] [id=13059]
  0x00007f8e18808800 ConcurrentGCThread "G1 Conc#0" [stack: 0x00000003061f1000,0x00000003062f1000] [id=21507]
  0x00007f8e28969000 ConcurrentGCThread "G1 Refine#0" [stack: 0x00000003062f4000,0x00000003063f4000] [id=16643]
  0x00007f8e18809000 ConcurrentGCThread "G1 Young RemSet Sampling" [stack: 0x00000003063f7000,0x00000003064f7000] [id=20995]

Threads with active compile tasks:

VM state:not at safepoint (normal execution)

VM Mutex/Monitor currently owned by a thread: None

Heap address: 0x0000000600000000, size: 8192 MB, Compressed Oops mode: Zero based, Oop shift amount: 3
Narrow klass base: 0x0000000800000000, Narrow klass shift: 0
Compressed class space size: 1073741824 Address: 0x0000000800000000

Heap:
 garbage-first heap   total 276480K, used 83355K [0x0000000600000000, 0x0000000800000000)
  region size 2048K, 38 young (77824K), 1 survivors (2048K)
 Metaspace       used 25555K, capacity 26056K, committed 26624K, reserved 1073152K
  class space    used 2561K, capacity 2763K, committed 2816K, reserved 1048576K
Heap Regions: E=young(eden), S=young(survivor), O=old, HS=humongous(starts), HC=humongous(continues), CS=collection set, F=free, A=archive, TAMS=top-at-mark-start (previous, next)
|   0|0x0000000600000000, 0x0000000600200000, 0x0000000600200000|100%|HS|  |TAMS 0x0000000600000000, 0x0000000600000000| Untracked 
|   1|0x0000000600200000, 0x0000000600374ec8, 0x0000000600400000| 72%| O|  |TAMS 0x0000000600200000, 0x0000000600200000| Untracked 
|   2|0x0000000600400000, 0x00000006005fffe8, 0x0000000600600000| 99%| O|  |TAMS 0x0000000600400000, 0x0000000600400000| Untracked 
|   3|0x0000000600600000, 0x000000060078db98, 0x0000000600800000| 77%| O|  |TAMS 0x0000000600600000, 0x0000000600600000| Untracked 
|   4|0x0000000600800000, 0x000000060097de00, 0x0000000600a00000| 74%| O|  |TAMS 0x0000000600800000, 0x0000000600800000| Untracked 
|   5|0x0000000600a00000, 0x0000000600a00000, 0x0000000600c00000|  0%| F|  |TAMS 0x0000000600a00000, 0x0000000600a00000| Untracked 
|   6|0x0000000600c00000, 0x0000000600c00000, 0x0000000600e00000|  0%| F|  |TAMS 0x0000000600c00000, 0x0000000600c00000| Untracked 
|   7|0x0000000600e00000, 0x0000000600e00000, 0x0000000601000000|  0%| F|  |TAMS 0x0000000600e00000, 0x0000000600e00000| Untracked 
|   8|0x0000000601000000, 0x0000000601000000, 0x0000000601200000|  0%| F|  |TAMS 0x0000000601000000, 0x0000000601000000| Untracked 
|   9|0x0000000601200000, 0x0000000601200000, 0x0000000601400000|  0%| F|  |TAMS 0x0000000601200000, 0x0000000601200000| Untracked 
|  10|0x0000000601400000, 0x0000000601400000, 0x0000000601600000|  0%| F|  |TAMS 0x0000000601400000, 0x0000000601400000| Untracked 
|  11|0x0000000601600000, 0x0000000601600000, 0x0000000601800000|  0%| F|  |TAMS 0x0000000601600000, 0x0000000601600000| Untracked 
|  12|0x0000000601800000, 0x0000000601800000, 0x0000000601a00000|  0%| F|  |TAMS 0x0000000601800000, 0x0000000601800000| Untracked 
|  13|0x0000000601a00000, 0x0000000601a00000, 0x0000000601c00000|  0%| F|  |TAMS 0x0000000601a00000, 0x0000000601a00000| Untracked 
|  14|0x0000000601c00000, 0x0000000601c00000, 0x0000000601e00000|  0%| F|  |TAMS 0x0000000601c00000, 0x0000000601c00000| Untracked 
|  15|0x0000000601e00000, 0x0000000601e00000, 0x0000000602000000|  0%| F|  |TAMS 0x0000000601e00000, 0x0000000601e00000| Untracked 
|  16|0x0000000602000000, 0x0000000602000000, 0x0000000602200000|  0%| F|  |TAMS 0x0000000602000000, 0x0000000602000000| Untracked 
|  17|0x0000000602200000, 0x0000000602200000, 0x0000000602400000|  0%| F|  |TAMS 0x0000000602200000, 0x0000000602200000| Untracked 
|  18|0x0000000602400000, 0x0000000602400000, 0x0000000602600000|  0%| F|  |TAMS 0x0000000602400000, 0x0000000602400000| Untracked 
|  19|0x0000000602600000, 0x0000000602600000, 0x0000000602800000|  0%| F|  |TAMS 0x0000000602600000, 0x0000000602600000| Untracked 
|  20|0x0000000602800000, 0x0000000602800000, 0x0000000602a00000|  0%| F|  |TAMS 0x0000000602800000, 0x0000000602800000| Untracked 
|  21|0x0000000602a00000, 0x0000000602a00000, 0x0000000602c00000|  0%| F|  |TAMS 0x0000000602a00000, 0x0000000602a00000| Untracked 
|  22|0x0000000602c00000, 0x0000000602c00000, 0x0000000602e00000|  0%| F|  |TAMS 0x0000000602c00000, 0x0000000602c00000| Untracked 
|  23|0x0000000602e00000, 0x0000000602e00000, 0x0000000603000000|  0%| F|  |TAMS 0x0000000602e00000, 0x0000000602e00000| Untracked 
|  24|0x0000000603000000, 0x0000000603000000, 0x0000000603200000|  0%| F|  |TAMS 0x0000000603000000, 0x0000000603000000| Untracked 
|  25|0x0000000603200000, 0x0000000603200000, 0x0000000603400000|  0%| F|  |TAMS 0x0000000603200000, 0x0000000603200000| Untracked 
|  26|0x0000000603400000, 0x0000000603400000, 0x0000000603600000|  0%| F|  |TAMS 0x0000000603400000, 0x0000000603400000| Untracked 
|  27|0x0000000603600000, 0x0000000603600000, 0x0000000603800000|  0%| F|  |TAMS 0x0000000603600000, 0x0000000603600000| Untracked 
|  28|0x0000000603800000, 0x0000000603800000, 0x0000000603a00000|  0%| F|  |TAMS 0x0000000603800000, 0x0000000603800000| Untracked 
|  29|0x0000000603a00000, 0x0000000603a00000, 0x0000000603c00000|  0%| F|  |TAMS 0x0000000603a00000, 0x0000000603a00000| Untracked 
|  30|0x0000000603c00000, 0x0000000603c00000, 0x0000000603e00000|  0%| F|  |TAMS 0x0000000603c00000, 0x0000000603c00000| Untracked 
|  31|0x0000000603e00000, 0x0000000603e00000, 0x0000000604000000|  0%| F|  |TAMS 0x0000000603e00000, 0x0000000603e00000| Untracked 
|  32|0x0000000604000000, 0x0000000604000000, 0x0000000604200000|  0%| F|  |TAMS 0x0000000604000000, 0x0000000604000000| Untracked 
|  33|0x0000000604200000, 0x0000000604200000, 0x0000000604400000|  0%| F|  |TAMS 0x0000000604200000, 0x0000000604200000| Untracked 
|  34|0x0000000604400000, 0x0000000604400000, 0x0000000604600000|  0%| F|  |TAMS 0x0000000604400000, 0x0000000604400000| Untracked 
|  35|0x0000000604600000, 0x0000000604600000, 0x0000000604800000|  0%| F|  |TAMS 0x0000000604600000, 0x0000000604600000| Untracked 
|  36|0x0000000604800000, 0x0000000604800000, 0x0000000604a00000|  0%| F|  |TAMS 0x0000000604800000, 0x0000000604800000| Untracked 
|  37|0x0000000604a00000, 0x0000000604a00000, 0x0000000604c00000|  0%| F|  |TAMS 0x0000000604a00000, 0x0000000604a00000| Untracked 
|  38|0x0000000604c00000, 0x0000000604c00000, 0x0000000604e00000|  0%| F|  |TAMS 0x0000000604c00000, 0x0000000604c00000| Untracked 
|  39|0x0000000604e00000, 0x0000000604e00000, 0x0000000605000000|  0%| F|  |TAMS 0x0000000604e00000, 0x0000000604e00000| Untracked 
|  40|0x0000000605000000, 0x0000000605000000, 0x0000000605200000|  0%| F|  |TAMS 0x0000000605000000, 0x0000000605000000| Untracked 
|  41|0x0000000605200000, 0x0000000605200000, 0x0000000605400000|  0%| F|  |TAMS 0x0000000605200000, 0x0000000605200000| Untracked 
|  42|0x0000000605400000, 0x0000000605400000, 0x0000000605600000|  0%| F|  |TAMS 0x0000000605400000, 0x0000000605400000| Untracked 
|  43|0x0000000605600000, 0x0000000605600000, 0x0000000605800000|  0%| F|  |TAMS 0x0000000605600000, 0x0000000605600000| Untracked 
|  44|0x0000000605800000, 0x0000000605800000, 0x0000000605a00000|  0%| F|  |TAMS 0x0000000605800000, 0x0000000605800000| Untracked 
|  45|0x0000000605a00000, 0x0000000605a00000, 0x0000000605c00000|  0%| F|  |TAMS 0x0000000605a00000, 0x0000000605a00000| Untracked 
|  46|0x0000000605c00000, 0x0000000605c00000, 0x0000000605e00000|  0%| F|  |TAMS 0x0000000605c00000, 0x0000000605c00000| Untracked 
|  47|0x0000000605e00000, 0x0000000605e00000, 0x0000000606000000|  0%| F|  |TAMS 0x0000000605e00000, 0x0000000605e00000| Untracked 
|  48|0x0000000606000000, 0x0000000606000000, 0x0000000606200000|  0%| F|  |TAMS 0x0000000606000000, 0x0000000606000000| Untracked 
|  49|0x0000000606200000, 0x0000000606200000, 0x0000000606400000|  0%| F|  |TAMS 0x0000000606200000, 0x0000000606200000| Untracked 
|  50|0x0000000606400000, 0x0000000606400000, 0x0000000606600000|  0%| F|  |TAMS 0x0000000606400000, 0x0000000606400000| Untracked 
|  51|0x0000000606600000, 0x0000000606600000, 0x0000000606800000|  0%| F|  |TAMS 0x0000000606600000, 0x0000000606600000| Untracked 
|  52|0x0000000606800000, 0x0000000606800000, 0x0000000606a00000|  0%| F|  |TAMS 0x0000000606800000, 0x0000000606800000| Untracked 
|  53|0x0000000606a00000, 0x0000000606a00000, 0x0000000606c00000|  0%| F|  |TAMS 0x0000000606a00000, 0x0000000606a00000| Untracked 
|  54|0x0000000606c00000, 0x0000000606c00000, 0x0000000606e00000|  0%| F|  |TAMS 0x0000000606c00000, 0x0000000606c00000| Untracked 
|  55|0x0000000606e00000, 0x0000000606e00000, 0x0000000607000000|  0%| F|  |TAMS 0x0000000606e00000, 0x0000000606e00000| Untracked 
|  56|0x0000000607000000, 0x0000000607000000, 0x0000000607200000|  0%| F|  |TAMS 0x0000000607000000, 0x0000000607000000| Untracked 
|  57|0x0000000607200000, 0x0000000607200000, 0x0000000607400000|  0%| F|  |TAMS 0x0000000607200000, 0x0000000607200000| Untracked 
|  58|0x0000000607400000, 0x0000000607400000, 0x0000000607600000|  0%| F|  |TAMS 0x0000000607400000, 0x0000000607400000| Untracked 
|  59|0x0000000607600000, 0x0000000607600000, 0x0000000607800000|  0%| F|  |TAMS 0x0000000607600000, 0x0000000607600000| Untracked 
|  60|0x0000000607800000, 0x0000000607800000, 0x0000000607a00000|  0%| F|  |TAMS 0x0000000607800000, 0x0000000607800000| Untracked 
|  61|0x0000000607a00000, 0x0000000607a00000, 0x0000000607c00000|  0%| F|  |TAMS 0x0000000607a00000, 0x0000000607a00000| Untracked 
|  62|0x0000000607c00000, 0x0000000607c00000, 0x0000000607e00000|  0%| F|  |TAMS 0x0000000607c00000, 0x0000000607c00000| Untracked 
|  63|0x0000000607e00000, 0x0000000607e00000, 0x0000000608000000|  0%| F|  |TAMS 0x0000000607e00000, 0x0000000607e00000| Untracked 
|  64|0x0000000608000000, 0x0000000608000000, 0x0000000608200000|  0%| F|  |TAMS 0x0000000608000000, 0x0000000608000000| Untracked 
|  65|0x0000000608200000, 0x0000000608200000, 0x0000000608400000|  0%| F|  |TAMS 0x0000000608200000, 0x0000000608200000| Untracked 
|  66|0x0000000608400000, 0x0000000608400000, 0x0000000608600000|  0%| F|  |TAMS 0x0000000608400000, 0x0000000608400000| Untracked 
|  67|0x0000000608600000, 0x0000000608600000, 0x0000000608800000|  0%| F|  |TAMS 0x0000000608600000, 0x0000000608600000| Untracked 
|  68|0x0000000608800000, 0x0000000608800000, 0x0000000608a00000|  0%| F|  |TAMS 0x0000000608800000, 0x0000000608800000| Untracked 
|  69|0x0000000608a00000, 0x0000000608a00000, 0x0000000608c00000|  0%| F|  |TAMS 0x0000000608a00000, 0x0000000608a00000| Untracked 
|  70|0x0000000608c00000, 0x0000000608c00000, 0x0000000608e00000|  0%| F|  |TAMS 0x0000000608c00000, 0x0000000608c00000| Untracked 
|  71|0x0000000608e00000, 0x0000000608e00000, 0x0000000609000000|  0%| F|  |TAMS 0x0000000608e00000, 0x0000000608e00000| Untracked 
|  72|0x0000000609000000, 0x0000000609000000, 0x0000000609200000|  0%| F|  |TAMS 0x0000000609000000, 0x0000000609000000| Untracked 
|  73|0x0000000609200000, 0x0000000609200000, 0x0000000609400000|  0%| F|  |TAMS 0x0000000609200000, 0x0000000609200000| Untracked 
|  74|0x0000000609400000, 0x00000006094e6498, 0x0000000609600000| 44%| S|CS|TAMS 0x0000000609400000, 0x0000000609400000| Complete 
|  75|0x0000000609600000, 0x0000000609600000, 0x0000000609800000|  0%| F|  |TAMS 0x0000000609600000, 0x0000000609600000| Untracked 
|  76|0x0000000609800000, 0x0000000609800000, 0x0000000609a00000|  0%| F|  |TAMS 0x0000000609800000, 0x0000000609800000| Untracked 
|  77|0x0000000609a00000, 0x0000000609a00000, 0x0000000609c00000|  0%| F|  |TAMS 0x0000000609a00000, 0x0000000609a00000| Untracked 
|  78|0x0000000609c00000, 0x0000000609c00000, 0x0000000609e00000|  0%| F|  |TAMS 0x0000000609c00000, 0x0000000609c00000| Untracked 
|  79|0x0000000609e00000, 0x0000000609e00000, 0x000000060a000000|  0%| F|  |TAMS 0x0000000609e00000, 0x0000000609e00000| Untracked 
|  80|0x000000060a000000, 0x000000060a000000, 0x000000060a200000|  0%| F|  |TAMS 0x000000060a000000, 0x000000060a000000| Untracked 
|  81|0x000000060a200000, 0x000000060a200000, 0x000000060a400000|  0%| F|  |TAMS 0x000000060a200000, 0x000000060a200000| Untracked 
|  82|0x000000060a400000, 0x000000060a400000, 0x000000060a600000|  0%| F|  |TAMS 0x000000060a400000, 0x000000060a400000| Untracked 
|  83|0x000000060a600000, 0x000000060a600000, 0x000000060a800000|  0%| F|  |TAMS 0x000000060a600000, 0x000000060a600000| Untracked 
|  84|0x000000060a800000, 0x000000060a800000, 0x000000060aa00000|  0%| F|  |TAMS 0x000000060a800000, 0x000000060a800000| Untracked 
|  85|0x000000060aa00000, 0x000000060aa00000, 0x000000060ac00000|  0%| F|  |TAMS 0x000000060aa00000, 0x000000060aa00000| Untracked 
|  86|0x000000060ac00000, 0x000000060ac00000, 0x000000060ae00000|  0%| F|  |TAMS 0x000000060ac00000, 0x000000060ac00000| Untracked 
|  87|0x000000060ae00000, 0x000000060ae00000, 0x000000060b000000|  0%| F|  |TAMS 0x000000060ae00000, 0x000000060ae00000| Untracked 
|  88|0x000000060b000000, 0x000000060b000000, 0x000000060b200000|  0%| F|  |TAMS 0x000000060b000000, 0x000000060b000000| Untracked 
|  89|0x000000060b200000, 0x000000060b200000, 0x000000060b400000|  0%| F|  |TAMS 0x000000060b200000, 0x000000060b200000| Untracked 
|  90|0x000000060b400000, 0x000000060b400000, 0x000000060b600000|  0%| F|  |TAMS 0x000000060b400000, 0x000000060b400000| Untracked 
|  91|0x000000060b600000, 0x000000060b600000, 0x000000060b800000|  0%| F|  |TAMS 0x000000060b600000, 0x000000060b600000| Untracked 
|  92|0x000000060b800000, 0x000000060b800000, 0x000000060ba00000|  0%| F|  |TAMS 0x000000060b800000, 0x000000060b800000| Untracked 
|  93|0x000000060ba00000, 0x000000060ba00000, 0x000000060bc00000|  0%| F|  |TAMS 0x000000060ba00000, 0x000000060ba00000| Untracked 
|  94|0x000000060bc00000, 0x000000060bc00000, 0x000000060be00000|  0%| F|  |TAMS 0x000000060bc00000, 0x000000060bc00000| Untracked 
|  95|0x000000060be00000, 0x000000060be00000, 0x000000060c000000|  0%| F|  |TAMS 0x000000060be00000, 0x000000060be00000| Untracked 
|  96|0x000000060c000000, 0x000000060c000000, 0x000000060c200000|  0%| F|  |TAMS 0x000000060c000000, 0x000000060c000000| Untracked 
|  97|0x000000060c200000, 0x000000060c200000, 0x000000060c400000|  0%| F|  |TAMS 0x000000060c200000, 0x000000060c200000| Untracked 
|  98|0x000000060c400000, 0x000000060c5a0368, 0x000000060c600000| 81%| E|  |TAMS 0x000000060c400000, 0x000000060c400000| Complete 
|  99|0x000000060c600000, 0x000000060c800000, 0x000000060c800000|100%| E|CS|TAMS 0x000000060c600000, 0x000000060c600000| Complete 
| 100|0x000000060c800000, 0x000000060ca00000, 0x000000060ca00000|100%| E|CS|TAMS 0x000000060c800000, 0x000000060c800000| Complete 
| 101|0x000000060ca00000, 0x000000060cc00000, 0x000000060cc00000|100%| E|CS|TAMS 0x000000060ca00000, 0x000000060ca00000| Complete 
| 102|0x000000060cc00000, 0x000000060ce00000, 0x000000060ce00000|100%| E|CS|TAMS 0x000000060cc00000, 0x000000060cc00000| Complete 
| 103|0x000000060ce00000, 0x000000060d000000, 0x000000060d000000|100%| E|CS|TAMS 0x000000060ce00000, 0x000000060ce00000| Complete 
| 104|0x000000060d000000, 0x000000060d200000, 0x000000060d200000|100%| E|CS|TAMS 0x000000060d000000, 0x000000060d000000| Complete 
| 105|0x000000060d200000, 0x000000060d400000, 0x000000060d400000|100%| E|CS|TAMS 0x000000060d200000, 0x000000060d200000| Complete 
| 106|0x000000060d400000, 0x000000060d600000, 0x000000060d600000|100%| E|CS|TAMS 0x000000060d400000, 0x000000060d400000| Complete 
| 107|0x000000060d600000, 0x000000060d800000, 0x000000060d800000|100%| E|CS|TAMS 0x000000060d600000, 0x000000060d600000| Complete 
| 108|0x000000060d800000, 0x000000060da00000, 0x000000060da00000|100%| E|CS|TAMS 0x000000060d800000, 0x000000060d800000| Complete 
| 109|0x000000060da00000, 0x000000060dc00000, 0x000000060dc00000|100%| E|CS|TAMS 0x000000060da00000, 0x000000060da00000| Complete 
| 110|0x000000060dc00000, 0x000000060de00000, 0x000000060de00000|100%| E|CS|TAMS 0x000000060dc00000, 0x000000060dc00000| Complete 
| 111|0x000000060de00000, 0x000000060e000000, 0x000000060e000000|100%| E|CS|TAMS 0x000000060de00000, 0x000000060de00000| Complete 
| 112|0x000000060e000000, 0x000000060e200000, 0x000000060e200000|100%| E|CS|TAMS 0x000000060e000000, 0x000000060e000000| Complete 
| 113|0x000000060e200000, 0x000000060e400000, 0x000000060e400000|100%| E|CS|TAMS 0x000000060e200000, 0x000000060e200000| Complete 
| 114|0x000000060e400000, 0x000000060e600000, 0x000000060e600000|100%| E|CS|TAMS 0x000000060e400000, 0x000000060e400000| Complete 
| 115|0x000000060e600000, 0x000000060e800000, 0x000000060e800000|100%| E|CS|TAMS 0x000000060e600000, 0x000000060e600000| Complete 
| 116|0x000000060e800000, 0x000000060ea00000, 0x000000060ea00000|100%| E|CS|TAMS 0x000000060e800000, 0x000000060e800000| Complete 
| 117|0x000000060ea00000, 0x000000060ec00000, 0x000000060ec00000|100%| E|CS|TAMS 0x000000060ea00000, 0x000000060ea00000| Complete 
| 118|0x000000060ec00000, 0x000000060ee00000, 0x000000060ee00000|100%| E|CS|TAMS 0x000000060ec00000, 0x000000060ec00000| Complete 
| 119|0x000000060ee00000, 0x000000060f000000, 0x000000060f000000|100%| E|CS|TAMS 0x000000060ee00000, 0x000000060ee00000| Complete 
| 120|0x000000060f000000, 0x000000060f200000, 0x000000060f200000|100%| E|CS|TAMS 0x000000060f000000, 0x000000060f000000| Complete 
| 121|0x000000060f200000, 0x000000060f400000, 0x000000060f400000|100%| E|CS|TAMS 0x000000060f200000, 0x000000060f200000| Complete 
| 122|0x000000060f400000, 0x000000060f600000, 0x000000060f600000|100%| E|CS|TAMS 0x000000060f400000, 0x000000060f400000| Complete 
| 123|0x000000060f600000, 0x000000060f800000, 0x000000060f800000|100%| E|CS|TAMS 0x000000060f600000, 0x000000060f600000| Complete 
| 124|0x000000060f800000, 0x000000060fa00000, 0x000000060fa00000|100%| E|CS|TAMS 0x000000060f800000, 0x000000060f800000| Complete 
| 125|0x000000060fa00000, 0x000000060fc00000, 0x000000060fc00000|100%| E|CS|TAMS 0x000000060fa00000, 0x000000060fa00000| Complete 
| 126|0x000000060fc00000, 0x000000060fe00000, 0x000000060fe00000|100%| E|CS|TAMS 0x000000060fc00000, 0x000000060fc00000| Complete 
| 127|0x000000060fe00000, 0x0000000610000000, 0x0000000610000000|100%| E|CS|TAMS 0x000000060fe00000, 0x000000060fe00000| Complete 
| 128|0x0000000610000000, 0x0000000610200000, 0x0000000610200000|100%| E|CS|TAMS 0x0000000610000000, 0x0000000610000000| Complete 
| 129|0x0000000610200000, 0x0000000610400000, 0x0000000610400000|100%| E|CS|TAMS 0x0000000610200000, 0x0000000610200000| Complete 
| 130|0x0000000610400000, 0x0000000610600000, 0x0000000610600000|100%| E|CS|TAMS 0x0000000610400000, 0x0000000610400000| Complete 
| 131|0x0000000610600000, 0x0000000610800000, 0x0000000610800000|100%| E|CS|TAMS 0x0000000610600000, 0x0000000610600000| Complete 
| 132|0x0000000610800000, 0x0000000610a00000, 0x0000000610a00000|100%| E|CS|TAMS 0x0000000610800000, 0x0000000610800000| Complete 
| 133|0x0000000610a00000, 0x0000000610c00000, 0x0000000610c00000|100%| E|CS|TAMS 0x0000000610a00000, 0x0000000610a00000| Complete 
| 134|0x0000000610c00000, 0x0000000610e00000, 0x0000000610e00000|100%| E|CS|TAMS 0x0000000610c00000, 0x0000000610c00000| Complete 

Card table byte_map: [0x0000000124b1f000,0x0000000125b1f000] _byte_map_base: 0x0000000121b1f000

Marking Bits (Prev, Next): (CMBitMap*) 0x00007f8e28833c18, (CMBitMap*) 0x00007f8e28833c50
 Prev Bits: [0x0000000126b1f000, 0x000000012eb1f000)
 Next Bits: [0x000000012eb1f000, 0x0000000136b1f000)

Polling page: 0x0000000100d8b000

Metaspace:

Usage:
  Non-class:     22.75 MB capacity,    22.46 MB ( 99%) used,   240.95 KB (  1%) free+waste,    57.50 KB ( <1%) overhead. 
      Class:      2.70 MB capacity,     2.50 MB ( 93%) used,   173.83 KB (  6%) free+waste,    28.06 KB (  1%) overhead. 
       Both:     25.45 MB capacity,    24.96 MB ( 98%) used,   414.77 KB (  2%) free+waste,    85.56 KB ( <1%) overhead. 

Virtual space:
  Non-class space:       24.00 MB reserved,      23.25 MB ( 97%) committed 
      Class space:        1.00 GB reserved,       2.75 MB ( <1%) committed 
             Both:        1.02 GB reserved,      26.00 MB (  2%) committed 

Chunk freelists:
   Non-Class:  291.00 KB
       Class:  21.00 KB
        Both:  312.00 KB

MaxMetaspaceSize: unlimited
CompressedClassSpaceSize: 1.00 GB
Initial GC threshold: 20.80 MB
Current GC threshold: 31.67 MB
CDS: off

CodeHeap 'non-profiled nmethods': size=120032Kb used=1115Kb max_used=1115Kb free=118916Kb
 bounds [0x000000011c5e7000, 0x000000011c857000, 0x0000000123b1f000]
CodeHeap 'profiled nmethods': size=120028Kb used=5532Kb max_used=5532Kb free=114495Kb
 bounds [0x00000001150b0000, 0x0000000115620000, 0x000000011c5e7000]
CodeHeap 'non-nmethods': size=5700Kb used=1428Kb max_used=1447Kb free=4271Kb
 bounds [0x0000000114b1f000, 0x0000000114d8f000, 0x00000001150b0000]
 total_blobs=3611 nmethods=2836 adapters=689
 compilation: enabled
              stopped_count=0, restarted_count=0
 full_count=0

Compilation events (20 events):
Event: 6.581 Thread 0x00007f8e2a829800 2827       4       mygame.Flock::update (80 bytes)
Event: 6.586 Thread 0x00007f8e2a829800 nmethod 2827 0x000000011c6f8c90 code [0x000000011c6f8ea0, 0x000000011c6f9390]
Event: 6.586 Thread 0x00007f8e2a829800 2828       4       com.jme3.scene.instancing.InstancedGeometry::updateInstances (281 bytes)
Event: 6.607 Thread 0x00007f8e2a829800 nmethod 2828 0x000000011c6f9990 code [0x000000011c6f9c40, 0x000000011c6fae50]
Event: 6.732 Thread 0x00007f8e29020000 2829       3       com.jme3.font.BitmapText::setText (59 bytes)
Event: 6.733 Thread 0x00007f8e29020000 nmethod 2829 0x0000000115616490 code [0x0000000115616680, 0x0000000115616a50]
Event: 6.746 Thread 0x00007f8e29020000 2830       3       com.jme3.renderer.Statistics::getData (108 bytes)
Event: 6.747 Thread 0x00007f8e29020000 nmethod 2830 0x0000000115616c10 code [0x0000000115616de0, 0x0000000115617130]
Event: 6.863 Thread 0x00007f8e2a829800 2831       4       com.jme3.renderer.opengl.GLRenderer::convertFormat (99 bytes)
Event: 6.864 Thread 0x00007f8e2a829800 nmethod 2831 0x000000011c6fbd90 code [0x000000011c6fbf20, 0x000000011c6fbfd8]
Event: 6.864 Thread 0x00007f8e2a829800 2832       4       com.jme3.shader.Shader::getUniform (73 bytes)
Event: 6.871 Thread 0x00007f8e2a829800 nmethod 2832 0x000000011c6fc090 code [0x000000011c6fc260, 0x000000011c6fc808]
Event: 6.903 Thread 0x00007f8e2a829800 2833       4       java.util.HashMap$HashIterator::hasNext (13 bytes)
Event: 6.903 Thread 0x00007f8e2a829800 nmethod 2833 0x000000011c6fcd10 code [0x000000011c6fcea0, 0x000000011c6fcf18]
Event: 6.936 Thread 0x00007f8e2a829800 2834       4       com.jme3.shader.DefineList::setAll (36 bytes)
Event: 6.940 Thread 0x00007f8e2a829800 nmethod 2834 0x000000011c6fd010 code [0x000000011c6fd1a0, 0x000000011c6fd418]
Event: 6.940 Thread 0x00007f8e2a829800 2835       4       com.jme3.shader.DefineList::equals (55 bytes)
Event: 6.943 Thread 0x00007f8e2a829800 nmethod 2835 0x000000011c6fd510 code [0x000000011c6fd6c0, 0x000000011c6fd8f8]
Event: 6.943 Thread 0x00007f8e2a829800 2836   !   4       java.nio.DirectByteBuffer::put (32 bytes)
Event: 6.943 Thread 0x00007f8e2a829800 nmethod 2836 0x000000011c6fda90 code [0x000000011c6fdc20, 0x000000011c6fdcd8]

GC Heap History (20 events):
Event: 4.318 GC heap before
{Heap before GC invocations=6 (full 2):
 garbage-first heap   total 28672K, used 15794K [0x0000000600000000, 0x0000000800000000)
  region size 2048K, 4 young (8192K), 1 survivors (2048K)
 Metaspace       used 25166K, capacity 25672K, committed 26112K, reserved 1073152K
  class space    used 2559K, capacity 2763K, committed 2816K, reserved 1048576K
}
Event: 4.320 GC heap after
{Heap after GC invocations=7 (full 2):
 garbage-first heap   total 28672K, used 9627K [0x0000000600000000, 0x0000000800000000)
  region size 2048K, 1 young (2048K), 1 survivors (2048K)
 Metaspace       used 25166K, capacity 25672K, committed 26112K, reserved 1073152K
  class space    used 2559K, capacity 2763K, committed 2816K, reserved 1048576K
}
Event: 4.362 GC heap before
{Heap before GC invocations=7 (full 2):
 garbage-first heap   total 28672K, used 15771K [0x0000000600000000, 0x0000000800000000)
  region size 2048K, 4 young (8192K), 1 survivors (2048K)
 Metaspace       used 25172K, capacity 25672K, committed 26112K, reserved 1073152K
  class space    used 2559K, capacity 2763K, committed 2816K, reserved 1048576K
}
Event: 4.364 GC heap after
{Heap after GC invocations=8 (full 2):
 garbage-first heap   total 28672K, used 9662K [0x0000000600000000, 0x0000000800000000)
  region size 2048K, 1 young (2048K), 1 survivors (2048K)
 Metaspace       used 25172K, capacity 25672K, committed 26112K, reserved 1073152K
  class space    used 2559K, capacity 2763K, committed 2816K, reserved 1048576K
}
Event: 4.415 GC heap before
{Heap before GC invocations=8 (full 2):
 garbage-first heap   total 28672K, used 15806K [0x0000000600000000, 0x0000000800000000)
  region size 2048K, 4 young (8192K), 1 survivors (2048K)
 Metaspace       used 25190K, capacity 25672K, committed 26112K, reserved 1073152K
  class space    used 2559K, capacity 2763K, committed 2816K, reserved 1048576K
}
Event: 4.417 GC heap after
{Heap after GC invocations=9 (full 2):
 garbage-first heap   total 28672K, used 9631K [0x0000000600000000, 0x0000000800000000)
  region size 2048K, 1 young (2048K), 1 survivors (2048K)
 Metaspace       used 25190K, capacity 25672K, committed 26112K, reserved 1073152K
  class space    used 2559K, capacity 2763K, committed 2816K, reserved 1048576K
}
Event: 4.462 GC heap before
{Heap before GC invocations=9 (full 2):
 garbage-first heap   total 28672K, used 15775K [0x0000000600000000, 0x0000000800000000)
  region size 2048K, 4 young (8192K), 1 survivors (2048K)
 Metaspace       used 25218K, capacity 25672K, committed 26112K, reserved 1073152K
  class space    used 2559K, capacity 2763K, committed 2816K, reserved 1048576K
}
Event: 4.465 GC heap after
{Heap after GC invocations=10 (full 2):
 garbage-first heap   total 28672K, used 9657K [0x0000000600000000, 0x0000000800000000)
  region size 2048K, 1 young (2048K), 1 survivors (2048K)
 Metaspace       used 25218K, capacity 25672K, committed 26112K, reserved 1073152K
  class space    used 2559K, capacity 2763K, committed 2816K, reserved 1048576K
}
Event: 4.517 GC heap before
{Heap before GC invocations=10 (full 2):
 garbage-first heap   total 28672K, used 15801K [0x0000000600000000, 0x0000000800000000)
  region size 2048K, 4 young (8192K), 1 survivors (2048K)
 Metaspace       used 25222K, capacity 25672K, committed 26112K, reserved 1073152K
  class space    used 2559K, capacity 2763K, committed 2816K, reserved 1048576K
}
Event: 4.519 GC heap after
{Heap after GC invocations=11 (full 2):
 garbage-first heap   total 28672K, used 9647K [0x0000000600000000, 0x0000000800000000)
  region size 2048K, 1 young (2048K), 1 survivors (2048K)
 Metaspace       used 25222K, capacity 25672K, committed 26112K, reserved 1073152K
  class space    used 2559K, capacity 2763K, committed 2816K, reserved 1048576K
}
Event: 4.562 GC heap before
{Heap before GC invocations=11 (full 2):
 garbage-first heap   total 28672K, used 15791K [0x0000000600000000, 0x0000000800000000)
  region size 2048K, 4 young (8192K), 1 survivors (2048K)
 Metaspace       used 25228K, capacity 25800K, committed 26368K, reserved 1073152K
  class space    used 2559K, capacity 2763K, committed 2816K, reserved 1048576K
}
Event: 4.573 GC heap after
{Heap after GC invocations=12 (full 2):
 garbage-first heap   total 28672K, used 9627K [0x0000000600000000, 0x0000000800000000)
  region size 2048K, 1 young (2048K), 1 survivors (2048K)
 Metaspace       used 25228K, capacity 25800K, committed 26368K, reserved 1073152K
  class space    used 2559K, capacity 2763K, committed 2816K, reserved 1048576K
}
Event: 4.617 GC heap before
{Heap before GC invocations=12 (full 2):
 garbage-first heap   total 28672K, used 15771K [0x0000000600000000, 0x0000000800000000)
  region size 2048K, 4 young (8192K), 1 survivors (2048K)
 Metaspace       used 25237K, capacity 25800K, committed 26368K, reserved 1073152K
  class space    used 2559K, capacity 2763K, committed 2816K, reserved 1048576K
}
Event: 4.620 GC heap after
{Heap after GC invocations=13 (full 2):
 garbage-first heap   total 28672K, used 9623K [0x0000000600000000, 0x0000000800000000)
  region size 2048K, 1 young (2048K), 1 survivors (2048K)
 Metaspace       used 25237K, capacity 25800K, committed 26368K, reserved 1073152K
  class space    used 2559K, capacity 2763K, committed 2816K, reserved 1048576K
}
Event: 4.679 GC heap before
{Heap before GC invocations=13 (full 2):
 garbage-first heap   total 28672K, used 17815K [0x0000000600000000, 0x0000000800000000)
  region size 2048K, 5 young (10240K), 1 survivors (2048K)
 Metaspace       used 25242K, capacity 25800K, committed 26368K, reserved 1073152K
  class space    used 2559K, capacity 2763K, committed 2816K, reserved 1048576K
}
Event: 4.682 GC heap after
{Heap after GC invocations=14 (full 2):
 garbage-first heap   total 28672K, used 9654K [0x0000000600000000, 0x0000000800000000)
  region size 2048K, 1 young (2048K), 1 survivors (2048K)
 Metaspace       used 25242K, capacity 25800K, committed 26368K, reserved 1073152K
  class space    used 2559K, capacity 2763K, committed 2816K, reserved 1048576K
}
Event: 4.749 GC heap before
{Heap before GC invocations=14 (full 2):
 garbage-first heap   total 28672K, used 17846K [0x0000000600000000, 0x0000000800000000)
  region size 2048K, 5 young (10240K), 1 survivors (2048K)
 Metaspace       used 25257K, capacity 25800K, committed 26368K, reserved 1073152K
  class space    used 2559K, capacity 2763K, committed 2816K, reserved 1048576K
}
Event: 4.756 GC heap after
{Heap after GC invocations=15 (full 2):
 garbage-first heap   total 276480K, used 9628K [0x0000000600000000, 0x0000000800000000)
  region size 2048K, 1 young (2048K), 1 survivors (2048K)
 Metaspace       used 25257K, capacity 25800K, committed 26368K, reserved 1073152K
  class space    used 2559K, capacity 2763K, committed 2816K, reserved 1048576K
}
Event: 5.967 GC heap before
{Heap before GC invocations=15 (full 2):
 garbage-first heap   total 276480K, used 132508K [0x0000000600000000, 0x0000000800000000)
  region size 2048K, 61 young (124928K), 1 survivors (2048K)
 Metaspace       used 25477K, capacity 25992K, committed 26368K, reserved 1073152K
  class space    used 2560K, capacity 2763K, committed 2816K, reserved 1048576K
}
Event: 5.976 GC heap after
{Heap after GC invocations=16 (full 2):
 garbage-first heap   total 276480K, used 9627K [0x0000000600000000, 0x0000000800000000)
  region size 2048K, 1 young (2048K), 1 survivors (2048K)
 Metaspace       used 25477K, capacity 25992K, committed 26368K, reserved 1073152K
  class space    used 2560K, capacity 2763K, committed 2816K, reserved 1048576K
}

Deoptimization events (20 events):
Event: 4.204 Thread 0x00007f8df8925000 DEOPT PACKING pc=0x00000001154b3972 sp=0x00000003086ae770
Event: 4.204 Thread 0x00007f8df8925000 DEOPT UNPACKING pc=0x0000000114b6962b sp=0x00000003086adc90 mode 0
Event: 4.204 Thread 0x00007f8df8925000 Uncommon trap: trap_request=0xffffffde fr.pc=0x000000011c68b7dc relative=0x000000000000081c
Event: 4.204 Thread 0x00007f8df8925000 Uncommon trap: reason=class_check action=maybe_recompile pc=0x000000011c68b7dc method=java.util.regex.Pattern$Start.match(Ljava/util/regex/Matcher;ILjava/lang/CharSequence;)Z @ 44 c2
Event: 4.204 Thread 0x00007f8df8925000 DEOPT PACKING pc=0x000000011c68b7dc sp=0x00000003086ae430
Event: 4.204 Thread 0x00007f8df8925000 DEOPT UNPACKING pc=0x0000000114b68e9f sp=0x00000003086ae358 mode 2
Event: 4.225 Thread 0x00007f8df8925000 Uncommon trap: trap_request=0xffffffde fr.pc=0x000000011c68b7dc relative=0x000000000000081c
Event: 4.225 Thread 0x00007f8df8925000 Uncommon trap: reason=class_check action=maybe_recompile pc=0x000000011c68b7dc method=java.util.regex.Pattern$Start.match(Ljava/util/regex/Matcher;ILjava/lang/CharSequence;)Z @ 44 c2
Event: 4.225 Thread 0x00007f8df8925000 DEOPT PACKING pc=0x000000011c68b7dc sp=0x00000003086ae430
Event: 4.225 Thread 0x00007f8df8925000 DEOPT UNPACKING pc=0x0000000114b68e9f sp=0x00000003086ae358 mode 2
Event: 5.885 Thread 0x00007f8df8925000 DEOPT PACKING pc=0x0000000115528d22 sp=0x00000003086ae880
Event: 5.885 Thread 0x00007f8df8925000 DEOPT UNPACKING pc=0x0000000114b6962b sp=0x00000003086add40 mode 0
Event: 5.885 Thread 0x00007f8df8925000 DEOPT PACKING pc=0x000000011552f757 sp=0x00000003086ae760
Event: 5.885 Thread 0x00007f8df8925000 DEOPT UNPACKING pc=0x0000000114b6962b sp=0x00000003086adcb0 mode 0
Event: 6.365 Thread 0x00007f8df8925000 DEOPT PACKING pc=0x00000001155a9c44 sp=0x00000003086ae4a0
Event: 6.365 Thread 0x00007f8df8925000 DEOPT UNPACKING pc=0x0000000114b6962b sp=0x00000003086ad9d8 mode 0
Event: 6.581 Thread 0x00007f8df8925000 DEOPT PACKING pc=0x0000000115580cb2 sp=0x00000003086ae800
Event: 6.581 Thread 0x00007f8df8925000 DEOPT UNPACKING pc=0x0000000114b6962b sp=0x00000003086add28 mode 0
Event: 6.583 Thread 0x00007f8df8925000 DEOPT PACKING pc=0x000000011558259c sp=0x00000003086ae470
Event: 6.583 Thread 0x00007f8df8925000 DEOPT UNPACKING pc=0x0000000114b6962b sp=0x00000003086ad990 mode 0

Classes redefined (0 events):
No events

Internal exceptions (20 events):
Event: 3.445 Thread 0x00007f8e2a811800 Exception <a 'java/lang/ClassNotFoundException'{0x0000000601b40818}: sun/util/logging/resources/spi/loggingProvider> (0x0000000601b40818) thrown at [./src/hotspot/share/classfile/systemDictionary.cpp, line 230]
Event: 3.498 Thread 0x00007f8df8925000 Implicit null exception at 0x000000011c62ce74 to 0x000000011c62d344
Event: 3.498 Thread 0x00007f8df8925000 Implicit null exception at 0x000000011c62a374 to 0x000000011c62a81c
Event: 3.710 Thread 0x00007f8df8925000 Exception <a 'java/lang/NoSuchMethodError'{0x000000060152cb38}: 'int java.lang.invoke.DirectMethodHandle$Holder.invokeSpecialIFC(java.lang.Object, java.lang.Object, int)'> (0x000000060152cb38) thrown at [./src/hotspot/share/interpreter/linkResolver.cpp, line 773]
Event: 3.804 Thread 0x00007f8df8925000 Exception <a 'java/security/PrivilegedActionException'{0x0000000601bc6570}> (0x0000000601bc6570) thrown at [./src/hotspot/share/prims/jvm.cpp, line 1306]
Event: 3.804 Thread 0x00007f8df8925000 Exception <a 'java/security/PrivilegedActionException'{0x0000000601bc8d20}> (0x0000000601bc8d20) thrown at [./src/hotspot/share/prims/jvm.cpp, line 1306]
Event: 3.804 Thread 0x00007f8df8925000 Exception <a 'java/security/PrivilegedActionException'{0x0000000601bc9cd8}> (0x0000000601bc9cd8) thrown at [./src/hotspot/share/prims/jvm.cpp, line 1306]
Event: 3.804 Thread 0x00007f8df8925000 Exception <a 'java/security/PrivilegedActionException'{0x0000000601bcf380}> (0x0000000601bcf380) thrown at [./src/hotspot/share/prims/jvm.cpp, line 1306]
Event: 3.804 Thread 0x00007f8df8925000 Exception <a 'java/security/PrivilegedActionException'{0x0000000601bcff40}> (0x0000000601bcff40) thrown at [./src/hotspot/share/prims/jvm.cpp, line 1306]
Event: 3.804 Thread 0x00007f8df8925000 Exception <a 'java/security/PrivilegedActionException'{0x0000000601bd0ac0}> (0x0000000601bd0ac0) thrown at [./src/hotspot/share/prims/jvm.cpp, line 1306]
Event: 3.805 Thread 0x00007f8df8925000 Exception <a 'org/lwjgl/LWJGLException'{0x0000000601bd1f40}: Could not load OpenAL library> (0x0000000601bd1f40) thrown at [./src/hotspot/share/prims/jni.cpp, line 638]
Event: 3.805 Thread 0x00007f8df8925000 Exception <a 'org/lwjgl/LWJGLException'{0x0000000601bd2510}: Could not load OpenAL library> (0x0000000601bd2510) thrown at [./src/hotspot/share/prims/jni.cpp, line 638]
Event: 3.805 Thread 0x00007f8df8925000 Exception <a 'org/lwjgl/LWJGLException'{0x0000000601bd29e8}: Could not load OpenAL library> (0x0000000601bd29e8) thrown at [./src/hotspot/share/prims/jni.cpp, line 638]
Event: 3.805 Thread 0x00007f8df8925000 Exception <a 'org/lwjgl/LWJGLException'{0x0000000601bd2e80}: Could not load OpenAL library> (0x0000000601bd2e80) thrown at [./src/hotspot/share/prims/jni.cpp, line 638]
Event: 3.805 Thread 0x00007f8df8925000 Exception <a 'org/lwjgl/LWJGLException'{0x0000000601bd3338}: Could not load OpenAL library> (0x0000000601bd3338) thrown at [./src/hotspot/share/prims/jni.cpp, line 638]
Event: 3.805 Thread 0x00007f8df8925000 Exception <a 'org/lwjgl/LWJGLException'{0x0000000601bd37e8}: Could not load OpenAL library> (0x0000000601bd37e8) thrown at [./src/hotspot/share/prims/jni.cpp, line 638]
Event: 3.805 Thread 0x00007f8df8925000 Exception <a 'org/lwjgl/LWJGLException'{0x0000000601bd3c50}: Could not load OpenAL library> (0x0000000601bd3c50) thrown at [./src/hotspot/share/prims/jni.cpp, line 638]
Event: 3.805 Thread 0x00007f8df8925000 Exception <a 'org/lwjgl/LWJGLException'{0x0000000601bd4098}: Could not load OpenAL library> (0x0000000601bd4098) thrown at [./src/hotspot/share/prims/jni.cpp, line 638]
Event: 3.805 Thread 0x00007f8df8925000 Exception <a 'org/lwjgl/LWJGLException'{0x0000000601bd4630}: Could not load OpenAL library> (0x0000000601bd4630) thrown at [./src/hotspot/share/prims/jni.cpp, line 638]
Event: 6.949 Thread 0x00007f8e298bf800 Exception <a 'java/lang/InterruptedException'{0x000000060c500840}: sleep interrupted> (0x000000060c500840) thrown at [./src/hotspot/share/prims/jvm.cpp, line 3128]

Events (20 events):
Event: 5.384 Loaded shared library /Users/finngarrels/Desktop/Orientierung & Methoden/Orientierung Projekt Schwarm/Flocking/liblwjgl.dylib
Event: 5.914 Protecting memory [0x0000000307862000,0x0000000307866000] with protection modes 3
Event: 5.914 Thread 0x00007f8e29a37800 Thread exited: 0x00007f8e29a37800
Event: 5.967 Executing VM operation: G1CollectForAllocation
Event: 5.976 Executing VM operation: G1CollectForAllocation done
Event: 6.331 Loaded shared library /Users/finngarrels/Desktop/Orientierung & Methoden/Orientierung Projekt Schwarm/Flocking/liblwjgl.dylib
Event: 6.436 Loaded shared library /Users/finngarrels/Desktop/Orientierung & Methoden/Orientierung Projekt Schwarm/Flocking/liblwjgl.dylib
Event: 6.486 Loaded shared library /Users/finngarrels/Desktop/Orientierung & Methoden/Orientierung Projekt Schwarm/Flocking/liblwjgl.dylib
Event: 6.489 Loaded shared library /Users/finngarrels/Desktop/Orientierung & Methoden/Orientierung Projekt Schwarm/Flocking/liblwjgl.dylib
Event: 6.498 Loaded shared library /Users/finngarrels/Desktop/Orientierung & Methoden/Orientierung Projekt Schwarm/Flocking/liblwjgl.dylib
Event: 6.499 Loaded shared library /Users/finngarrels/Desktop/Orientierung & Methoden/Orientierung Projekt Schwarm/Flocking/liblwjgl.dylib
Event: 6.505 Loaded shared library /Users/finngarrels/Desktop/Orientierung & Methoden/Orientierung Projekt Schwarm/Flocking/liblwjgl.dylib
Event: 6.918 Executing VM operation: RevokeBias
Event: 6.919 Executing VM operation: RevokeBias done
Event: 6.930 loading class com/jme3/input/event/KeyInputEvent
Event: 6.930 loading class com/jme3/input/event/KeyInputEvent done
Event: 6.941 loading class org/lwjgl/opengl/CallbackUtil
Event: 6.941 loading class org/lwjgl/opengl/CallbackUtil done
Event: 6.949 Protecting memory [0x00000003087b8000,0x00000003087bc000] with protection modes 3
Event: 6.949 Thread 0x00007f8e298bf800 Thread exited: 0x00007f8e298bf800


Dynamic libraries:
0x000000010933e000 	/Applications/jmonkeyplatform.app/Contents/Resources/jmonkeyplatform/jdk/lib/jli/libjli.dylib
0x00007ff81ba4c000 	/System/Library/Frameworks/Cocoa.framework/Versions/A/Cocoa
0x00007ff806543000 	/System/Library/Frameworks/AppKit.framework/Versions/C/AppKit
0x00007ff8091fe000 	/System/Library/Frameworks/CoreData.framework/Versions/A/CoreData
0x00007ff80422e000 	/System/Library/Frameworks/Foundation.framework/Versions/C/Foundation
0x00007ff80f5be000 	/usr/lib/libSystem.B.dylib
0x00007ff80754c000 	/System/Library/PrivateFrameworks/UIFoundation.framework/Versions/A/UIFoundation
0x00007ffb040ab000 	/System/Library/PrivateFrameworks/CollectionViewCore.framework/Versions/A/CollectionViewCore
0x00007ff815a0a000 	/System/Library/PrivateFrameworks/RemoteViewServices.framework/Versions/A/RemoteViewServices
0x00007ff80d665000 	/System/Library/PrivateFrameworks/XCTTargetBootstrap.framework/Versions/A/XCTTargetBootstrap
0x00007ff8114ed000 	/System/Library/PrivateFrameworks/InternationalSupport.framework/Versions/A/InternationalSupport
0x00007ff811576000 	/System/Library/PrivateFrameworks/UserActivity.framework/Versions/A/UserActivity
0x00007ffb1a37d000 	/System/Library/PrivateFrameworks/WindowManagement.framework/Versions/A/WindowManagement
0x00007ff803f18000 	/System/Library/Frameworks/SystemConfiguration.framework/Versions/A/SystemConfiguration
0x00007ff8108ea000 	/usr/lib/libspindump.dylib
0x00007ff80771a000 	/System/Library/Frameworks/UniformTypeIdentifiers.framework/Versions/A/UniformTypeIdentifiers
0x00007ff80bb45000 	/usr/lib/libapp_launch_measurement.dylib
0x00007ff80a7b9000 	/System/Library/PrivateFrameworks/CoreAnalytics.framework/Versions/A/CoreAnalytics
0x00007ff80bb48000 	/System/Library/PrivateFrameworks/CoreAutoLayout.framework/Versions/A/CoreAutoLayout
0x00007ff80ced9000 	/System/Library/Frameworks/Metal.framework/Versions/A/Metal
0x00007ff80de28000 	/usr/lib/liblangid.dylib
0x00007ff80d66a000 	/System/Library/PrivateFrameworks/CoreSVG.framework/Versions/A/CoreSVG
0x00007ff808054000 	/System/Library/PrivateFrameworks/SkyLight.framework/Versions/A/SkyLight
0x00007ff80843e000 	/System/Library/Frameworks/CoreGraphics.framework/Versions/A/CoreGraphics
0x00007ff8160dc000 	/System/Library/Frameworks/Accelerate.framework/Versions/A/Accelerate
0x00007ff81035f000 	/System/Library/PrivateFrameworks/IconServices.framework/Versions/A/IconServices
0x00007ff80cebc000 	/System/Library/Frameworks/IOSurface.framework/Versions/A/IOSurface
0x00007ff80a7e3000 	/usr/lib/libDiagnosticMessagesClient.dylib
0x00007ff80f4d4000 	/usr/lib/libz.1.dylib
0x00007ff81965e000 	/System/Library/Frameworks/ApplicationServices.framework/Versions/A/ApplicationServices
0x00007ff80d651000 	/System/Library/PrivateFrameworks/DFRFoundation.framework/Versions/A/DFRFoundation
0x00007ff805e0b000 	/usr/lib/libicucore.A.dylib
0x00007ff812390000 	/System/Library/Frameworks/AudioToolbox.framework/Versions/A/AudioToolbox
0x00007ff8114f8000 	/System/Library/PrivateFrameworks/DataDetectorsCore.framework/Versions/A/DataDetectorsCore
0x00007ff90ace3000 	/System/Library/PrivateFrameworks/TextInput.framework/Versions/A/TextInput
0x00007ff807fc9000 	/usr/lib/libMobileGestalt.dylib
0x00007ff80d359000 	/System/Library/Frameworks/Carbon.framework/Versions/A/Frameworks/HIToolbox.framework/Versions/A/HIToolbox
0x00007ff80b4e6000 	/System/Library/Frameworks/QuartzCore.framework/Versions/A/QuartzCore
0x00007ff805a89000 	/System/Library/Frameworks/Security.framework/Versions/A/Security
0x00007ff815a42000 	/System/Library/Frameworks/Carbon.framework/Versions/A/Frameworks/SpeechRecognition.framework/Versions/A/SpeechRecognition
0x00007ff80b885000 	/System/Library/PrivateFrameworks/CoreUI.framework/Versions/A/CoreUI
0x00007ff80536a000 	/System/Library/Frameworks/CoreAudio.framework/Versions/A/CoreAudio
0x00007ff80a8bd000 	/System/Library/Frameworks/DiskArbitration.framework/Versions/A/DiskArbitration
0x00007ff810d08000 	/System/Library/PrivateFrameworks/MultitouchSupport.framework/Versions/A/MultitouchSupport
0x00007ff807fc8000 	/usr/lib/libenergytrace.dylib
0x00007ff806425000 	/System/Library/Frameworks/IOKit.framework/Versions/A/IOKit
0x00007ff815e3b000 	/System/Library/Frameworks/CoreServices.framework/Versions/A/CoreServices
0x00007ff80badd000 	/System/Library/PrivateFrameworks/PerformanceAnalysis.framework/Versions/A/PerformanceAnalysis
0x00007ffa195d9000 	/System/Library/Frameworks/OpenGL.framework/Versions/A/OpenGL
0x00007ff80bb90000 	/usr/lib/libxml2.2.dylib
0x00007ff80ea34000 	/System/Library/PrivateFrameworks/MobileKeyBag.framework/Versions/A/MobileKeyBag
0x00007ff8030a8000 	/usr/lib/libobjc.A.dylib
0x00007ff80336e000 	/usr/lib/libc++.1.dylib
0x00007ff808c60000 	/System/Library/Frameworks/ColorSync.framework/Versions/A/ColorSync
0x00007ff803479000 	/System/Library/Frameworks/CoreFoundation.framework/Versions/A/CoreFoundation
0x00007ff80da05000 	/System/Library/Frameworks/CoreImage.framework/Versions/A/CoreImage
0x00007ff80517b000 	/System/Library/Frameworks/CoreText.framework/Versions/A/CoreText
0x00007ff80d6a2000 	/System/Library/Frameworks/ImageIO.framework/Versions/A/ImageIO
0x00007ff80f5c4000 	/System/Library/PrivateFrameworks/SoftLinking.framework/Versions/A/SoftLinking
0x00007ff80f844000 	/usr/lib/libcompression.dylib
0x00007ff81141f000 	/System/Library/PrivateFrameworks/TextureIO.framework/Versions/A/TextureIO
0x00007ff80ff8f000 	/usr/lib/libate.dylib
0x00007ff80f5b9000 	/usr/lib/system/libcache.dylib
0x00007ff80f574000 	/usr/lib/system/libcommonCrypto.dylib
0x00007ff80f59d000 	/usr/lib/system/libcompiler_rt.dylib
0x00007ff80f593000 	/usr/lib/system/libcopyfile.dylib
0x00007ff8031d7000 	/usr/lib/system/libcorecrypto.dylib
0x00007ff80329b000 	/usr/lib/system/libdispatch.dylib
0x00007ff803423000 	/usr/lib/system/libdyld.dylib
0x00007ff80f5af000 	/usr/lib/system/libkeymgr.dylib
0x00007ff80f553000 	/usr/lib/system/libmacho.dylib
0x00007ff80eb21000 	/usr/lib/system/libquarantine.dylib
0x00007ff80f5ad000 	/usr/lib/system/libremovefile.dylib
0x00007ff808022000 	/usr/lib/system/libsystem_asl.dylib
0x00007ff803179000 	/usr/lib/system/libsystem_blocks.dylib
0x00007ff8032e5000 	/usr/lib/system/libsystem_c.dylib
0x00007ff80f5a5000 	/usr/lib/system/libsystem_collections.dylib
0x00007ff80de19000 	/usr/lib/system/libsystem_configuration.dylib
0x00007ff80ce8d000 	/usr/lib/system/libsystem_containermanager.dylib
0x00007ff80f20c000 	/usr/lib/system/libsystem_coreservices.dylib
0x00007ff80609f000 	/usr/lib/system/libsystem_darwin.dylib
0x00007ff80f5b0000 	/usr/lib/system/libsystem_dnssd.dylib
0x00007ff8032e2000 	/usr/lib/system/libsystem_featureflags.dylib
0x00007ff80344e000 	/usr/lib/system/libsystem_info.dylib
0x00007ff80f4e7000 	/usr/lib/system/libsystem_m.dylib
0x00007ff80326e000 	/usr/lib/system/libsystem_malloc.dylib
0x00007ff807fb1000 	/usr/lib/system/libsystem_networkextension.dylib
0x00007ff8064e4000 	/usr/lib/system/libsystem_notify.dylib
0x00007ff80de1d000 	/usr/lib/system/libsystem_sandbox.dylib
0x00007ff80f5aa000 	/usr/lib/system/libsystem_secinit.dylib
0x00007ff8033dd000 	/usr/lib/system/libsystem_kernel.dylib
0x00007ff803444000 	/usr/lib/system/libsystem_platform.dylib
0x00007ff803417000 	/usr/lib/system/libsystem_pthread.dylib
0x00007ff809a72000 	/usr/lib/system/libsystem_symptoms.dylib
0x00007ff8031bd000 	/usr/lib/system/libsystem_trace.dylib
0x00007ff80f580000 	/usr/lib/system/libunwind.dylib
0x00007ff80317d000 	/usr/lib/system/libxpc.dylib
0x00007ff8033c7000 	/usr/lib/libc++abi.dylib
0x00007ff80f58b000 	/usr/lib/liboah.dylib
0x00007ff80fd1f000 	/usr/lib/liblzma.5.dylib
0x00007ff80f5c0000 	/usr/lib/libfakelink.dylib
0x00007ff807c0b000 	/System/Library/Frameworks/CFNetwork.framework/Versions/A/CFNetwork
0x00007ff80f6fd000 	/usr/lib/libarchive.2.dylib
0x00007ff813ce3000 	/System/Library/Frameworks/Combine.framework/Versions/A/Combine
0x00007ff811e08000 	/usr/lib/swift/libswiftCore.dylib
0x00007ff907d28000 	/usr/lib/swift/libswiftCoreFoundation.dylib
0x00007ff905ce1000 	/usr/lib/swift/libswiftDarwin.dylib
0x00007ff81765d000 	/usr/lib/swift/libswiftDispatch.dylib
0x00007ff907d44000 	/usr/lib/swift/libswiftIOKit.dylib
0x00007ff819a97000 	/usr/lib/swift/libswiftObjectiveC.dylib
0x00007ff907d39000 	/usr/lib/swift/libswiftXPC.dylib
0x00007ffb20c57000 	/usr/lib/swift/libswift_Concurrency.dylib
0x00007ffb20d96000 	/usr/lib/swift/libswift_StringProcessing.dylib
0x00007ff819a9b000 	/usr/lib/swift/libswiftos.dylib
0x00007ff8063a6000 	/System/Library/PrivateFrameworks/CoreServicesInternal.framework/Versions/A/CoreServicesInternal
0x00007ff80eb48000 	/usr/lib/libbsm.0.dylib
0x00007ff80f558000 	/usr/lib/system/libkxld.dylib
0x00007ff80bb11000 	/System/Library/Frameworks/CoreServices.framework/Versions/A/Frameworks/FSEvents.framework/Versions/A/FSEvents
0x00007ff8060aa000 	/System/Library/Frameworks/CoreServices.framework/Versions/A/Frameworks/CarbonCore.framework/Versions/A/CarbonCore
0x00007ff80a826000 	/System/Library/Frameworks/CoreServices.framework/Versions/A/Frameworks/Metadata.framework/Versions/A/Metadata
0x00007ff80f212000 	/System/Library/Frameworks/CoreServices.framework/Versions/A/Frameworks/OSServices.framework/Versions/A/OSServices
0x00007ff80f785000 	/System/Library/Frameworks/CoreServices.framework/Versions/A/Frameworks/SearchKit.framework/Versions/A/SearchKit
0x00007ff8099f9000 	/System/Library/Frameworks/CoreServices.framework/Versions/A/Frameworks/AE.framework/Versions/A/AE
0x00007ff803911000 	/System/Library/Frameworks/CoreServices.framework/Versions/A/Frameworks/LaunchServices.framework/Versions/A/LaunchServices
0x00007ff80fcd0000 	/System/Library/Frameworks/CoreServices.framework/Versions/A/Frameworks/DictionaryServices.framework/Versions/A/DictionaryServices
0x00007ff80bb1e000 	/System/Library/Frameworks/CoreServices.framework/Versions/A/Frameworks/SharedFileList.framework/Versions/A/SharedFileList
0x00007ff80f811000 	/usr/lib/libapple_nghttp2.dylib
0x00007ff807c07000 	/usr/lib/libnetwork.dylib
0x00007ff809677000 	/usr/lib/libsqlite3.dylib
0x00007ff809a7a000 	/System/Library/Frameworks/Network.framework/Versions/A/Network
0x00007ffb1fc41000 	/usr/lib/libCoreEntitlements.dylib
0x00007ffb0d57c000 	/System/Library/PrivateFrameworks/MessageSecurity.framework/Versions/A/MessageSecurity
0x00007ff80965e000 	/System/Library/PrivateFrameworks/ProtocolBuffer.framework/Versions/A/ProtocolBuffer
0x00007ff80f1eb000 	/System/Library/PrivateFrameworks/AppleFSCompression.framework/Versions/A/AppleFSCompression
0x00007ff80eb30000 	/usr/lib/libcoretls.dylib
0x00007ff80fd39000 	/usr/lib/libcoretls_cfhelpers.dylib
0x00007ff80f83e000 	/usr/lib/libpam.2.dylib
0x00007ff80fda7000 	/usr/lib/libxar.1.dylib
0x00007ff81033b000 	/usr/lib/libheimdal-asn1.dylib
0x00007ff80f5c5000 	/usr/lib/libpcap.A.dylib
0x00007ff809a69000 	/usr/lib/libdns_services.dylib
0x00007ff80de24000 	/System/Library/PrivateFrameworks/AppleSystemInfo.framework/Versions/A/AppleSystemInfo
0x00007ff80e83d000 	/System/Library/PrivateFrameworks/IOMobileFramebuffer.framework/Versions/A/IOMobileFramebuffer
0x00007ff80f1fc000 	/usr/lib/libbz2.1.0.dylib
0x00007ff80eb24000 	/usr/lib/libCheckFix.dylib
0x00007ff808039000 	/System/Library/PrivateFrameworks/TCC.framework/Versions/A/TCC
0x00007ff80de2a000 	/System/Library/PrivateFrameworks/CoreNLP.framework/Versions/A/CoreNLP
0x00007ff80a7e5000 	/System/Library/PrivateFrameworks/MetadataUtilities.framework/Versions/A/MetadataUtilities
0x00007ff80eb58000 	/usr/lib/libmecab.dylib
0x00007ff803f97000 	/usr/lib/libCRFSuite.dylib
0x00007ff80ebb2000 	/usr/lib/libgermantok.dylib
0x00007ff80f7ec000 	/usr/lib/libThaiTokenizer.dylib
0x00007ff80a8c5000 	/System/Library/Frameworks/Accelerate.framework/Versions/A/Frameworks/vImage.framework/Versions/A/vImage
0x00007ff815e0e000 	/System/Library/Frameworks/Accelerate.framework/Versions/A/Frameworks/vecLib.framework/Versions/A/vecLib
0x00007ff80fde9000 	/System/Library/Frameworks/Accelerate.framework/Versions/A/Frameworks/vecLib.framework/Versions/A/libvMisc.dylib
0x00007ff80e638000 	/System/Library/Frameworks/Accelerate.framework/Versions/A/Frameworks/vecLib.framework/Versions/A/libvDSP.dylib
0x00007ff803ccd000 	/System/Library/Frameworks/Accelerate.framework/Versions/A/Frameworks/vecLib.framework/Versions/A/libBLAS.dylib
0x00007ff80f923000 	/System/Library/Frameworks/Accelerate.framework/Versions/A/Frameworks/vecLib.framework/Versions/A/libLAPACK.dylib
0x00007ff80ebb5000 	/System/Library/Frameworks/Accelerate.framework/Versions/A/Frameworks/vecLib.framework/Versions/A/libLinearAlgebra.dylib
0x00007ff80f829000 	/System/Library/Frameworks/Accelerate.framework/Versions/A/Frameworks/vecLib.framework/Versions/A/libSparseBLAS.dylib
0x00007ff80f91d000 	/System/Library/Frameworks/Accelerate.framework/Versions/A/Frameworks/vecLib.framework/Versions/A/libQuadrature.dylib
0x00007ff80df16000 	/System/Library/Frameworks/Accelerate.framework/Versions/A/Frameworks/vecLib.framework/Versions/A/libBNNS.dylib
0x00007ff803ea1000 	/System/Library/Frameworks/Accelerate.framework/Versions/A/Frameworks/vecLib.framework/Versions/A/libSparse.dylib
0x00007ffb0c87b000 	/System/Library/PrivateFrameworks/MIL.framework/Versions/A/MIL
0x00007ff80f5fa000 	/usr/lib/libiconv.2.dylib
0x00007ff80f552000 	/usr/lib/libcharset.1.dylib
0x00007ff80baf5000 	/System/Library/Frameworks/OpenDirectory.framework/Versions/A/Frameworks/CFOpenDirectory.framework/Versions/A/CFOpenDirectory
0x00007ff80bae9000 	/System/Library/Frameworks/OpenDirectory.framework/Versions/A/OpenDirectory
0x00007ff80fd3b000 	/System/Library/PrivateFrameworks/APFS.framework/Versions/A/APFS
0x00007ff80ea67000 	/System/Library/Frameworks/SecurityFoundation.framework/Versions/A/SecurityFoundation
0x00007ff80fdb5000 	/usr/lib/libutil.dylib
0x00007ffb0ba0c000 	/System/Library/PrivateFrameworks/InstalledContentLibrary.framework/Versions/A/InstalledContentLibrary
0x00007ff8063e9000 	/System/Library/PrivateFrameworks/CoreServicesStore.framework/Versions/A/CoreServicesStore
0x00007ffa22be3000 	/System/Library/PrivateFrameworks/AppleMobileFileIntegrity.framework/Versions/A/AppleMobileFileIntegrity
0x00007ff907d08000 	/usr/lib/libmis.dylib
0x00007ff91633a000 	/System/Library/PrivateFrameworks/MobileSystemServices.framework/Versions/A/MobileSystemServices
0x00007ffa104d4000 	/System/Library/PrivateFrameworks/ConfigProfileHelper.framework/Versions/A/ConfigProfileHelper
0x00007ff80f7ee000 	/System/Library/PrivateFrameworks/AppleSauce.framework/Versions/A/AppleSauce
0x00007ff804c40000 	/System/Library/PrivateFrameworks/LanguageModeling.framework/Versions/A/LanguageModeling
0x00007ff80fdb9000 	/usr/lib/libxslt.1.dylib
0x00007ff80f6ec000 	/usr/lib/libcmph.dylib
0x00007ff80e82b000 	/System/Library/PrivateFrameworks/CoreEmoji.framework/Versions/A/CoreEmoji
0x00007ff80df10000 	/System/Library/PrivateFrameworks/LinguisticData.framework/Versions/A/LinguisticData
0x00007ff803e57000 	/System/Library/PrivateFrameworks/Lexicon.framework/Versions/A/Lexicon
0x00007ff80eaf5000 	/System/Library/PrivateFrameworks/BackgroundTaskManagement.framework/Versions/A/BackgroundTaskManagement
0x00007ffb1fd7b000 	/usr/lib/libTLE.dylib
0x00007ffb20cdb000 	/usr/lib/swift/libswift_RegexParser.dylib
0x00007ff810bd2000 	/System/Library/PrivateFrameworks/AppleJPEG.framework/Versions/A/AppleJPEG
0x00007ff810320000 	/usr/lib/libexpat.1.dylib
0x00007ff81127c000 	/System/Library/Frameworks/ImageIO.framework/Versions/A/Resources/libPng.dylib
0x00007ff8112a9000 	/System/Library/Frameworks/ImageIO.framework/Versions/A/Resources/libTIFF.dylib
0x00007ff811399000 	/System/Library/Frameworks/ImageIO.framework/Versions/A/Resources/libGIF.dylib
0x00007ff810c1d000 	/System/Library/Frameworks/ImageIO.framework/Versions/A/Resources/libJP2.dylib
0x00007ff811339000 	/System/Library/Frameworks/ImageIO.framework/Versions/A/Resources/libJPEG.dylib
0x00007ff811330000 	/System/Library/Frameworks/ImageIO.framework/Versions/A/Resources/libRadiance.dylib
0x00007ff80d1ef000 	/System/Library/PrivateFrameworks/FontServices.framework/libFontParser.dylib
0x00007ff80999e000 	/System/Library/PrivateFrameworks/RunningBoardServices.framework/Versions/A/RunningBoardServices
0x00007ff81c089000 	/System/Library/PrivateFrameworks/IOSurfaceAccelerator.framework/Versions/A/IOSurfaceAccelerator
0x00007ff810d04000 	/System/Library/PrivateFrameworks/WatchdogClient.framework/Versions/A/WatchdogClient
0x00007ff804da2000 	/System/Library/Frameworks/CoreDisplay.framework/Versions/A/CoreDisplay
0x00007ff80d0de000 	/System/Library/Frameworks/CoreMedia.framework/Versions/A/CoreMedia
0x00007ff80ced0000 	/System/Library/PrivateFrameworks/IOAccelerator.framework/Versions/A/IOAccelerator
0x00007ff80bc6f000 	/System/Library/Frameworks/CoreVideo.framework/Versions/A/CoreVideo
0x00007ff80f83c000 	/System/Library/Frameworks/MetalPerformanceShaders.framework/Versions/A/MetalPerformanceShaders
0x00007ff810d41000 	/System/Library/Frameworks/VideoToolbox.framework/Versions/A/VideoToolbox
0x00007ff8098e2000 	/System/Library/PrivateFrameworks/BaseBoard.framework/Versions/A/BaseBoard
0x00007ff811329000 	/System/Library/PrivateFrameworks/GPUWrangler.framework/Versions/A/GPUWrangler
0x00007ff81130d000 	/System/Library/PrivateFrameworks/IOPresentment.framework/Versions/A/IOPresentment
0x00007ff811333000 	/System/Library/PrivateFrameworks/DSExternalDisplay.framework/Versions/A/DSExternalDisplay
0x00007ffb0807b000 	/System/Library/PrivateFrameworks/GPUCompiler.framework/Versions/31001/Libraries/libllvm-flatbuffers.dylib
0x00007ffa195cd000 	/System/Library/Frameworks/OpenGL.framework/Versions/A/Libraries/libCoreFSCache.dylib
0x00007ffb08077000 	/System/Library/PrivateFrameworks/GPUCompiler.framework/Versions/31001/Libraries/libGPUCompilerUtils.dylib
0x00007ff81139f000 	/System/Library/PrivateFrameworks/CMCaptureCore.framework/Versions/A/CMCaptureCore
0x00007ffa1d0b5000 	/System/Library/Frameworks/ExtensionFoundation.framework/Versions/A/ExtensionFoundation
0x00007ff817dda000 	/System/Library/PrivateFrameworks/CoreTime.framework/Versions/A/CoreTime
0x00007ff8108d4000 	/System/Library/PrivateFrameworks/AppServerSupport.framework/Versions/A/AppServerSupport
0x00007ff812c5b000 	/System/Library/PrivateFrameworks/perfdata.framework/Versions/A/perfdata
0x00007ff804ece000 	/System/Library/PrivateFrameworks/AudioToolboxCore.framework/Versions/A/AudioToolboxCore
0x00007ff80d0b8000 	/System/Library/PrivateFrameworks/caulk.framework/Versions/A/caulk
0x00007ff812528000 	/usr/lib/libAudioStatistics.dylib
0x00007ff90718b000 	/System/Library/PrivateFrameworks/SystemPolicy.framework/Versions/A/SystemPolicy
0x00007ff8127c6000 	/usr/lib/libSMC.dylib
0x00007ff81b8f1000 	/System/Library/Frameworks/CoreMIDI.framework/Versions/A/CoreMIDI
0x00007ff81124a000 	/usr/lib/libAudioToolboxUtility.dylib
0x00007ff820e24000 	/System/Library/PrivateFrameworks/OSAServicesClient.framework/Versions/A/OSAServicesClient
0x00007ff812c68000 	/usr/lib/libperfcheck.dylib
0x00007ff810204000 	/System/Library/PrivateFrameworks/PlugInKit.framework/Versions/A/PlugInKit
0x00007ff80ea5a000 	/System/Library/PrivateFrameworks/AssertionServices.framework/Versions/A/AssertionServices
0x00007ffa19628000 	/System/Library/Frameworks/OpenGL.framework/Versions/A/Libraries/libGLU.dylib
0x00007ffa195ec000 	/System/Library/Frameworks/OpenGL.framework/Versions/A/Libraries/libGFXShared.dylib
0x00007ffa197f5000 	/System/Library/Frameworks/OpenGL.framework/Versions/A/Libraries/libGL.dylib
0x00007ffa195f5000 	/System/Library/Frameworks/OpenGL.framework/Versions/A/Libraries/libGLImage.dylib
0x00007ffa195e9000 	/System/Library/Frameworks/OpenGL.framework/Versions/A/Libraries/libCVMSPluginSupport.dylib
0x00007ffb1fd5a000 	/usr/lib/libRosetta.dylib
0x00007ffa195d4000 	/System/Library/Frameworks/OpenGL.framework/Versions/A/Libraries/libCoreVMClient.dylib
0x00007ff80dd9d000 	/System/Library/Frameworks/MetalPerformanceShaders.framework/Versions/A/Frameworks/MPSCore.framework/Versions/A/MPSCore
0x00007ff80f155000 	/System/Library/Frameworks/MetalPerformanceShaders.framework/Versions/A/Frameworks/MPSImage.framework/Versions/A/MPSImage
0x00007ff80ebcb000 	/System/Library/Frameworks/MetalPerformanceShaders.framework/Versions/A/Frameworks/MPSNeuralNetwork.framework/Versions/A/MPSNeuralNetwork
0x00007ff80f03e000 	/System/Library/Frameworks/MetalPerformanceShaders.framework/Versions/A/Frameworks/MPSMatrix.framework/Versions/A/MPSMatrix
0x00007ff80edf9000 	/System/Library/Frameworks/MetalPerformanceShaders.framework/Versions/A/Frameworks/MPSRayIntersector.framework/Versions/A/MPSRayIntersector
0x00007ff80f079000 	/System/Library/Frameworks/MetalPerformanceShaders.framework/Versions/A/Frameworks/MPSNDArray.framework/Versions/A/MPSNDArray
0x00007ffa1e425000 	/System/Library/Frameworks/MetalPerformanceShaders.framework/Versions/A/Frameworks/MPSFunctions.framework/Versions/A/MPSFunctions
0x00007ff803b8e000 	/System/Library/PrivateFrameworks/MetalTools.framework/Versions/A/MetalTools
0x00007ff80de23000 	/System/Library/PrivateFrameworks/AggregateDictionary.framework/Versions/A/AggregateDictionary
0x00007ff8100bf000 	/usr/lib/libIOReport.dylib
0x00007ffa1a2bc000 	/System/Library/Frameworks/OpenCL.framework/Versions/A/OpenCL
0x00007ff810466000 	/System/Library/PrivateFrameworks/GraphVisualizer.framework/Versions/A/GraphVisualizer
0x00007ffb07f8c000 	/System/Library/PrivateFrameworks/FontServices.framework/Versions/A/FontServices
0x00007ff81088f000 	/System/Library/PrivateFrameworks/OTSVG.framework/Versions/A/OTSVG
0x00007ff80b839000 	/System/Library/Frameworks/ApplicationServices.framework/Versions/A/Frameworks/ATS.framework/Versions/A/Resources/libFontRegistry.dylib
0x00007ff8108de000 	/System/Library/PrivateFrameworks/FontServices.framework/libhvf.dylib
0x00007ffb07f8d000 	/System/Library/PrivateFrameworks/FontServices.framework/libXTFontStaticRegistryData.dylib
0x00007ffb19226000 	/System/Library/PrivateFrameworks/VideoToolboxParavirtualizationSupport.framework/Versions/A/VideoToolboxParavirtualizationSupport
0x00007ff8102d0000 	/System/Library/PrivateFrameworks/AppleVA.framework/Versions/A/AppleVA
0x00007ff812568000 	/System/Library/Frameworks/ApplicationServices.framework/Versions/A/Frameworks/ATS.framework/Versions/A/ATS
0x00007ff808d50000 	/System/Library/Frameworks/ApplicationServices.framework/Versions/A/Frameworks/HIServices.framework/Versions/A/HIServices
0x00007ff8113ab000 	/System/Library/Frameworks/ApplicationServices.framework/Versions/A/Frameworks/PrintCore.framework/Versions/A/PrintCore
0x00007ff81291b000 	/System/Library/Frameworks/ApplicationServices.framework/Versions/A/Frameworks/QD.framework/Versions/A/QD
0x00007ff812913000 	/System/Library/Frameworks/ApplicationServices.framework/Versions/A/Frameworks/ColorSyncLegacy.framework/Versions/A/ColorSyncLegacy
0x00007ff81253c000 	/System/Library/Frameworks/ApplicationServices.framework/Versions/A/Frameworks/SpeechSynthesis.framework/Versions/A/SpeechSynthesis
0x00007ff811369000 	/System/Library/Frameworks/ApplicationServices.framework/Versions/A/Frameworks/ATSUI.framework/Versions/A/ATSUI
0x00007ff8128a6000 	/usr/lib/libcups.2.dylib
0x00007ff812c77000 	/System/Library/Frameworks/Kerberos.framework/Versions/A/Kerberos
0x00007ff812c86000 	/System/Library/Frameworks/GSS.framework/Versions/A/GSS
0x00007ff8125d6000 	/usr/lib/libresolv.9.dylib
0x00007ff8108ef000 	/System/Library/PrivateFrameworks/Heimdal.framework/Versions/A/Heimdal
0x00007ff819a1a000 	/System/Library/Frameworks/Kerberos.framework/Versions/A/Libraries/libHeimdalProxy.dylib
0x00007ff812cd1000 	/System/Library/PrivateFrameworks/CommonAuth.framework/Versions/A/CommonAuth
0x00007ffa1c38b000 	/System/Library/Frameworks/AVFAudio.framework/Versions/A/AVFAudio
0x00007ff820e6d000 	/System/Library/PrivateFrameworks/AXCoreUtilities.framework/Versions/A/AXCoreUtilities
0x00007ff8124b8000 	/System/Library/PrivateFrameworks/AudioSession.framework/Versions/A/AudioSession
0x00007ff813aba000 	/System/Library/Frameworks/IOBluetooth.framework/Versions/A/IOBluetooth
0x00007ff8103d6000 	/System/Library/PrivateFrameworks/MediaExperience.framework/Versions/A/MediaExperience
0x00007ff81235f000 	/System/Library/PrivateFrameworks/AudioSession.framework/libSessionUtility.dylib
0x00007ff812927000 	/System/Library/PrivateFrameworks/AudioResourceArbitration.framework/Versions/A/AudioResourceArbitration
0x00007ff816a13000 	/System/Library/PrivateFrameworks/PowerLog.framework/Versions/A/PowerLog
0x00007ff816955000 	/System/Library/Frameworks/CoreBluetooth.framework/Versions/A/CoreBluetooth
0x00007ff819a1b000 	/System/Library/Frameworks/AudioUnit.framework/Versions/A/AudioUnit
0x00007ff80e8c4000 	/System/Library/PrivateFrameworks/CoreUtils.framework/Versions/A/CoreUtils
0x00007ffb06b3d000 	/System/Library/PrivateFrameworks/CoreUtilsExtras.framework/Versions/A/CoreUtilsExtras
0x00007ffb0b89f000 	/System/Library/PrivateFrameworks/IO80211.framework/Versions/A/IO80211
0x00007ff810344000 	/System/Library/PrivateFrameworks/IconFoundation.framework/Versions/A/IconFoundation
0x00007ff815a32000 	/System/Library/PrivateFrameworks/SpeechRecognitionCore.framework/Versions/A/SpeechRecognitionCore
0x000000010a13d000 	/Applications/jmonkeyplatform.app/Contents/Resources/jmonkeyplatform/jdk/lib/server/libjvm.dylib
0x00000001093e2000 	/Applications/jmonkeyplatform.app/Contents/Resources/jmonkeyplatform/jdk/lib/libverify.dylib
0x0000000109407000 	/Applications/jmonkeyplatform.app/Contents/Resources/jmonkeyplatform/jdk/lib/libjava.dylib
0x0000000109300000 	/Applications/jmonkeyplatform.app/Contents/Resources/jmonkeyplatform/jdk/lib/libjimage.dylib
0x00000001094bb000 	/Applications/jmonkeyplatform.app/Contents/Resources/jmonkeyplatform/jdk/lib/libzip.dylib
0x000000013a85f000 	/Applications/jmonkeyplatform.app/Contents/Resources/jmonkeyplatform/jdk/lib/libnio.dylib
0x000000013a8a5000 	/Applications/jmonkeyplatform.app/Contents/Resources/jmonkeyplatform/jdk/lib/libnet.dylib
0x000000013a9c1000 	/Applications/jmonkeyplatform.app/Contents/Resources/jmonkeyplatform/jdk/lib/libawt.dylib
0x000000013ab02000 	/Applications/jmonkeyplatform.app/Contents/Resources/jmonkeyplatform/jdk/lib/libmlib_image.dylib
0x00007ffa1d66d000 	/System/Library/Frameworks/JavaRuntimeSupport.framework/Versions/A/JavaRuntimeSupport
0x00007ff906b9b000 	/System/Library/Frameworks/Carbon.framework/Versions/A/Carbon
0x00007ff817d09000 	/System/Library/PrivateFrameworks/CoreSymbolication.framework/Versions/A/CoreSymbolication
0x00007ff81d5b0000 	/System/Library/Frameworks/Carbon.framework/Versions/A/Frameworks/CommonPanels.framework/Versions/A/CommonPanels
0x00007ff81938c000 	/System/Library/Frameworks/Carbon.framework/Versions/A/Frameworks/Help.framework/Versions/A/Help
0x00007ff81d5b4000 	/System/Library/Frameworks/Carbon.framework/Versions/A/Frameworks/ImageCapture.framework/Versions/A/ImageCapture
0x00007ff81d584000 	/System/Library/Frameworks/Carbon.framework/Versions/A/Frameworks/OpenScripting.framework/Versions/A/OpenScripting
0x00007ff81d5ac000 	/System/Library/Frameworks/Carbon.framework/Versions/A/Frameworks/Ink.framework/Versions/A/Ink
0x00007ff906b97000 	/System/Library/Frameworks/Carbon.framework/Versions/A/Frameworks/Print.framework/Versions/A/Print
0x00007ff81d5a8000 	/System/Library/Frameworks/Carbon.framework/Versions/A/Frameworks/SecurityHI.framework/Versions/A/SecurityHI
0x00007ff817cce000 	/System/Library/PrivateFrameworks/DebugSymbols.framework/Versions/A/DebugSymbols
0x000000013acbe000 	/Applications/jmonkeyplatform.app/Contents/Resources/jmonkeyplatform/jdk/lib/libawt_lwawt.dylib
0x000000013a96c000 	/Applications/jmonkeyplatform.app/Contents/Resources/jmonkeyplatform/jdk/lib/libosxapp.dylib
0x00007ff905d4f000 	/System/Library/Frameworks/ExceptionHandling.framework/Versions/A/ExceptionHandling
0x000000013b03f000 	/Applications/jmonkeyplatform.app/Contents/Resources/jmonkeyplatform/jdk/lib/libfontmanager.dylib
0x000000013aecd000 	/Applications/jmonkeyplatform.app/Contents/Resources/jmonkeyplatform/jdk/lib/libfreetype.dylib
0x00007ff817005000 	/System/Library/Frameworks/FileProvider.framework/Versions/A/FileProvider
0x00007ff80984d000 	/System/Library/Frameworks/Accounts.framework/Versions/A/Accounts
0x00007ff80bcfe000 	/System/Library/PrivateFrameworks/UserManagement.framework/Versions/A/UserManagement
0x00007ff817191000 	/System/Library/PrivateFrameworks/GenerationalStorage.framework/Versions/A/GenerationalStorage
0x00007ff816a08000 	/System/Library/PrivateFrameworks/SymptomDiagnosticReporter.framework/Versions/A/SymptomDiagnosticReporter
0x00007ff807730000 	/System/Library/PrivateFrameworks/DesktopServicesPriv.framework/Versions/A/DesktopServicesPriv
0x00007ff8064f3000 	/usr/lib/libsandbox.1.dylib
0x00007ff812908000 	/System/Library/PrivateFrameworks/NetAuth.framework/Versions/A/NetAuth
0x00007ff81393a000 	/System/Library/PrivateFrameworks/Sharing.framework/Versions/A/Sharing
0x00007ff80bcc4000 	/System/Library/PrivateFrameworks/login.framework/Versions/A/Frameworks/loginsupport.framework/Versions/A/loginsupport
0x00007ff818f07000 	/System/Library/PrivateFrameworks/Apple80211.framework/Versions/A/Apple80211
0x00007ff80f23f000 	/System/Library/PrivateFrameworks/AuthKit.framework/Versions/A/AuthKit
0x00007ff80e84a000 	/System/Library/Frameworks/CoreWLAN.framework/Versions/A/CoreWLAN
0x00007ff818f0b000 	/System/Library/PrivateFrameworks/CoreWiFi.framework/Versions/A/CoreWiFi
0x00007ffa0a4a8000 	/System/Library/PrivateFrameworks/WiFiPeerToPeer.framework/Versions/A/WiFiPeerToPeer
0x00007ff817878000 	/System/Library/PrivateFrameworks/FrontBoardServices.framework/Versions/A/FrontBoardServices
0x00007ff817910000 	/System/Library/PrivateFrameworks/BoardServices.framework/Versions/A/BoardServices
0x00007ff81909e000 	/System/Library/PrivateFrameworks/BackBoardServices.framework/Versions/A/BackBoardServices
0x00007ff80f3b6000 	/System/Library/Frameworks/UserNotifications.framework/Versions/A/UserNotifications
0x00007ff812dc6000 	/System/Library/PrivateFrameworks/CorePhoneNumbers.framework/Versions/A/CorePhoneNumbers
0x00007ff812603000 	/System/Library/PrivateFrameworks/MultiverseSupport.framework/Versions/A/MultiverseSupport
0x00007ff819319000 	/System/Library/PrivateFrameworks/RemoteServiceDiscovery.framework/Versions/A/RemoteServiceDiscovery
0x00007ff816b26000 	/System/Library/PrivateFrameworks/DiskManagement.framework/Versions/A/DiskManagement
0x00007ff816a3a000 	/System/Library/PrivateFrameworks/AppleIDAuthSupport.framework/Versions/A/AppleIDAuthSupport
0x00007ffa21011000 	/System/Library/PrivateFrameworks/AAAFoundation.framework/Versions/A/AAAFoundation
0x00007ff812d9f000 	/System/Library/PrivateFrameworks/KeychainCircle.framework/Versions/A/KeychainCircle
0x00007ff819329000 	/System/Library/PrivateFrameworks/RemoteXPC.framework/Versions/A/RemoteXPC
0x00007ff816af2000 	/System/Library/PrivateFrameworks/MediaKit.framework/Versions/A/MediaKit
0x00007ff816a46000 	/System/Library/Frameworks/DiscRecording.framework/Versions/A/DiscRecording
0x00007ff810248000 	/usr/lib/libCoreStorage.dylib
0x00007ff819394000 	/usr/lib/libcsfde.dylib
0x00007ff813b8b000 	/System/Library/PrivateFrameworks/ProtectedCloudStorage.framework/Versions/A/ProtectedCloudStorage
0x00007ff819390000 	/System/Library/PrivateFrameworks/EFILogin.framework/Versions/A/EFILogin
0x00007ff8171b7000 	/System/Library/PrivateFrameworks/OctagonTrust.framework/Versions/A/OctagonTrust
0x00007ff810240000 	/usr/lib/libMatch.1.dylib
0x00007ff90fa07000 	/System/Library/CoreServices/RawCamera.bundle/Contents/MacOS/RawCamera
0x00007ff812ce1000 	/System/Library/PrivateFrameworks/MobileAsset.framework/Versions/A/MobileAsset
0x00007ff90d32b000 	/System/Library/PrivateFrameworks/SoftwareUpdateCoreSupport.framework/Versions/A/SoftwareUpdateCoreSupport
0x00007ff9136d9000 	/System/Library/PrivateFrameworks/SoftwareUpdateCoreConnect.framework/Versions/A/SoftwareUpdateCoreConnect
0x00007ff819a3f000 	/System/Library/PrivateFrameworks/StreamingZip.framework/Versions/A/StreamingZip
0x00007ff90cfaa000 	/System/Library/PrivateFrameworks/MSUDataAccessor.framework/Versions/A/MSUDataAccessor
0x00007ff90955f000 	/usr/lib/libbootpolicy.dylib
0x00007ff91a012000 	/usr/lib/libpartition2_dynamic.dylib
0x00007ffb0371d000 	/System/Library/PrivateFrameworks/CMPhoto.framework/Versions/A/CMPhoto
0x00007ff817ba1000 	/System/Library/PrivateFrameworks/AppleVPA.framework/Versions/A/AppleVPA
0x00007ff8115e2000 	/System/Library/Frameworks/MediaToolbox.framework/Versions/A/MediaToolbox
0x00007ff816fd5000 	/System/Library/PrivateFrameworks/CoreAVCHD.framework/Versions/A/CoreAVCHD
0x00007ff816124000 	/System/Library/Frameworks/MediaAccessibility.framework/Versions/A/MediaAccessibility
0x00007ff816fd1000 	/System/Library/PrivateFrameworks/Mangrove.framework/Versions/A/Mangrove
0x00007ff816c16000 	/System/Library/PrivateFrameworks/CoreAUC.framework/Versions/A/CoreAUC
0x00007ff90c98a000 	/System/Library/Frameworks/Accelerate.framework/Versions/A/Frameworks/vImage.framework/Versions/A/Libraries/libCGInterfaces.dylib
0x000000010a0ba000 	/usr/lib/libobjc-trampolines.dylib
0x00007ffb1fb12000 	/usr/lib/libAccessibilityBaseImplementations.dylib
0x00007ff80b9dd000 	/System/Library/PrivateFrameworks/ViewBridge.framework/Versions/A/ViewBridge
0x00007ffa19800000 	/System/Library/Frameworks/OpenGL.framework/Versions/A/Resources/GLEngine.bundle/GLEngine
0x00007ffa19666000 	/System/Library/Frameworks/OpenGL.framework/Versions/A/Libraries/libGLProgrammability.dylib
0x000000013fe9a000 	/System/Library/Extensions/AppleMetalOpenGLRenderer.bundle/Contents/MacOS/AppleMetalOpenGLRenderer
0x00007ffa1998a000 	/System/Library/Frameworks/OpenGL.framework/Versions/A/Resources/GLRendererFloat.bundle/GLRendererFloat
0x00007ffa137a9000 	/System/Library/Extensions/AGXMetalG13X.bundle/Contents/MacOS/AGXMetalG13X
0x00007ff907d1b000 	/System/Library/PrivateFrameworks/GPURawCounter.framework/Versions/A/GPURawCounter
0x00007ff81ff04000 	/System/Library/PrivateFrameworks/IOGPU.framework/Versions/A/IOGPU
0x00007ff8109a7000 	/System/Library/PrivateFrameworks/login.framework/Versions/A/login
0x0000000140370000 	/Applications/jmonkeyplatform.app/Contents/Resources/jmonkeyplatform/jdk/lib/libosxui.dylib
0x00000001403f5000 	/Applications/jmonkeyplatform.app/Contents/Resources/jmonkeyplatform/jdk/lib/libprefs.dylib
0x00007ffa21895000 	/System/Library/PrivateFrameworks/AccessibilityBundles.framework/Versions/A/AccessibilityBundles
0x00007ff820e8c000 	/usr/lib/libAccessibility.dylib
0x0000000180c80000 	/Users/finngarrels/Desktop/Orientierung & Methoden/Orientierung Projekt Schwarm/Flocking/libopenal.dylib
0x0000000180d23000 	/Users/finngarrels/Desktop/Orientierung & Methoden/Orientierung Projekt Schwarm/Flocking/liblwjgl.dylib
0x00000001808d1000 	/Applications/jmonkeyplatform.app/Contents/Resources/jmonkeyplatform/jdk/lib/libjawt.dylib
0x00007ffa1f900000 	/System/Library/Frameworks/OpenAL.framework/Versions/A/OpenAL
0x00007ff906f8b000 	/System/Library/Frameworks/AVFoundation.framework/Versions/A/AVFoundation
0x00007ff817672000 	/System/Library/PrivateFrameworks/AVFCore.framework/Versions/A/AVFCore
0x00007ff81eca4000 	/System/Library/PrivateFrameworks/AVFCapture.framework/Versions/A/AVFCapture
0x00007ff90599e000 	/System/Library/PrivateFrameworks/AirPlaySync.framework/Versions/A/AirPlaySync
0x00007ffb036ef000 	/System/Library/PrivateFrameworks/CMImaging.framework/Versions/A/CMImaging
0x00007ff81ee23000 	/System/Library/PrivateFrameworks/Quagga.framework/Versions/A/Quagga
0x00007ff81eef5000 	/System/Library/PrivateFrameworks/CMCapture.framework/Versions/A/CMCapture
0x00007ff8126d2000 	/System/Library/Frameworks/CoreMediaIO.framework/Versions/A/CoreMediaIO
0x00007ff907c68000 	/System/Library/PrivateFrameworks/LoggingSupport.framework/Versions/A/LoggingSupport
0x00000001899da000 	/System/Library/Components/CoreAudio.component/Contents/MacOS/CoreAudio
0x000000018bb63000 	/System/Library/Components/AudioDSP.component/Contents/MacOS/AudioDSP
0x00007ffb1fba7000 	/usr/lib/libAudioDSPCore.dylib
0x00007ff819b4c000 	/System/Library/PrivateFrameworks/Espresso.framework/Versions/A/Espresso
0x00007ff819419000 	/System/Library/PrivateFrameworks/AppSupport.framework/Versions/A/AppSupport
0x00007ffa10aa1000 	/System/Library/PrivateFrameworks/ANECompiler.framework/Versions/A/ANECompiler
0x00007ff81b801000 	/System/Library/PrivateFrameworks/AppleNeuralEngine.framework/Versions/A/AppleNeuralEngine
0x00007ffa1e438000 	/System/Library/Frameworks/MetalPerformanceShadersGraph.framework/Versions/A/MetalPerformanceShadersGraph
0x00007ffb0d66d000 	/System/Library/PrivateFrameworks/MilAneflow.framework/Versions/A/MilAneflow
0x00007ff81a938000 	/System/Library/PrivateFrameworks/ANEServices.framework/Versions/A/ANEServices
0x00007ff90be2a000 	/usr/lib/libncurses.5.4.dylib
0x00007ff816158000 	/System/Library/PrivateFrameworks/SystemAdministration.framework/Versions/A/SystemAdministration
0x00007ff8159fe000 	/System/Library/Frameworks/DirectoryService.framework/Versions/A/DirectoryService
0x00007ff819231000 	/System/Library/PrivateFrameworks/DiskImages.framework/Versions/A/DiskImages
0x00007ff80eb17000 	/System/Library/Frameworks/ServiceManagement.framework/Versions/A/ServiceManagement
0x00007ff819411000 	/System/Library/PrivateFrameworks/LoginUIKit.framework/Versions/A/Frameworks/LoginUICore.framework/Versions/A/LoginUICore
0x00007ff810b62000 	/usr/lib/libodfde.dylib
0x00007ff8193a0000 	/usr/lib/libcurl.4.dylib
0x00007ffb201f6000 	/usr/lib/libcrypto.46.dylib
0x00007ffb20896000 	/usr/lib/libssl.48.dylib
0x00007ff8190bf000 	/System/Library/Frameworks/LDAP.framework/Versions/A/LDAP
0x00007ff8190fb000 	/System/Library/PrivateFrameworks/TrustEvaluationAgent.framework/Versions/A/TrustEvaluationAgent
0x00007ff8125ef000 	/usr/lib/libsasl2.2.dylib


VM Arguments:
jvm_args: -Dfile.encoding=UTF-8 
java_command: mygame.Main
java_class_path (initial): /Applications/jmonkeyplatform.app/Contents/Resources/jmonkeyplatform/jmonkeyplatform/libs/jme3-jogg-3.5.2-stable.jar:/Applications/jmonkeyplatform.app/Contents/Resources/jmonkeyplatform/jmonkeyplatform/libs/j-ogg-all-1.0.1.jar:/Applications/jmonkeyplatform.app/Contents/Resources/jmonkeyplatform/jmonkeyplatform/libs/jmf-2.1.1e.jar:/Applications/jmonkeyplatform.app/Contents/Resources/jmonkeyplatform/jmonkeyplatform/libs/jme3-networking-3.5.2-stable.jar:/Applications/jmonkeyplatform.app/Contents/Resources/jmonkeyplatform/jmonkeyplatform/libs/jme3-plugins-3.5.2-stable.jar:/Applications/jmonkeyplatform.app/Contents/Resources/jmonkeyplatform/jmonkeyplatform/libs/gson-2.8.1.jar:/Applications/jmonkeyplatform.app/Contents/Resources/jmonkeyplatform/jmonkeyplatform/libs/jme3-core-3.5.2-stable.jar:/Applications/jmonkeyplatform.app/Contents/Resources/jmonkeyplatform/jmonkeyplatform/libs/jme3-desktop-3.5.2-stable.jar:/Applications/jmonkeyplatform.app/Contents/Resources/jmonkeyplatform/jmonkeyplatform/libs/jme3-lwjgl-3.5.2-stable.jar:/Applications/jmonkeyplatform.app/Contents/Resources/jmonkeyplatform/jmonkeyplatform/libs/jinput-2.0.9.jar:/Applications/jmonkeyplatform.app/Contents/Resources/jmonkeyplatform/jmonkeyplatform/libs/jinput-2.0.9-natives-all.jar:/Applications/jmonkeyplatform.app/Contents/Resources/jmonkeyplatform/jmonkeyplatform/libs/lwjgl-2.9.3.jar:/Applications/jmonkeyplatform.app/Contents/Resources/jmonkeyplatform/jmonkeyplatform/libs/lwjgl-platform-2.9.3-natives-windows.jar:/Applications/jmonkeyplatform.app/Contents/Resources/jmonkeyplatform/jmonkeyplatform/libs/lwjgl-platform-2.9.3-natives-linux.jar:/Applications/jmonkeyplatform.app/Contents/Resources/jmonkeyplatform/jmonkeyplatform/libs/lwjgl-platform-2.9.3-natives-osx.jar:/Applications/jmonkeyplatform.app/Contents/Resources/jmonkeyplatform/jmonkeyplatform/libs/jme3-effects-3.5.2-stable.jar:/Applications/jmonkeyplatform.app/Contents/Resources/jmonkeyplatform/jmonkeyplatform/libs/jme3-te
Launcher Type: SUN_STANDARD

[Global flags]
     intx CICompilerCount                          = 4                                         {product} {ergonomic}
     uint ConcGCThreads                            = 2                                         {product} {ergonomic}
     uint G1ConcRefinementThreads                  = 9                                         {product} {ergonomic}
   size_t G1HeapRegionSize                         = 2097152                                   {product} {ergonomic}
    uintx GCDrainStackTargetSize                   = 64                                        {product} {ergonomic}
   size_t InitialHeapSize                          = 536870912                                 {product} {ergonomic}
   size_t MarkStackSize                            = 4194304                                   {product} {ergonomic}
   size_t MaxHeapSize                              = 8589934592                                {product} {ergonomic}
   size_t MaxNewSize                               = 5152702464                                {product} {ergonomic}
   size_t MinHeapDeltaBytes                        = 2097152                                   {product} {ergonomic}
    uintx NonNMethodCodeHeapSize                   = 5836300                                {pd product} {ergonomic}
    uintx NonProfiledCodeHeapSize                  = 122910970                              {pd product} {ergonomic}
    uintx ProfiledCodeHeapSize                     = 122910970                              {pd product} {ergonomic}
    uintx ReservedCodeCacheSize                    = 251658240                              {pd product} {ergonomic}
     bool SegmentedCodeCache                       = true                                      {product} {ergonomic}
     bool UseCompressedClassPointers               = true                                 {lp64_product} {ergonomic}
     bool UseCompressedOops                        = true                                 {lp64_product} {ergonomic}
     bool UseG1GC                                  = true                                      {product} {ergonomic}

Logging:
Log output configuration:
 #0: stdout all=warning uptime,level,tags
 #1: stderr all=off uptime,level,tags

Environment Variables:
PATH=/usr/bin:/bin:/usr/sbin:/sbin
SHELL=/bin/bash
LC_CTYPE=UTF-8
TMPDIR=/var/folders/5b/z83tfnnd433170md2h6xmk3c0000gn/T/

Signal Handlers:
SIGSEGV: [libjvm.dylib+0x7c85a6], sa_mask[0]=11111111111111111111111111111111, sa_flags=SA_ONSTACK|SA_RESTART|SA_SIGINFO
SIGBUS: [libjvm.dylib+0x7c85a6], sa_mask[0]=11111111111111111111111111111111, sa_flags=SA_RESTART|SA_SIGINFO
SIGFPE: [libjvm.dylib+0x7c85a6], sa_mask[0]=11111111111111111111111111111111, sa_flags=SA_RESTART|SA_SIGINFO
SIGPIPE: [libjvm.dylib+0x62cda2], sa_mask[0]=11111111111111111111111111111111, sa_flags=SA_RESTART|SA_SIGINFO
SIGXFSZ: [libjvm.dylib+0x62cda2], sa_mask[0]=11111111111111111111111111111111, sa_flags=SA_RESTART|SA_SIGINFO
SIGILL: [libjvm.dylib+0x7c85a6], sa_mask[0]=11111111111111111111111111111111, sa_flags=SA_RESTART|SA_SIGINFO
SIGUSR2: [libjvm.dylib+0x62d389], sa_mask[0]=00100000000000000000000000000000, sa_flags=SA_RESTART|SA_SIGINFO
SIGHUP: [libjvm.dylib+0x62bee5], sa_mask[0]=11111111111111111111111111111111, sa_flags=SA_RESTART|SA_SIGINFO
SIGINT: SIG_IGN, sa_mask[0]=11111111011111110111111111111111, sa_flags=none
SIGTERM: [libjvm.dylib+0x62bee5], sa_mask[0]=11111111111111111111111111111111, sa_flags=SA_RESTART|SA_SIGINFO
SIGQUIT: [libjvm.dylib+0x62bee5], sa_mask[0]=11111111111111111111111111111111, sa_flags=SA_RESTART|SA_SIGINFO


---------------  S Y S T E M  ---------------

OS:uname:Darwin 22.3.0 Darwin Kernel Version 22.3.0: Mon Jan 30 20:38:37 PST 2023; root:xnu-8792.81.3~2/RELEASE_ARM64_T6000 x86_64
OS uptime: 1 days 17:09 hours
rlimit (soft/hard): STACK 8176k/65520k , CORE 0k/infinity , NPROC 5333/8000 , NOFILE 10240/infinity , AS infinity/infinity , CPU infinity/infinity , DATA infinity/infinity , FSIZE infinity/infinity , MEMLOCK infinity/infinity , RSS infinity/infinity
load average:4.90 4.93 5.40

CPU:total 10 (initial active 10) (1 cores per cpu, 1 threads per core) family 6 model 44 stepping 0 microcode 0x0, cmov, cx8, fxsr, mmx, sse, sse2, sse3, ssse3, sse4.1, sse4.2, popcnt, aes, clmul, tsc, tscinvbit, tscinv

Memory: 4k page, physical 33554432k(87220k free), swap 3145728k(1255360k free)

vm_info: OpenJDK 64-Bit Server VM (11.0.17+8) for bsd-amd64 JRE (11.0.17+8), built on Oct 19 2022 05:41:33 by "jenkins" with clang 4.2.1 Compatible Apple LLVM 10.0.1 (clang-1001.0.46.4)

END.
